[3.123s] Invoking command in '/home/user/ros2_ws/build/nav2_course': CMAKE_PREFIX_PATH=${CMAKE_PREFIX_PATH}:/home/user/ros2_ws/install/path_planner_server:/home/user/ros2_ws/install/nav2_project:/home/user/ros2_ws/install/map_server:/home/user/ros2_ws/install/localization_server:/home/user/ros2_ws/install/cartographer_slam _=/usr/bin/env /usr/bin/cmake --build /home/user/ros2_ws/build/nav2_course -- -j8 -l8
[6.400s] Invoked command in '/home/user/ros2_ws/build/nav2_course' returned '0': CMAKE_PREFIX_PATH=${CMAKE_PREFIX_PATH}:/home/user/ros2_ws/install/path_planner_server:/home/user/ros2_ws/install/nav2_project:/home/user/ros2_ws/install/map_server:/home/user/ros2_ws/install/localization_server:/home/user/ros2_ws/install/cartographer_slam _=/usr/bin/env /usr/bin/cmake --build /home/user/ros2_ws/build/nav2_course -- -j8 -l8
[6.728s] Invoking command in '/home/user/ros2_ws/build/nav2_course': CMAKE_PREFIX_PATH=${CMAKE_PREFIX_PATH}:/home/user/ros2_ws/install/path_planner_server:/home/user/ros2_ws/install/nav2_project:/home/user/ros2_ws/install/map_server:/home/user/ros2_ws/install/localization_server:/home/user/ros2_ws/install/cartographer_slam _=/usr/bin/env /usr/bin/cmake --install /home/user/ros2_ws/build/nav2_course
[6.818s] -- Install configuration: "Release"
[6.819s] -- Up-to-date: /home/user/ros2_ws/install/nav2_course/share/nav2_course/launch
[6.821s] -- Up-to-date: /home/user/ros2_ws/install/nav2_course/share/nav2_course/launch/tb3_world_navigation_with_tools_launch.py
[6.821s] -- Up-to-date: /home/user/ros2_ws/install/nav2_course/share/nav2_course/launch/localization_launch.py
[6.822s] -- Up-to-date: /home/user/ros2_ws/install/nav2_course/share/nav2_course/launch/nav2_complete.launch.py
[6.822s] -- Up-to-date: /home/user/ros2_ws/install/nav2_course/share/nav2_course/launch/map_saver.launch.py
[6.823s] -- Up-to-date: /home/user/ros2_ws/install/nav2_course/share/nav2_course/launch/navigation2_launch.py
[6.823s] -- Up-to-date: /home/user/ros2_ws/install/nav2_course/share/nav2_course/launch/nav2_demo.launch.py
[6.823s] -- Up-to-date: /home/user/ros2_ws/install/nav2_course/share/nav2_course/launch/map_server_launch.py
[6.823s] -- Up-to-date: /home/user/ros2_ws/install/nav2_course/share/nav2_course/launch/rviz.launch.py
[6.824s] -- Up-to-date: /home/user/ros2_ws/install/nav2_course/share/nav2_course/config
[6.824s] -- Up-to-date: /home/user/ros2_ws/install/nav2_course/share/nav2_course/config/nav2_house_sim_params.yaml
[6.825s] -- Up-to-date: /home/user/ros2_ws/install/nav2_course/share/nav2_course/config/nav2.yaml
[6.825s] -- Up-to-date: /home/user/ros2_ws/install/nav2_course/share/nav2_course/config/default.rviz
[6.825s] -- Up-to-date: /home/user/ros2_ws/install/nav2_course/share/nav2_course/config/turtlebot3_world.pgm
[6.825s] -- Up-to-date: /home/user/ros2_ws/install/nav2_course/share/nav2_course/config/nav2_params.yaml
[6.825s] -- Up-to-date: /home/user/ros2_ws/install/nav2_course/share/nav2_course/config/turtlebot3_world.yaml
[6.825s] -- Up-to-date: /home/user/ros2_ws/install/nav2_course/share/nav2_course/config/nav2_default_view.rviz
[6.826s] -- Up-to-date: /home/user/ros2_ws/install/nav2_course/share/nav2_course/config/navigate_w_replanning_and_recovery.xml
[6.827s] -- Up-to-date: /home/user/ros2_ws/install/nav2_course/share/nav2_course/config/localization_params.yaml
[6.827s] -- Up-to-date: /home/user/ros2_ws/install/nav2_course/share/nav2_course/config/navigate_w_replanning_and_recovery_old.xml
[6.827s] -- Up-to-date: /home/user/ros2_ws/install/nav2_course/share/nav2_course/worlds
[6.828s] -- Up-to-date: /home/user/ros2_ws/install/nav2_course/share/nav2_course/worlds/world_only.model
[6.828s] -- Up-to-date: /home/user/ros2_ws/install/nav2_course/share/nav2_course/worlds/house_waffle.model
[6.828s] -- Up-to-date: /home/user/ros2_ws/install/nav2_course/share/nav2_course/worlds/waffle.model
[6.829s] -- Up-to-date: /home/user/ros2_ws/install/nav2_course/share/nav2_course/maps
[6.829s] -- Up-to-date: /home/user/ros2_ws/install/nav2_course/share/nav2_course/maps/turtlebot_area.pgm
[6.829s] -- Up-to-date: /home/user/ros2_ws/install/nav2_course/share/nav2_course/maps/turtlebot_area.yaml
[6.899s] -- Up-to-date: /home/user/ros2_ws/install/nav2_course/share/ament_index/resource_index/package_run_dependencies/nav2_course
[6.901s] -- Up-to-date: /home/user/ros2_ws/install/nav2_course/share/ament_index/resource_index/parent_prefix_path/nav2_course
[6.901s] -- Up-to-date: /home/user/ros2_ws/install/nav2_course/share/nav2_course/environment/ament_prefix_path.sh
[6.901s] -- Up-to-date: /home/user/ros2_ws/install/nav2_course/share/nav2_course/environment/ament_prefix_path.dsv
[6.901s] -- Up-to-date: /home/user/ros2_ws/install/nav2_course/share/nav2_course/environment/path.sh
[6.901s] -- Up-to-date: /home/user/ros2_ws/install/nav2_course/share/nav2_course/environment/path.dsv
[6.901s] -- Up-to-date: /home/user/ros2_ws/install/nav2_course/share/nav2_course/local_setup.bash
[6.902s] -- Up-to-date: /home/user/ros2_ws/install/nav2_course/share/nav2_course/local_setup.sh
[6.902s] -- Up-to-date: /home/user/ros2_ws/install/nav2_course/share/nav2_course/local_setup.zsh
[6.902s] -- Up-to-date: /home/user/ros2_ws/install/nav2_course/share/nav2_course/local_setup.dsv
[6.902s] -- Installing: /home/user/ros2_ws/install/nav2_course/share/nav2_course/package.dsv
[6.902s] -- Up-to-date: /home/user/ros2_ws/install/nav2_course/share/ament_index/resource_index/packages/nav2_course
[6.902s] -- Up-to-date: /home/user/ros2_ws/install/nav2_course/share/nav2_course/cmake/nav2_courseConfig.cmake
[6.902s] -- Up-to-date: /home/user/ros2_ws/install/nav2_course/share/nav2_course/cmake/nav2_courseConfig-version.cmake
[6.902s] -- Up-to-date: /home/user/ros2_ws/install/nav2_course/share/nav2_course/package.xml
[6.902s] Invoked command in '/home/user/ros2_ws/build/nav2_course' returned '0': CMAKE_PREFIX_PATH=${CMAKE_PREFIX_PATH}:/home/user/ros2_ws/install/path_planner_server:/home/user/ros2_ws/install/nav2_project:/home/user/ros2_ws/install/map_server:/home/user/ros2_ws/install/localization_server:/home/user/ros2_ws/install/cartographer_slam _=/usr/bin/env /usr/bin/cmake --install /home/user/ros2_ws/build/nav2_course
