[4.918s] Invoking command in '/home/user/ros2_ws/src/map_server': PYTHONPATH=/home/user/ros2_ws/build/map_server/prefix_override:/home/user/ros2_ws/install/map_server/lib/python3.10/site-packages:${PYTHONPATH} _=/usr/bin/env /usr/bin/python3 setup.py egg_info --egg-base ../../build/map_server build --build-base /home/user/ros2_ws/build/map_server/build install --record /home/user/ros2_ws/build/map_server/install.log --single-version-externally-managed
[6.295s] running egg_info
[6.297s] writing ../../build/map_server/map_server.egg-info/PKG-INFO
[6.298s] writing dependency_links to ../../build/map_server/map_server.egg-info/dependency_links.txt
[6.298s] writing entry points to ../../build/map_server/map_server.egg-info/entry_points.txt
[6.299s] writing requirements to ../../build/map_server/map_server.egg-info/requires.txt
[6.300s] writing top-level names to ../../build/map_server/map_server.egg-info/top_level.txt
[6.317s] reading manifest file '../../build/map_server/map_server.egg-info/SOURCES.txt'
[6.322s] writing manifest file '../../build/map_server/map_server.egg-info/SOURCES.txt'
[6.322s] running build
[6.389s] running build_py
[6.390s] running install
[6.390s] /usr/lib/python3/dist-packages/setuptools/command/install.py:34: SetuptoolsDeprecationWarning: setup.py install is deprecated. Use build and pip and other standards-based tools.
[6.390s]   warnings.warn(
[6.390s] running install_lib
[6.390s] running install_data
[6.391s] running install_egg_info
[6.391s] removing '/home/user/ros2_ws/install/map_server/lib/python3.10/site-packages/map_server-0.0.0-py3.10.egg-info' (and everything under it)
[6.391s] Copying ../../build/map_server/map_server.egg-info to /home/user/ros2_ws/install/map_server/lib/python3.10/site-packages/map_server-0.0.0-py3.10.egg-info
[6.391s] running install_scripts
[6.426s] writing list of installed files to '/home/user/ros2_ws/build/map_server/install.log'
[6.814s] Invoked command in '/home/user/ros2_ws/src/map_server' returned '0': PYTHONPATH=/home/user/ros2_ws/build/map_server/prefix_override:/home/user/ros2_ws/install/map_server/lib/python3.10/site-packages:${PYTHONPATH} _=/usr/bin/env /usr/bin/python3 setup.py egg_info --egg-base ../../build/map_server build --build-base /home/user/ros2_ws/build/map_server/build install --record /home/user/ros2_ws/build/map_server/install.log --single-version-externally-managed
