[0.984s] Invoking command in '/home/user/ros2_ws/build/nav2_course': CMAKE_PREFIX_PATH=${CMAKE_PREFIX_PATH}:/home/user/ros2_ws/install/map_server:/home/user/ros2_ws/install/nav2_project:/home/user/ros2_ws/install/cartographer_slam _=/usr/bin/env /usr/bin/cmake /home/user/ros2_ws/src/ros2_nav_files/nav2_course -DCMAKE_INSTALL_PREFIX=/home/user/ros2_ws/install/nav2_course
[5.854s] -- The C compiler identification is GNU 11.4.0
[7.337s] -- The CXX compiler identification is GNU 11.4.0
[7.419s] -- Detecting C compiler ABI info
[7.625s] -- Detecting C compiler ABI info - done
[7.636s] -- Check for working C compiler: /usr/bin/cc - skipped
[7.637s] -- Detecting C compile features
[7.696s] -- Detecting C compile features - done
[7.702s] -- Detecting CXX compiler ABI info
[7.871s] -- Detecting CXX compiler ABI info - done
[7.878s] -- Check for working CXX compiler: /usr/bin/c++ - skipped
[7.878s] -- Detecting CXX compile features
[7.879s] -- Detecting CXX compile features - done
[7.897s] -- Found ament_cmake: 1.3.5 (/opt/ros/humble/share/ament_cmake/cmake)
[8.193s] -- Found Python3: /usr/bin/python3.10 (found version "3.10.12") found components: Interpreter 
[8.490s] -- Found nav2_common: 1.1.12 (/opt/ros/humble/share/nav2_common/cmake)
[8.500s] -- Found navigation2: 1.1.6 (/opt/ros/humble/share/navigation2/cmake)
[8.500s] -- Setting build type to Release as none was specified.
[8.506s] -- Found ament_lint_auto: 0.12.8 (/opt/ros/humble/share/ament_lint_auto/cmake)
[8.790s] -- Added test 'copyright' to check source files copyright and LICENSE
[8.797s] -- Added test 'flake8' to check Python code syntax and style conventions
[8.799s] -- Added test 'lint_cmake' to check CMake code style
[8.800s] -- Added test 'pep257' to check Python code against some of the docstring style conventions in PEP 257
[8.804s] -- Added test 'xmllint' to check XML markup files
[8.807s] -- Configuring done
[8.810s] -- Generating done
[8.811s] -- Build files have been written to: /home/user/ros2_ws/build/nav2_course
[8.817s] Invoked command in '/home/user/ros2_ws/build/nav2_course' returned '0': CMAKE_PREFIX_PATH=${CMAKE_PREFIX_PATH}:/home/user/ros2_ws/install/map_server:/home/user/ros2_ws/install/nav2_project:/home/user/ros2_ws/install/cartographer_slam _=/usr/bin/env /usr/bin/cmake /home/user/ros2_ws/src/ros2_nav_files/nav2_course -DCMAKE_INSTALL_PREFIX=/home/user/ros2_ws/install/nav2_course
[8.821s] Invoking command in '/home/user/ros2_ws/build/nav2_course': CMAKE_PREFIX_PATH=${CMAKE_PREFIX_PATH}:/home/user/ros2_ws/install/map_server:/home/user/ros2_ws/install/nav2_project:/home/user/ros2_ws/install/cartographer_slam _=/usr/bin/env /usr/bin/cmake --build /home/user/ros2_ws/build/nav2_course -- -j8 -l8
[8.863s] Invoked command in '/home/user/ros2_ws/build/nav2_course' returned '0': CMAKE_PREFIX_PATH=${CMAKE_PREFIX_PATH}:/home/user/ros2_ws/install/map_server:/home/user/ros2_ws/install/nav2_project:/home/user/ros2_ws/install/cartographer_slam _=/usr/bin/env /usr/bin/cmake --build /home/user/ros2_ws/build/nav2_course -- -j8 -l8
[8.903s] Invoking command in '/home/user/ros2_ws/build/nav2_course': CMAKE_PREFIX_PATH=${CMAKE_PREFIX_PATH}:/home/user/ros2_ws/install/map_server:/home/user/ros2_ws/install/nav2_project:/home/user/ros2_ws/install/cartographer_slam _=/usr/bin/env /usr/bin/cmake --install /home/user/ros2_ws/build/nav2_course
[8.910s] -- Install configuration: "Release"
[8.910s] -- Installing: /home/user/ros2_ws/install/nav2_course/share/nav2_course/launch
[8.910s] -- Installing: /home/user/ros2_ws/install/nav2_course/share/nav2_course/launch/map_saver.launch.py
[8.910s] -- Installing: /home/user/ros2_ws/install/nav2_course/share/nav2_course/launch/localization_launch.py
[8.911s] -- Installing: /home/user/ros2_ws/install/nav2_course/share/nav2_course/launch/rviz.launch.py
[8.911s] -- Installing: /home/user/ros2_ws/install/nav2_course/share/nav2_course/launch/map_server_launch.py
[8.911s] -- Installing: /home/user/ros2_ws/install/nav2_course/share/nav2_course/launch/nav2_demo.launch.py
[8.912s] -- Installing: /home/user/ros2_ws/install/nav2_course/share/nav2_course/launch/tb3_world_navigation_with_tools_launch.py
[8.912s] -- Installing: /home/user/ros2_ws/install/nav2_course/share/nav2_course/launch/nav2_complete.launch.py
[8.912s] -- Installing: /home/user/ros2_ws/install/nav2_course/share/nav2_course/launch/navigation2_launch.py
[8.912s] -- Installing: /home/user/ros2_ws/install/nav2_course/share/nav2_course/config
[8.912s] -- Installing: /home/user/ros2_ws/install/nav2_course/share/nav2_course/config/nav2_house_sim_params.yaml
[8.912s] -- Installing: /home/user/ros2_ws/install/nav2_course/share/nav2_course/config/navigate_w_replanning_and_recovery_old.xml
[8.913s] -- Installing: /home/user/ros2_ws/install/nav2_course/share/nav2_course/config/turtlebot3_world.yaml
[8.913s] -- Installing: /home/user/ros2_ws/install/nav2_course/share/nav2_course/config/turtlebot3_world.pgm
[8.913s] -- Installing: /home/user/ros2_ws/install/nav2_course/share/nav2_course/config/default.rviz
[8.913s] -- Installing: /home/user/ros2_ws/install/nav2_course/share/nav2_course/config/navigate_w_replanning_and_recovery.xml
[8.914s] -- Installing: /home/user/ros2_ws/install/nav2_course/share/nav2_course/config/nav2_default_view.rviz
[8.914s] -- Installing: /home/user/ros2_ws/install/nav2_course/share/nav2_course/config/nav2.yaml
[8.914s] -- Installing: /home/user/ros2_ws/install/nav2_course/share/nav2_course/config/localization_params.yaml
[8.914s] -- Installing: /home/user/ros2_ws/install/nav2_course/share/nav2_course/config/nav2_params.yaml
[8.914s] -- Installing: /home/user/ros2_ws/install/nav2_course/share/nav2_course/worlds
[8.914s] -- Installing: /home/user/ros2_ws/install/nav2_course/share/nav2_course/worlds/waffle.model
[8.914s] -- Installing: /home/user/ros2_ws/install/nav2_course/share/nav2_course/worlds/world_only.model
[8.914s] -- Installing: /home/user/ros2_ws/install/nav2_course/share/nav2_course/worlds/house_waffle.model
[8.915s] -- Installing: /home/user/ros2_ws/install/nav2_course/share/nav2_course/maps
[8.915s] -- Installing: /home/user/ros2_ws/install/nav2_course/share/nav2_course/maps/turtlebot_area.yaml
[8.915s] -- Installing: /home/user/ros2_ws/install/nav2_course/share/nav2_course/maps/turtlebot_area.pgm
[8.915s] -- Installing: /home/user/ros2_ws/install/nav2_course/share/ament_index/resource_index/package_run_dependencies/nav2_course
[8.915s] -- Installing: /home/user/ros2_ws/install/nav2_course/share/ament_index/resource_index/parent_prefix_path/nav2_course
[8.916s] -- Installing: /home/user/ros2_ws/install/nav2_course/share/nav2_course/environment/ament_prefix_path.sh
[8.917s] -- Installing: /home/user/ros2_ws/install/nav2_course/share/nav2_course/environment/ament_prefix_path.dsv
[8.917s] -- Installing: /home/user/ros2_ws/install/nav2_course/share/nav2_course/environment/path.sh
[8.917s] -- Installing: /home/user/ros2_ws/install/nav2_course/share/nav2_course/environment/path.dsv
[8.917s] -- Installing: /home/user/ros2_ws/install/nav2_course/share/nav2_course/local_setup.bash
[8.917s] -- Installing: /home/user/ros2_ws/install/nav2_course/share/nav2_course/local_setup.sh
[8.917s] -- Installing: /home/user/ros2_ws/install/nav2_course/share/nav2_course/local_setup.zsh
[8.917s] -- Installing: /home/user/ros2_ws/install/nav2_course/share/nav2_course/local_setup.dsv
[8.917s] -- Installing: /home/user/ros2_ws/install/nav2_course/share/nav2_course/package.dsv
[8.918s] -- Installing: /home/user/ros2_ws/install/nav2_course/share/ament_index/resource_index/packages/nav2_course
[8.918s] -- Installing: /home/user/ros2_ws/install/nav2_course/share/nav2_course/cmake/nav2_courseConfig.cmake
[8.918s] -- Installing: /home/user/ros2_ws/install/nav2_course/share/nav2_course/cmake/nav2_courseConfig-version.cmake
[8.919s] -- Installing: /home/user/ros2_ws/install/nav2_course/share/nav2_course/package.xml
[8.920s] Invoked command in '/home/user/ros2_ws/build/nav2_course' returned '0': CMAKE_PREFIX_PATH=${CMAKE_PREFIX_PATH}:/home/user/ros2_ws/install/map_server:/home/user/ros2_ws/install/nav2_project:/home/user/ros2_ws/install/cartographer_slam _=/usr/bin/env /usr/bin/cmake --install /home/user/ros2_ws/build/nav2_course
