[0.924s] Invoking command in '/home/user/ros2_ws/src/localization_server': PYTHONPATH=/home/user/ros2_ws/build/localization_server/prefix_override:/home/user/ros2_ws/install/localization_server/lib/python3.10/site-packages:${PYTHONPATH} _=/usr/bin/env /usr/bin/python3 setup.py egg_info --egg-base ../../build/localization_server build --build-base /home/user/ros2_ws/build/localization_server/build install --record /home/user/ros2_ws/build/localization_server/install.log --single-version-externally-managed
[1.235s] running egg_info
[1.237s] writing ../../build/localization_server/localization_server.egg-info/PKG-INFO
[1.237s] writing dependency_links to ../../build/localization_server/localization_server.egg-info/dependency_links.txt
[1.237s] writing entry points to ../../build/localization_server/localization_server.egg-info/entry_points.txt
[1.237s] writing requirements to ../../build/localization_server/localization_server.egg-info/requires.txt
[1.237s] writing top-level names to ../../build/localization_server/localization_server.egg-info/top_level.txt
[1.244s] reading manifest file '../../build/localization_server/localization_server.egg-info/SOURCES.txt'
[1.244s] writing manifest file '../../build/localization_server/localization_server.egg-info/SOURCES.txt'
[1.244s] running build
[1.244s] running build_py
[1.244s] running install
[1.244s] /usr/lib/python3/dist-packages/setuptools/command/install.py:34: SetuptoolsDeprecationWarning: setup.py install is deprecated. Use build and pip and other standards-based tools.
[1.244s]   warnings.warn(
[1.245s] running install_lib
[1.245s] running install_data
[1.245s] copying launch/localization.launch.py -> /home/user/ros2_ws/install/localization_server/share/localization_server/launch
[1.245s] running install_egg_info
[1.247s] removing '/home/user/ros2_ws/install/localization_server/lib/python3.10/site-packages/localization_server-0.0.0-py3.10.egg-info' (and everything under it)
[1.248s] Copying ../../build/localization_server/localization_server.egg-info to /home/user/ros2_ws/install/localization_server/lib/python3.10/site-packages/localization_server-0.0.0-py3.10.egg-info
[1.249s] running install_scripts
[1.277s] writing list of installed files to '/home/user/ros2_ws/build/localization_server/install.log'
[1.307s] Invoked command in '/home/user/ros2_ws/src/localization_server' returned '0': PYTHONPATH=/home/user/ros2_ws/build/localization_server/prefix_override:/home/user/ros2_ws/install/localization_server/lib/python3.10/site-packages:${PYTHONPATH} _=/usr/bin/env /usr/bin/python3 setup.py egg_info --egg-base ../../build/localization_server build --build-base /home/user/ros2_ws/build/localization_server/build install --record /home/user/ros2_ws/build/localization_server/install.log --single-version-externally-managed
