[7.478s] Invoking command in '/home/user/ros2_ws/src/localization_server': PYTHONPATH=/home/user/ros2_ws/build/localization_server/prefix_override:/home/user/ros2_ws/install/localization_server/lib/python3.10/site-packages:${PYTHONPATH} _=/usr/bin/env /usr/bin/python3 setup.py egg_info --egg-base ../../build/localization_server build --build-base /home/user/ros2_ws/build/localization_server/build install --record /home/user/ros2_ws/build/localization_server/install.log --single-version-externally-managed
[8.876s] running egg_info
[8.877s] writing ../../build/localization_server/localization_server.egg-info/PKG-INFO
[8.878s] writing dependency_links to ../../build/localization_server/localization_server.egg-info/dependency_links.txt
[8.878s] writing entry points to ../../build/localization_server/localization_server.egg-info/entry_points.txt
[8.878s] writing requirements to ../../build/localization_server/localization_server.egg-info/requires.txt
[8.878s] writing top-level names to ../../build/localization_server/localization_server.egg-info/top_level.txt
[8.951s] reading manifest file '../../build/localization_server/localization_server.egg-info/SOURCES.txt'
[8.951s] writing manifest file '../../build/localization_server/localization_server.egg-info/SOURCES.txt'
[8.952s] running build
[8.952s] running build_py
[8.952s] running install
[8.952s] running install_lib
[8.955s] /usr/lib/python3/dist-packages/setuptools/command/install.py:34: SetuptoolsDeprecationWarning: setup.py install is deprecated. Use build and pip and other standards-based tools.
[8.955s]   warnings.warn(
[8.956s] running install_data
[8.956s] running install_egg_info
[8.958s] removing '/home/user/ros2_ws/install/localization_server/lib/python3.10/site-packages/localization_server-0.0.0-py3.10.egg-info' (and everything under it)
[8.958s] Copying ../../build/localization_server/localization_server.egg-info to /home/user/ros2_ws/install/localization_server/lib/python3.10/site-packages/localization_server-0.0.0-py3.10.egg-info
[8.961s] running install_scripts
[9.060s] Installing initial_pose_pub script to /home/user/ros2_ws/install/localization_server/lib/localization_server
[9.062s] writing list of installed files to '/home/user/ros2_ws/build/localization_server/install.log'
[9.300s] Invoked command in '/home/user/ros2_ws/src/localization_server' returned '0': PYTHONPATH=/home/user/ros2_ws/build/localization_server/prefix_override:/home/user/ros2_ws/install/localization_server/lib/python3.10/site-packages:${PYTHONPATH} _=/usr/bin/env /usr/bin/python3 setup.py egg_info --egg-base ../../build/localization_server build --build-base /home/user/ros2_ws/build/localization_server/build install --record /home/user/ros2_ws/build/localization_server/install.log --single-version-externally-managed
