[7.233s] Invoking command in '/home/user/ros2_ws/src/localization_server': PYTHONPATH=/home/user/ros2_ws/build/localization_server/prefix_override:/home/user/ros2_ws/install/localization_server/lib/python3.10/site-packages:${PYTHONPATH} _=/usr/bin/env /usr/bin/python3 setup.py egg_info --egg-base ../../build/localization_server build --build-base /home/user/ros2_ws/build/localization_server/build install --record /home/user/ros2_ws/build/localization_server/install.log --single-version-externally-managed
[8.272s] running egg_info
[8.273s] writing ../../build/localization_server/localization_server.egg-info/PKG-INFO
[8.275s] writing dependency_links to ../../build/localization_server/localization_server.egg-info/dependency_links.txt
[8.275s] writing entry points to ../../build/localization_server/localization_server.egg-info/entry_points.txt
[8.275s] writing requirements to ../../build/localization_server/localization_server.egg-info/requires.txt
[8.276s] writing top-level names to ../../build/localization_server/localization_server.egg-info/top_level.txt
[8.279s] reading manifest file '../../build/localization_server/localization_server.egg-info/SOURCES.txt'
[8.280s] writing manifest file '../../build/localization_server/localization_server.egg-info/SOURCES.txt'
[8.280s] running build
[8.280s] running build_py
[8.281s] running install
[8.284s] /usr/lib/python3/dist-packages/setuptools/command/install.py:34: SetuptoolsDeprecationWarning: setup.py install is deprecated. Use build and pip and other standards-based tools.
[8.284s]   warnings.warn(
[8.331s] running install_lib
[8.335s] running install_data
[8.337s] running install_egg_info
[8.341s] removing '/home/user/ros2_ws/install/localization_server/lib/python3.10/site-packages/localization_server-0.0.0-py3.10.egg-info' (and everything under it)
[8.343s] Copying ../../build/localization_server/localization_server.egg-info to /home/user/ros2_ws/install/localization_server/lib/python3.10/site-packages/localization_server-0.0.0-py3.10.egg-info
[8.347s] running install_scripts
[8.449s] Installing initial_pose_pub script to /home/user/ros2_ws/install/localization_server/lib/localization_server
[8.450s] writing list of installed files to '/home/user/ros2_ws/build/localization_server/install.log'
[8.666s] Invoked command in '/home/user/ros2_ws/src/localization_server' returned '0': PYTHONPATH=/home/user/ros2_ws/build/localization_server/prefix_override:/home/user/ros2_ws/install/localization_server/lib/python3.10/site-packages:${PYTHONPATH} _=/usr/bin/env /usr/bin/python3 setup.py egg_info --egg-base ../../build/localization_server build --build-base /home/user/ros2_ws/build/localization_server/build install --record /home/user/ros2_ws/build/localization_server/install.log --single-version-externally-managed
