[7.014s] DEBUG:colcon:Command line arguments: ['/usr/bin/colcon', 'build']
[7.014s] DEBUG:colcon:Parsed command line arguments: Namespace(log_base=None, log_level=None, verb_name='build', build_base='build', install_base='install', merge_install=False, symlink_install=False, test_result_base=None, continue_on_error=False, executor='parallel', parallel_workers=8, event_handlers=None, ignore_user_meta=False, metas=['./colcon.meta'], base_paths=['.'], packages_ignore=None, packages_ignore_regex=None, paths=None, packages_up_to=None, packages_up_to_regex=None, packages_above=None, packages_above_and_dependencies=None, packages_above_depth=None, packages_select_by_dep=None, packages_skip_by_dep=None, packages_skip_up_to=None, packages_select_build_failed=False, packages_skip_build_finished=False, packages_select_test_failures=False, packages_skip_test_passed=False, packages_select=None, packages_skip=None, packages_select_regex=None, packages_skip_regex=None, packages_start=None, packages_end=None, cmake_args=None, cmake_target=None, cmake_target_skip_unavailable=False, cmake_clean_cache=False, cmake_clean_first=False, cmake_force_configure=False, ament_cmake_args=None, catkin_cmake_args=None, catkin_skip_building_tests=False, mixin_files=None, mixin=None, verb_parser=<colcon_mixin.mixin.mixin_argument.MixinArgumentDecorator object at 0x758a1464c310>, verb_extension=<colcon_core.verb.build.BuildVerb object at 0x758a1464ded0>, main=<bound method BuildVerb.main of <colcon_core.verb.build.BuildVerb object at 0x758a1464ded0>>, mixin_verb=('build',))
[7.770s] Level 1:colcon.colcon_core.package_discovery:discover_packages(colcon_meta) check parameters
[7.770s] Level 1:colcon.colcon_core.package_discovery:discover_packages(recursive) check parameters
[7.770s] Level 1:colcon.colcon_core.package_discovery:discover_packages(ignore) check parameters
[7.770s] Level 1:colcon.colcon_core.package_discovery:discover_packages(path) check parameters
[7.770s] Level 1:colcon.colcon_core.package_discovery:discover_packages(colcon_meta) discover
[7.770s] Level 1:colcon.colcon_core.package_discovery:discover_packages(recursive) discover
[7.770s] INFO:colcon.colcon_core.package_discovery:Crawling recursively for packages in '/home/user/ros2_ws'
[7.771s] Level 1:colcon.colcon_core.package_identification:_identify(.) by extensions ['ignore', 'ignore_ament_install']
[7.772s] Level 1:colcon.colcon_core.package_identification:_identify(.) by extension 'ignore'
[7.773s] Level 1:colcon.colcon_core.package_identification:_identify(.) by extension 'ignore_ament_install'
[7.773s] Level 1:colcon.colcon_core.package_identification:_identify(.) by extensions ['colcon_pkg']
[7.773s] Level 1:colcon.colcon_core.package_identification:_identify(.) by extension 'colcon_pkg'
[7.773s] Level 1:colcon.colcon_core.package_identification:_identify(.) by extensions ['colcon_meta']
[7.773s] Level 1:colcon.colcon_core.package_identification:_identify(.) by extension 'colcon_meta'
[7.773s] Level 1:colcon.colcon_core.package_identification:_identify(.) by extensions ['ros']
[7.774s] Level 1:colcon.colcon_core.package_identification:_identify(.) by extension 'ros'
[7.932s] Level 1:colcon.colcon_core.package_identification:_identify(.) by extensions ['cmake', 'python']
[7.932s] Level 1:colcon.colcon_core.package_identification:_identify(.) by extension 'cmake'
[7.933s] Level 1:colcon.colcon_core.package_identification:_identify(.) by extension 'python'
[7.933s] Level 1:colcon.colcon_core.package_identification:_identify(.) by extensions ['python_setup_py']
[7.934s] Level 1:colcon.colcon_core.package_identification:_identify(.) by extension 'python_setup_py'
[7.934s] Level 1:colcon.colcon_core.package_identification:_identify(build) by extensions ['ignore', 'ignore_ament_install']
[7.937s] Level 1:colcon.colcon_core.package_identification:_identify(build) by extension 'ignore'
[7.937s] Level 1:colcon.colcon_core.package_identification:_identify(build) ignored
[7.937s] Level 1:colcon.colcon_core.package_identification:_identify(install) by extensions ['ignore', 'ignore_ament_install']
[7.938s] Level 1:colcon.colcon_core.package_identification:_identify(install) by extension 'ignore'
[7.938s] Level 1:colcon.colcon_core.package_identification:_identify(install) ignored
[7.938s] Level 1:colcon.colcon_core.package_identification:_identify(log) by extensions ['ignore', 'ignore_ament_install']
[7.938s] Level 1:colcon.colcon_core.package_identification:_identify(log) by extension 'ignore'
[7.938s] Level 1:colcon.colcon_core.package_identification:_identify(log) ignored
[7.939s] Level 1:colcon.colcon_core.package_identification:_identify(src) by extensions ['ignore', 'ignore_ament_install']
[7.939s] Level 1:colcon.colcon_core.package_identification:_identify(src) by extension 'ignore'
[7.939s] Level 1:colcon.colcon_core.package_identification:_identify(src) by extension 'ignore_ament_install'
[7.939s] Level 1:colcon.colcon_core.package_identification:_identify(src) by extensions ['colcon_pkg']
[7.940s] Level 1:colcon.colcon_core.package_identification:_identify(src) by extension 'colcon_pkg'
[7.940s] Level 1:colcon.colcon_core.package_identification:_identify(src) by extensions ['colcon_meta']
[7.940s] Level 1:colcon.colcon_core.package_identification:_identify(src) by extension 'colcon_meta'
[7.940s] Level 1:colcon.colcon_core.package_identification:_identify(src) by extensions ['ros']
[7.940s] Level 1:colcon.colcon_core.package_identification:_identify(src) by extension 'ros'
[7.941s] Level 1:colcon.colcon_core.package_identification:_identify(src) by extensions ['cmake', 'python']
[7.941s] Level 1:colcon.colcon_core.package_identification:_identify(src) by extension 'cmake'
[7.941s] Level 1:colcon.colcon_core.package_identification:_identify(src) by extension 'python'
[7.941s] Level 1:colcon.colcon_core.package_identification:_identify(src) by extensions ['python_setup_py']
[7.941s] Level 1:colcon.colcon_core.package_identification:_identify(src) by extension 'python_setup_py'
[7.941s] Level 1:colcon.colcon_core.package_identification:_identify(src/cartographer_slam) by extensions ['ignore', 'ignore_ament_install']
[7.941s] Level 1:colcon.colcon_core.package_identification:_identify(src/cartographer_slam) by extension 'ignore'
[7.941s] Level 1:colcon.colcon_core.package_identification:_identify(src/cartographer_slam) by extension 'ignore_ament_install'
[7.941s] Level 1:colcon.colcon_core.package_identification:_identify(src/cartographer_slam) by extensions ['colcon_pkg']
[7.941s] Level 1:colcon.colcon_core.package_identification:_identify(src/cartographer_slam) by extension 'colcon_pkg'
[7.941s] Level 1:colcon.colcon_core.package_identification:_identify(src/cartographer_slam) by extensions ['colcon_meta']
[7.942s] Level 1:colcon.colcon_core.package_identification:_identify(src/cartographer_slam) by extension 'colcon_meta'
[7.942s] Level 1:colcon.colcon_core.package_identification:_identify(src/cartographer_slam) by extensions ['ros']
[7.942s] Level 1:colcon.colcon_core.package_identification:_identify(src/cartographer_slam) by extension 'ros'
[7.949s] DEBUG:colcon.colcon_core.package_identification:Package 'src/cartographer_slam' with type 'ros.ament_python' and name 'cartographer_slam'
[7.949s] Level 1:colcon.colcon_core.package_identification:_identify(src/localization_server) by extensions ['ignore', 'ignore_ament_install']
[7.949s] Level 1:colcon.colcon_core.package_identification:_identify(src/localization_server) by extension 'ignore'
[7.950s] Level 1:colcon.colcon_core.package_identification:_identify(src/localization_server) by extension 'ignore_ament_install'
[7.950s] Level 1:colcon.colcon_core.package_identification:_identify(src/localization_server) by extensions ['colcon_pkg']
[7.950s] Level 1:colcon.colcon_core.package_identification:_identify(src/localization_server) by extension 'colcon_pkg'
[7.950s] Level 1:colcon.colcon_core.package_identification:_identify(src/localization_server) by extensions ['colcon_meta']
[7.950s] Level 1:colcon.colcon_core.package_identification:_identify(src/localization_server) by extension 'colcon_meta'
[7.950s] Level 1:colcon.colcon_core.package_identification:_identify(src/localization_server) by extensions ['ros']
[7.950s] Level 1:colcon.colcon_core.package_identification:_identify(src/localization_server) by extension 'ros'
[7.952s] DEBUG:colcon.colcon_core.package_identification:Package 'src/localization_server' with type 'ros.ament_python' and name 'localization_server'
[7.953s] Level 1:colcon.colcon_core.package_identification:_identify(src/map_server) by extensions ['ignore', 'ignore_ament_install']
[7.953s] Level 1:colcon.colcon_core.package_identification:_identify(src/map_server) by extension 'ignore'
[7.953s] Level 1:colcon.colcon_core.package_identification:_identify(src/map_server) by extension 'ignore_ament_install'
[7.954s] Level 1:colcon.colcon_core.package_identification:_identify(src/map_server) by extensions ['colcon_pkg']
[7.955s] Level 1:colcon.colcon_core.package_identification:_identify(src/map_server) by extension 'colcon_pkg'
[7.955s] Level 1:colcon.colcon_core.package_identification:_identify(src/map_server) by extensions ['colcon_meta']
[7.955s] Level 1:colcon.colcon_core.package_identification:_identify(src/map_server) by extension 'colcon_meta'
[7.955s] Level 1:colcon.colcon_core.package_identification:_identify(src/map_server) by extensions ['ros']
[7.955s] Level 1:colcon.colcon_core.package_identification:_identify(src/map_server) by extension 'ros'
[7.956s] DEBUG:colcon.colcon_core.package_identification:Package 'src/map_server' with type 'ros.ament_python' and name 'map_server'
[7.956s] Level 1:colcon.colcon_core.package_identification:_identify(src/path_planner_server) by extensions ['ignore', 'ignore_ament_install']
[7.956s] Level 1:colcon.colcon_core.package_identification:_identify(src/path_planner_server) by extension 'ignore'
[7.956s] Level 1:colcon.colcon_core.package_identification:_identify(src/path_planner_server) by extension 'ignore_ament_install'
[7.956s] Level 1:colcon.colcon_core.package_identification:_identify(src/path_planner_server) by extensions ['colcon_pkg']
[7.956s] Level 1:colcon.colcon_core.package_identification:_identify(src/path_planner_server) by extension 'colcon_pkg'
[7.957s] Level 1:colcon.colcon_core.package_identification:_identify(src/path_planner_server) by extensions ['colcon_meta']
[7.957s] Level 1:colcon.colcon_core.package_identification:_identify(src/path_planner_server) by extension 'colcon_meta'
[7.957s] Level 1:colcon.colcon_core.package_identification:_identify(src/path_planner_server) by extensions ['ros']
[7.957s] Level 1:colcon.colcon_core.package_identification:_identify(src/path_planner_server) by extension 'ros'
[7.958s] DEBUG:colcon.colcon_core.package_identification:Package 'src/path_planner_server' with type 'ros.ament_python' and name 'path_planner_server'
[7.959s] Level 1:colcon.colcon_core.package_identification:_identify(src/ros2_nav_files) by extensions ['ignore', 'ignore_ament_install']
[7.959s] Level 1:colcon.colcon_core.package_identification:_identify(src/ros2_nav_files) by extension 'ignore'
[7.960s] Level 1:colcon.colcon_core.package_identification:_identify(src/ros2_nav_files) by extension 'ignore_ament_install'
[7.960s] Level 1:colcon.colcon_core.package_identification:_identify(src/ros2_nav_files) by extensions ['colcon_pkg']
[7.960s] Level 1:colcon.colcon_core.package_identification:_identify(src/ros2_nav_files) by extension 'colcon_pkg'
[7.960s] Level 1:colcon.colcon_core.package_identification:_identify(src/ros2_nav_files) by extensions ['colcon_meta']
[7.960s] Level 1:colcon.colcon_core.package_identification:_identify(src/ros2_nav_files) by extension 'colcon_meta'
[7.960s] Level 1:colcon.colcon_core.package_identification:_identify(src/ros2_nav_files) by extensions ['ros']
[7.960s] Level 1:colcon.colcon_core.package_identification:_identify(src/ros2_nav_files) by extension 'ros'
[7.960s] Level 1:colcon.colcon_core.package_identification:_identify(src/ros2_nav_files) by extensions ['cmake', 'python']
[7.960s] Level 1:colcon.colcon_core.package_identification:_identify(src/ros2_nav_files) by extension 'cmake'
[7.960s] Level 1:colcon.colcon_core.package_identification:_identify(src/ros2_nav_files) by extension 'python'
[7.960s] Level 1:colcon.colcon_core.package_identification:_identify(src/ros2_nav_files) by extensions ['python_setup_py']
[7.961s] Level 1:colcon.colcon_core.package_identification:_identify(src/ros2_nav_files) by extension 'python_setup_py'
[7.961s] Level 1:colcon.colcon_core.package_identification:_identify(src/ros2_nav_files/nav2_course) by extensions ['ignore', 'ignore_ament_install']
[7.961s] Level 1:colcon.colcon_core.package_identification:_identify(src/ros2_nav_files/nav2_course) by extension 'ignore'
[7.961s] Level 1:colcon.colcon_core.package_identification:_identify(src/ros2_nav_files/nav2_course) by extension 'ignore_ament_install'
[7.961s] Level 1:colcon.colcon_core.package_identification:_identify(src/ros2_nav_files/nav2_course) by extensions ['colcon_pkg']
[7.961s] Level 1:colcon.colcon_core.package_identification:_identify(src/ros2_nav_files/nav2_course) by extension 'colcon_pkg'
[7.961s] Level 1:colcon.colcon_core.package_identification:_identify(src/ros2_nav_files/nav2_course) by extensions ['colcon_meta']
[7.961s] Level 1:colcon.colcon_core.package_identification:_identify(src/ros2_nav_files/nav2_course) by extension 'colcon_meta'
[7.961s] Level 1:colcon.colcon_core.package_identification:_identify(src/ros2_nav_files/nav2_course) by extensions ['ros']
[7.962s] Level 1:colcon.colcon_core.package_identification:_identify(src/ros2_nav_files/nav2_course) by extension 'ros'
[7.964s] DEBUG:colcon.colcon_core.package_identification:Package 'src/ros2_nav_files/nav2_course' with type 'ros.ament_cmake' and name 'nav2_course'
[7.964s] Level 1:colcon.colcon_core.package_identification:_identify(src/ros2_nav_files/nav2_project) by extensions ['ignore', 'ignore_ament_install']
[7.964s] Level 1:colcon.colcon_core.package_identification:_identify(src/ros2_nav_files/nav2_project) by extension 'ignore'
[7.964s] Level 1:colcon.colcon_core.package_identification:_identify(src/ros2_nav_files/nav2_project) by extension 'ignore_ament_install'
[7.964s] Level 1:colcon.colcon_core.package_identification:_identify(src/ros2_nav_files/nav2_project) by extensions ['colcon_pkg']
[7.964s] Level 1:colcon.colcon_core.package_identification:_identify(src/ros2_nav_files/nav2_project) by extension 'colcon_pkg'
[7.965s] Level 1:colcon.colcon_core.package_identification:_identify(src/ros2_nav_files/nav2_project) by extensions ['colcon_meta']
[7.965s] Level 1:colcon.colcon_core.package_identification:_identify(src/ros2_nav_files/nav2_project) by extension 'colcon_meta'
[7.965s] Level 1:colcon.colcon_core.package_identification:_identify(src/ros2_nav_files/nav2_project) by extensions ['ros']
[7.967s] Level 1:colcon.colcon_core.package_identification:_identify(src/ros2_nav_files/nav2_project) by extension 'ros'
[7.969s] DEBUG:colcon.colcon_core.package_identification:Package 'src/ros2_nav_files/nav2_project' with type 'ros.ament_python' and name 'nav2_project'
[7.970s] Level 1:colcon.colcon_core.package_identification:_identify(src/ros2_nav_files/rviz) by extensions ['ignore', 'ignore_ament_install']
[7.970s] Level 1:colcon.colcon_core.package_identification:_identify(src/ros2_nav_files/rviz) by extension 'ignore'
[7.970s] Level 1:colcon.colcon_core.package_identification:_identify(src/ros2_nav_files/rviz) by extension 'ignore_ament_install'
[7.970s] Level 1:colcon.colcon_core.package_identification:_identify(src/ros2_nav_files/rviz) by extensions ['colcon_pkg']
[7.970s] Level 1:colcon.colcon_core.package_identification:_identify(src/ros2_nav_files/rviz) by extension 'colcon_pkg'
[7.970s] Level 1:colcon.colcon_core.package_identification:_identify(src/ros2_nav_files/rviz) by extensions ['colcon_meta']
[7.970s] Level 1:colcon.colcon_core.package_identification:_identify(src/ros2_nav_files/rviz) by extension 'colcon_meta'
[7.970s] Level 1:colcon.colcon_core.package_identification:_identify(src/ros2_nav_files/rviz) by extensions ['ros']
[7.970s] Level 1:colcon.colcon_core.package_identification:_identify(src/ros2_nav_files/rviz) by extension 'ros'
[7.971s] Level 1:colcon.colcon_core.package_identification:_identify(src/ros2_nav_files/rviz) by extensions ['cmake', 'python']
[7.971s] Level 1:colcon.colcon_core.package_identification:_identify(src/ros2_nav_files/rviz) by extension 'cmake'
[7.971s] Level 1:colcon.colcon_core.package_identification:_identify(src/ros2_nav_files/rviz) by extension 'python'
[7.971s] Level 1:colcon.colcon_core.package_identification:_identify(src/ros2_nav_files/rviz) by extensions ['python_setup_py']
[7.971s] Level 1:colcon.colcon_core.package_identification:_identify(src/ros2_nav_files/rviz) by extension 'python_setup_py'
[7.971s] Level 1:colcon.colcon_core.package_discovery:discover_packages(recursive) using defaults
[7.971s] Level 1:colcon.colcon_core.package_discovery:discover_packages(ignore) discover
[7.971s] Level 1:colcon.colcon_core.package_discovery:discover_packages(ignore) using defaults
[7.971s] Level 1:colcon.colcon_core.package_discovery:discover_packages(path) discover
[7.971s] Level 1:colcon.colcon_core.package_discovery:discover_packages(path) using defaults
[8.227s] Level 5:colcon.colcon_core.verb:set package 'cartographer_slam' build argument 'cmake_args' from command line to 'None'
[8.227s] Level 5:colcon.colcon_core.verb:set package 'cartographer_slam' build argument 'cmake_target' from command line to 'None'
[8.227s] Level 5:colcon.colcon_core.verb:set package 'cartographer_slam' build argument 'cmake_target_skip_unavailable' from command line to 'False'
[8.227s] Level 5:colcon.colcon_core.verb:set package 'cartographer_slam' build argument 'cmake_clean_cache' from command line to 'False'
[8.227s] Level 5:colcon.colcon_core.verb:set package 'cartographer_slam' build argument 'cmake_clean_first' from command line to 'False'
[8.227s] Level 5:colcon.colcon_core.verb:set package 'cartographer_slam' build argument 'cmake_force_configure' from command line to 'False'
[8.227s] Level 5:colcon.colcon_core.verb:set package 'cartographer_slam' build argument 'ament_cmake_args' from command line to 'None'
[8.227s] Level 5:colcon.colcon_core.verb:set package 'cartographer_slam' build argument 'catkin_cmake_args' from command line to 'None'
[8.227s] Level 5:colcon.colcon_core.verb:set package 'cartographer_slam' build argument 'catkin_skip_building_tests' from command line to 'False'
[8.228s] DEBUG:colcon.colcon_core.verb:Building package 'cartographer_slam' with the following arguments: {'ament_cmake_args': None, 'build_base': '/home/user/ros2_ws/build/cartographer_slam', 'catkin_cmake_args': None, 'catkin_skip_building_tests': False, 'cmake_args': None, 'cmake_clean_cache': False, 'cmake_clean_first': False, 'cmake_force_configure': False, 'cmake_target': None, 'cmake_target_skip_unavailable': False, 'install_base': '/home/user/ros2_ws/install/cartographer_slam', 'merge_install': False, 'path': '/home/user/ros2_ws/src/cartographer_slam', 'symlink_install': False, 'test_result_base': None}
[8.248s] Level 5:colcon.colcon_core.verb:set package 'localization_server' build argument 'cmake_args' from command line to 'None'
[8.248s] Level 5:colcon.colcon_core.verb:set package 'localization_server' build argument 'cmake_target' from command line to 'None'
[8.248s] Level 5:colcon.colcon_core.verb:set package 'localization_server' build argument 'cmake_target_skip_unavailable' from command line to 'False'
[8.249s] Level 5:colcon.colcon_core.verb:set package 'localization_server' build argument 'cmake_clean_cache' from command line to 'False'
[8.249s] Level 5:colcon.colcon_core.verb:set package 'localization_server' build argument 'cmake_clean_first' from command line to 'False'
[8.249s] Level 5:colcon.colcon_core.verb:set package 'localization_server' build argument 'cmake_force_configure' from command line to 'False'
[8.249s] Level 5:colcon.colcon_core.verb:set package 'localization_server' build argument 'ament_cmake_args' from command line to 'None'
[8.249s] Level 5:colcon.colcon_core.verb:set package 'localization_server' build argument 'catkin_cmake_args' from command line to 'None'
[8.249s] Level 5:colcon.colcon_core.verb:set package 'localization_server' build argument 'catkin_skip_building_tests' from command line to 'False'
[8.249s] DEBUG:colcon.colcon_core.verb:Building package 'localization_server' with the following arguments: {'ament_cmake_args': None, 'build_base': '/home/user/ros2_ws/build/localization_server', 'catkin_cmake_args': None, 'catkin_skip_building_tests': False, 'cmake_args': None, 'cmake_clean_cache': False, 'cmake_clean_first': False, 'cmake_force_configure': False, 'cmake_target': None, 'cmake_target_skip_unavailable': False, 'install_base': '/home/user/ros2_ws/install/localization_server', 'merge_install': False, 'path': '/home/user/ros2_ws/src/localization_server', 'symlink_install': False, 'test_result_base': None}
[8.275s] Level 5:colcon.colcon_core.verb:set package 'map_server' build argument 'cmake_args' from command line to 'None'
[8.275s] Level 5:colcon.colcon_core.verb:set package 'map_server' build argument 'cmake_target' from command line to 'None'
[8.275s] Level 5:colcon.colcon_core.verb:set package 'map_server' build argument 'cmake_target_skip_unavailable' from command line to 'False'
[8.275s] Level 5:colcon.colcon_core.verb:set package 'map_server' build argument 'cmake_clean_cache' from command line to 'False'
[8.275s] Level 5:colcon.colcon_core.verb:set package 'map_server' build argument 'cmake_clean_first' from command line to 'False'
[8.275s] Level 5:colcon.colcon_core.verb:set package 'map_server' build argument 'cmake_force_configure' from command line to 'False'
[8.275s] Level 5:colcon.colcon_core.verb:set package 'map_server' build argument 'ament_cmake_args' from command line to 'None'
[8.275s] Level 5:colcon.colcon_core.verb:set package 'map_server' build argument 'catkin_cmake_args' from command line to 'None'
[8.275s] Level 5:colcon.colcon_core.verb:set package 'map_server' build argument 'catkin_skip_building_tests' from command line to 'False'
[8.275s] DEBUG:colcon.colcon_core.verb:Building package 'map_server' with the following arguments: {'ament_cmake_args': None, 'build_base': '/home/user/ros2_ws/build/map_server', 'catkin_cmake_args': None, 'catkin_skip_building_tests': False, 'cmake_args': None, 'cmake_clean_cache': False, 'cmake_clean_first': False, 'cmake_force_configure': False, 'cmake_target': None, 'cmake_target_skip_unavailable': False, 'install_base': '/home/user/ros2_ws/install/map_server', 'merge_install': False, 'path': '/home/user/ros2_ws/src/map_server', 'symlink_install': False, 'test_result_base': None}
[8.299s] Level 5:colcon.colcon_core.verb:set package 'nav2_course' build argument 'cmake_args' from command line to 'None'
[8.299s] Level 5:colcon.colcon_core.verb:set package 'nav2_course' build argument 'cmake_target' from command line to 'None'
[8.299s] Level 5:colcon.colcon_core.verb:set package 'nav2_course' build argument 'cmake_target_skip_unavailable' from command line to 'False'
[8.299s] Level 5:colcon.colcon_core.verb:set package 'nav2_course' build argument 'cmake_clean_cache' from command line to 'False'
[8.299s] Level 5:colcon.colcon_core.verb:set package 'nav2_course' build argument 'cmake_clean_first' from command line to 'False'
[8.299s] Level 5:colcon.colcon_core.verb:set package 'nav2_course' build argument 'cmake_force_configure' from command line to 'False'
[8.299s] Level 5:colcon.colcon_core.verb:set package 'nav2_course' build argument 'ament_cmake_args' from command line to 'None'
[8.299s] Level 5:colcon.colcon_core.verb:set package 'nav2_course' build argument 'catkin_cmake_args' from command line to 'None'
[8.299s] Level 5:colcon.colcon_core.verb:set package 'nav2_course' build argument 'catkin_skip_building_tests' from command line to 'False'
[8.299s] DEBUG:colcon.colcon_core.verb:Building package 'nav2_course' with the following arguments: {'ament_cmake_args': None, 'build_base': '/home/user/ros2_ws/build/nav2_course', 'catkin_cmake_args': None, 'catkin_skip_building_tests': False, 'cmake_args': None, 'cmake_clean_cache': False, 'cmake_clean_first': False, 'cmake_force_configure': False, 'cmake_target': None, 'cmake_target_skip_unavailable': False, 'install_base': '/home/user/ros2_ws/install/nav2_course', 'merge_install': False, 'path': '/home/user/ros2_ws/src/ros2_nav_files/nav2_course', 'symlink_install': False, 'test_result_base': None}
[8.319s] Level 5:colcon.colcon_core.verb:set package 'nav2_project' build argument 'cmake_args' from command line to 'None'
[8.320s] Level 5:colcon.colcon_core.verb:set package 'nav2_project' build argument 'cmake_target' from command line to 'None'
[8.320s] Level 5:colcon.colcon_core.verb:set package 'nav2_project' build argument 'cmake_target_skip_unavailable' from command line to 'False'
[8.320s] Level 5:colcon.colcon_core.verb:set package 'nav2_project' build argument 'cmake_clean_cache' from command line to 'False'
[8.320s] Level 5:colcon.colcon_core.verb:set package 'nav2_project' build argument 'cmake_clean_first' from command line to 'False'
[8.320s] Level 5:colcon.colcon_core.verb:set package 'nav2_project' build argument 'cmake_force_configure' from command line to 'False'
[8.320s] Level 5:colcon.colcon_core.verb:set package 'nav2_project' build argument 'ament_cmake_args' from command line to 'None'
[8.320s] Level 5:colcon.colcon_core.verb:set package 'nav2_project' build argument 'catkin_cmake_args' from command line to 'None'
[8.320s] Level 5:colcon.colcon_core.verb:set package 'nav2_project' build argument 'catkin_skip_building_tests' from command line to 'False'
[8.320s] DEBUG:colcon.colcon_core.verb:Building package 'nav2_project' with the following arguments: {'ament_cmake_args': None, 'build_base': '/home/user/ros2_ws/build/nav2_project', 'catkin_cmake_args': None, 'catkin_skip_building_tests': False, 'cmake_args': None, 'cmake_clean_cache': False, 'cmake_clean_first': False, 'cmake_force_configure': False, 'cmake_target': None, 'cmake_target_skip_unavailable': False, 'install_base': '/home/user/ros2_ws/install/nav2_project', 'merge_install': False, 'path': '/home/user/ros2_ws/src/ros2_nav_files/nav2_project', 'symlink_install': False, 'test_result_base': None}
[8.340s] Level 5:colcon.colcon_core.verb:set package 'path_planner_server' build argument 'cmake_args' from command line to 'None'
[8.340s] Level 5:colcon.colcon_core.verb:set package 'path_planner_server' build argument 'cmake_target' from command line to 'None'
[8.340s] Level 5:colcon.colcon_core.verb:set package 'path_planner_server' build argument 'cmake_target_skip_unavailable' from command line to 'False'
[8.340s] Level 5:colcon.colcon_core.verb:set package 'path_planner_server' build argument 'cmake_clean_cache' from command line to 'False'
[8.340s] Level 5:colcon.colcon_core.verb:set package 'path_planner_server' build argument 'cmake_clean_first' from command line to 'False'
[8.340s] Level 5:colcon.colcon_core.verb:set package 'path_planner_server' build argument 'cmake_force_configure' from command line to 'False'
[8.340s] Level 5:colcon.colcon_core.verb:set package 'path_planner_server' build argument 'ament_cmake_args' from command line to 'None'
[8.340s] Level 5:colcon.colcon_core.verb:set package 'path_planner_server' build argument 'catkin_cmake_args' from command line to 'None'
[8.340s] Level 5:colcon.colcon_core.verb:set package 'path_planner_server' build argument 'catkin_skip_building_tests' from command line to 'False'
[8.340s] DEBUG:colcon.colcon_core.verb:Building package 'path_planner_server' with the following arguments: {'ament_cmake_args': None, 'build_base': '/home/user/ros2_ws/build/path_planner_server', 'catkin_cmake_args': None, 'catkin_skip_building_tests': False, 'cmake_args': None, 'cmake_clean_cache': False, 'cmake_clean_first': False, 'cmake_force_configure': False, 'cmake_target': None, 'cmake_target_skip_unavailable': False, 'install_base': '/home/user/ros2_ws/install/path_planner_server', 'merge_install': False, 'path': '/home/user/ros2_ws/src/path_planner_server', 'symlink_install': False, 'test_result_base': None}
[8.362s] INFO:colcon.colcon_core.executor:Executing jobs using 'parallel' executor
[8.384s] DEBUG:colcon.colcon_parallel_executor.executor.parallel:run_until_complete
[8.384s] INFO:colcon.colcon_ros.task.ament_python.build:Building ROS package in '/home/user/ros2_ws/src/cartographer_slam' with build type 'ament_python'
[8.384s] Level 1:colcon.colcon_core.shell:create_environment_hook('cartographer_slam', 'ament_prefix_path')
[8.503s] INFO:colcon.colcon_core.plugin_system:Skipping extension 'colcon_core.shell.bat': Not used on non-Windows systems
[8.503s] INFO:colcon.colcon_core.shell:Creating environment hook '/home/user/ros2_ws/install/cartographer_slam/share/cartographer_slam/hook/ament_prefix_path.ps1'
[8.506s] INFO:colcon.colcon_core.shell:Creating environment descriptor '/home/user/ros2_ws/install/cartographer_slam/share/cartographer_slam/hook/ament_prefix_path.dsv'
[8.508s] INFO:colcon.colcon_core.shell:Creating environment hook '/home/user/ros2_ws/install/cartographer_slam/share/cartographer_slam/hook/ament_prefix_path.sh'
[8.538s] INFO:colcon.colcon_core.shell:Skip shell extension 'powershell' for command environment: Not usable outside of PowerShell
[8.538s] DEBUG:colcon.colcon_core.shell:Skip shell extension 'dsv' for command environment
[8.623s] INFO:colcon.colcon_ros.task.ament_python.build:Building ROS package in '/home/user/ros2_ws/src/localization_server' with build type 'ament_python'
[8.623s] Level 1:colcon.colcon_core.shell:create_environment_hook('localization_server', 'ament_prefix_path')
[8.663s] INFO:colcon.colcon_core.shell:Creating environment hook '/home/user/ros2_ws/install/localization_server/share/localization_server/hook/ament_prefix_path.ps1'
[8.664s] INFO:colcon.colcon_core.shell:Creating environment descriptor '/home/user/ros2_ws/install/localization_server/share/localization_server/hook/ament_prefix_path.dsv'
[8.664s] INFO:colcon.colcon_core.shell:Creating environment hook '/home/user/ros2_ws/install/localization_server/share/localization_server/hook/ament_prefix_path.sh'
[8.699s] INFO:colcon.colcon_core.shell:Skip shell extension 'powershell' for command environment: Not usable outside of PowerShell
[8.699s] DEBUG:colcon.colcon_core.shell:Skip shell extension 'dsv' for command environment
[8.768s] INFO:colcon.colcon_ros.task.ament_python.build:Building ROS package in '/home/user/ros2_ws/src/map_server' with build type 'ament_python'
[8.769s] Level 1:colcon.colcon_core.shell:create_environment_hook('map_server', 'ament_prefix_path')
[8.814s] INFO:colcon.colcon_core.shell:Creating environment hook '/home/user/ros2_ws/install/map_server/share/map_server/hook/ament_prefix_path.ps1'
[8.815s] INFO:colcon.colcon_core.shell:Creating environment descriptor '/home/user/ros2_ws/install/map_server/share/map_server/hook/ament_prefix_path.dsv'
[8.816s] INFO:colcon.colcon_core.shell:Creating environment hook '/home/user/ros2_ws/install/map_server/share/map_server/hook/ament_prefix_path.sh'
[8.858s] INFO:colcon.colcon_core.shell:Skip shell extension 'powershell' for command environment: Not usable outside of PowerShell
[8.858s] DEBUG:colcon.colcon_core.shell:Skip shell extension 'dsv' for command environment
[8.923s] INFO:colcon.colcon_ros.task.ament_cmake.build:Building ROS package in '/home/user/ros2_ws/src/ros2_nav_files/nav2_course' with build type 'ament_cmake'
[8.924s] INFO:colcon.colcon_cmake.task.cmake.build:Building CMake package in '/home/user/ros2_ws/src/ros2_nav_files/nav2_course'
[8.962s] INFO:colcon.colcon_core.shell:Skip shell extension 'powershell' for command environment: Not usable outside of PowerShell
[8.962s] DEBUG:colcon.colcon_core.shell:Skip shell extension 'dsv' for command environment
[9.036s] INFO:colcon.colcon_ros.task.ament_python.build:Building ROS package in '/home/user/ros2_ws/src/ros2_nav_files/nav2_project' with build type 'ament_python'
[9.036s] Level 1:colcon.colcon_core.shell:create_environment_hook('nav2_project', 'ament_prefix_path')
[9.094s] INFO:colcon.colcon_core.shell:Creating environment hook '/home/user/ros2_ws/install/nav2_project/share/nav2_project/hook/ament_prefix_path.ps1'
[9.096s] INFO:colcon.colcon_core.shell:Creating environment descriptor '/home/user/ros2_ws/install/nav2_project/share/nav2_project/hook/ament_prefix_path.dsv'
[9.098s] INFO:colcon.colcon_core.shell:Creating environment hook '/home/user/ros2_ws/install/nav2_project/share/nav2_project/hook/ament_prefix_path.sh'
[9.145s] INFO:colcon.colcon_core.shell:Skip shell extension 'powershell' for command environment: Not usable outside of PowerShell
[9.145s] DEBUG:colcon.colcon_core.shell:Skip shell extension 'dsv' for command environment
[9.227s] INFO:colcon.colcon_ros.task.ament_python.build:Building ROS package in '/home/user/ros2_ws/src/path_planner_server' with build type 'ament_python'
[9.228s] Level 1:colcon.colcon_core.shell:create_environment_hook('path_planner_server', 'ament_prefix_path')
[9.254s] INFO:colcon.colcon_core.shell:Creating environment hook '/home/user/ros2_ws/install/path_planner_server/share/path_planner_server/hook/ament_prefix_path.ps1'
[9.256s] INFO:colcon.colcon_core.shell:Creating environment descriptor '/home/user/ros2_ws/install/path_planner_server/share/path_planner_server/hook/ament_prefix_path.dsv'
[9.257s] INFO:colcon.colcon_core.shell:Creating environment hook '/home/user/ros2_ws/install/path_planner_server/share/path_planner_server/hook/ament_prefix_path.sh'
[9.287s] INFO:colcon.colcon_core.shell:Skip shell extension 'powershell' for command environment: Not usable outside of PowerShell
[9.287s] DEBUG:colcon.colcon_core.shell:Skip shell extension 'dsv' for command environment
[9.825s] INFO:colcon.colcon_core.task.python.build:Building Python package in '/home/user/ros2_ws/src/cartographer_slam'
[9.864s] INFO:colcon.colcon_core.shell:Skip shell extension 'powershell' for command environment: Not usable outside of PowerShell
[9.864s] DEBUG:colcon.colcon_core.shell:Skip shell extension 'dsv' for command environment
[10.418s] INFO:colcon.colcon_core.task.python.build:Building Python package in '/home/user/ros2_ws/src/localization_server'
[10.454s] INFO:colcon.colcon_core.shell:Skip shell extension 'powershell' for command environment: Not usable outside of PowerShell
[10.454s] DEBUG:colcon.colcon_core.shell:Skip shell extension 'dsv' for command environment
[11.091s] INFO:colcon.colcon_core.task.python.build:Building Python package in '/home/user/ros2_ws/src/map_server'
[11.120s] INFO:colcon.colcon_core.shell:Skip shell extension 'powershell' for command environment: Not usable outside of PowerShell
[11.120s] DEBUG:colcon.colcon_core.shell:Skip shell extension 'dsv' for command environment
[11.186s] DEBUG:colcon.colcon_core.event_handler.log_command:Invoking command in '/home/user/ros2_ws/build/nav2_course': _=/usr/bin/env /usr/bin/cmake --build /home/user/ros2_ws/build/nav2_course -- -j8 -l8
[11.692s] INFO:colcon.colcon_core.task.python.build:Building Python package in '/home/user/ros2_ws/src/ros2_nav_files/nav2_project'
[11.724s] INFO:colcon.colcon_core.shell:Skip shell extension 'powershell' for command environment: Not usable outside of PowerShell
[11.724s] DEBUG:colcon.colcon_core.shell:Skip shell extension 'dsv' for command environment
[12.390s] INFO:colcon.colcon_core.task.python.build:Building Python package in '/home/user/ros2_ws/src/path_planner_server'
[12.417s] INFO:colcon.colcon_core.shell:Skip shell extension 'powershell' for command environment: Not usable outside of PowerShell
[12.417s] DEBUG:colcon.colcon_core.shell:Skip shell extension 'dsv' for command environment
[12.557s] DEBUG:colcon.colcon_core.event_handler.log_command:Invoked command in '/home/user/ros2_ws/build/nav2_course' returned '0': _=/usr/bin/env /usr/bin/cmake --build /home/user/ros2_ws/build/nav2_course -- -j8 -l8
[12.705s] DEBUG:colcon.colcon_core.event_handler.log_command:Invoking command in '/home/user/ros2_ws/build/nav2_course': _=/usr/bin/env /usr/bin/cmake --install /home/user/ros2_ws/build/nav2_course
[12.794s] Level 1:colcon.colcon_core.environment:create_environment_scripts_only(nav2_course)
[12.799s] DEBUG:colcon.colcon_core.event_handler.log_command:Invoked command in '/home/user/ros2_ws/build/nav2_course' returned '0': _=/usr/bin/env /usr/bin/cmake --install /home/user/ros2_ws/build/nav2_course
[13.047s] Level 1:colcon.colcon_core.environment:checking '/home/user/ros2_ws/install/nav2_course' for CMake module files
[13.058s] Level 1:colcon.colcon_core.environment:checking '/home/user/ros2_ws/install/nav2_course' for CMake config files
[13.059s] Level 1:colcon.colcon_core.shell:create_environment_hook('nav2_course', 'cmake_prefix_path')
[13.175s] INFO:colcon.colcon_core.shell:Creating environment hook '/home/user/ros2_ws/install/nav2_course/share/nav2_course/hook/cmake_prefix_path.ps1'
[13.177s] INFO:colcon.colcon_core.shell:Creating environment descriptor '/home/user/ros2_ws/install/nav2_course/share/nav2_course/hook/cmake_prefix_path.dsv'
[13.178s] INFO:colcon.colcon_core.shell:Creating environment hook '/home/user/ros2_ws/install/nav2_course/share/nav2_course/hook/cmake_prefix_path.sh'
[13.179s] Level 1:colcon.colcon_core.environment:checking '/home/user/ros2_ws/install/nav2_course/bin'
[13.179s] Level 1:colcon.colcon_core.environment:checking '/home/user/ros2_ws/install/nav2_course/lib/pkgconfig/nav2_course.pc'
[13.180s] Level 1:colcon.colcon_core.environment:checking '/home/user/ros2_ws/install/nav2_course/lib/python3.10/site-packages'
[13.188s] Level 1:colcon.colcon_core.environment:checking '/home/user/ros2_ws/install/nav2_course/bin'
[13.285s] INFO:colcon.colcon_core.shell:Creating package script '/home/user/ros2_ws/install/nav2_course/share/nav2_course/package.ps1'
[13.287s] INFO:colcon.colcon_core.shell:Creating package descriptor '/home/user/ros2_ws/install/nav2_course/share/nav2_course/package.dsv'
[13.290s] INFO:colcon.colcon_core.shell:Creating package script '/home/user/ros2_ws/install/nav2_course/share/nav2_course/package.sh'
[13.291s] INFO:colcon.colcon_core.shell:Creating package script '/home/user/ros2_ws/install/nav2_course/share/nav2_course/package.bash'
[13.294s] INFO:colcon.colcon_core.shell:Creating package script '/home/user/ros2_ws/install/nav2_course/share/nav2_course/package.zsh'
[13.296s] Level 1:colcon.colcon_core.environment:create_file_with_runtime_dependencies(/home/user/ros2_ws/install/nav2_course/share/colcon-core/packages/nav2_course)
[13.644s] Level 1:colcon.colcon_core.environment:create_environment_scripts_only(nav2_course)
[13.798s] Level 1:colcon.colcon_core.environment:checking '/home/user/ros2_ws/install/nav2_course' for CMake module files
[13.804s] Level 1:colcon.colcon_core.environment:checking '/home/user/ros2_ws/install/nav2_course' for CMake config files
[13.806s] Level 1:colcon.colcon_core.shell:create_environment_hook('nav2_course', 'cmake_prefix_path')
[13.885s] INFO:colcon.colcon_core.shell:Creating environment hook '/home/user/ros2_ws/install/nav2_course/share/nav2_course/hook/cmake_prefix_path.ps1'
[13.888s] INFO:colcon.colcon_core.shell:Creating environment descriptor '/home/user/ros2_ws/install/nav2_course/share/nav2_course/hook/cmake_prefix_path.dsv'
[13.889s] INFO:colcon.colcon_core.shell:Creating environment hook '/home/user/ros2_ws/install/nav2_course/share/nav2_course/hook/cmake_prefix_path.sh'
[13.889s] Level 1:colcon.colcon_core.environment:checking '/home/user/ros2_ws/install/nav2_course/bin'
[13.890s] Level 1:colcon.colcon_core.environment:checking '/home/user/ros2_ws/install/nav2_course/lib/pkgconfig/nav2_course.pc'
[13.895s] Level 1:colcon.colcon_core.environment:checking '/home/user/ros2_ws/install/nav2_course/lib/python3.10/site-packages'
[13.895s] Level 1:colcon.colcon_core.environment:checking '/home/user/ros2_ws/install/nav2_course/bin'
[13.939s] INFO:colcon.colcon_core.shell:Creating package script '/home/user/ros2_ws/install/nav2_course/share/nav2_course/package.ps1'
[13.941s] INFO:colcon.colcon_core.shell:Creating package descriptor '/home/user/ros2_ws/install/nav2_course/share/nav2_course/package.dsv'
[13.941s] INFO:colcon.colcon_core.shell:Creating package script '/home/user/ros2_ws/install/nav2_course/share/nav2_course/package.sh'
[13.942s] INFO:colcon.colcon_core.shell:Creating package script '/home/user/ros2_ws/install/nav2_course/share/nav2_course/package.bash'
[13.943s] INFO:colcon.colcon_core.shell:Creating package script '/home/user/ros2_ws/install/nav2_course/share/nav2_course/package.zsh'
[13.944s] Level 1:colcon.colcon_core.environment:create_file_with_runtime_dependencies(/home/user/ros2_ws/install/nav2_course/share/colcon-core/packages/nav2_course)
[15.714s] DEBUG:colcon.colcon_core.event_handler.log_command:Invoking command in '/home/user/ros2_ws/src/map_server': PYTHONPATH=/home/user/ros2_ws/build/map_server/prefix_override:/home/user/ros2_ws/install/map_server/lib/python3.10/site-packages:${PYTHONPATH} _=/usr/bin/env /usr/bin/python3 setup.py egg_info --egg-base ../../build/map_server build --build-base /home/user/ros2_ws/build/map_server/build install --record /home/user/ros2_ws/build/map_server/install.log --single-version-externally-managed
[15.837s] DEBUG:colcon.colcon_core.event_handler.log_command:Invoking command in '/home/user/ros2_ws/src/cartographer_slam': PYTHONPATH=/home/user/ros2_ws/build/cartographer_slam/prefix_override:/home/user/ros2_ws/install/cartographer_slam/lib/python3.10/site-packages:${PYTHONPATH} _=/usr/bin/env /usr/bin/python3 setup.py egg_info --egg-base ../../build/cartographer_slam build --build-base /home/user/ros2_ws/build/cartographer_slam/build install --record /home/user/ros2_ws/build/cartographer_slam/install.log --single-version-externally-managed
[15.860s] DEBUG:colcon.colcon_core.event_handler.log_command:Invoking command in '/home/user/ros2_ws/src/localization_server': PYTHONPATH=/home/user/ros2_ws/build/localization_server/prefix_override:/home/user/ros2_ws/install/localization_server/lib/python3.10/site-packages:${PYTHONPATH} _=/usr/bin/env /usr/bin/python3 setup.py egg_info --egg-base ../../build/localization_server build --build-base /home/user/ros2_ws/build/localization_server/build install --record /home/user/ros2_ws/build/localization_server/install.log --single-version-externally-managed
[15.887s] DEBUG:colcon.colcon_core.event_handler.log_command:Invoking command in '/home/user/ros2_ws/src/ros2_nav_files/nav2_project': PYTHONPATH=/home/user/ros2_ws/build/nav2_project/prefix_override:/home/user/ros2_ws/install/nav2_project/lib/python3.10/site-packages:${PYTHONPATH} _=/usr/bin/env /usr/bin/python3 setup.py egg_info --egg-base ../../../build/nav2_project build --build-base /home/user/ros2_ws/build/nav2_project/build install --record /home/user/ros2_ws/build/nav2_project/install.log --install-scripts $base/lib/nav2_project --single-version-externally-managed
[15.967s] DEBUG:colcon.colcon_core.event_handler.log_command:Invoking command in '/home/user/ros2_ws/src/path_planner_server': PYTHONPATH=/home/user/ros2_ws/build/path_planner_server/prefix_override:/home/user/ros2_ws/install/path_planner_server/lib/python3.10/site-packages:${PYTHONPATH} _=/usr/bin/env /usr/bin/python3 setup.py egg_info --egg-base ../../build/path_planner_server build --build-base /home/user/ros2_ws/build/path_planner_server/build install --record /home/user/ros2_ws/build/path_planner_server/install.log --single-version-externally-managed
[17.289s] DEBUG:colcon.colcon_core.event_handler.log_command:Invoked command in '/home/user/ros2_ws/src/localization_server' returned '0': PYTHONPATH=/home/user/ros2_ws/build/localization_server/prefix_override:/home/user/ros2_ws/install/localization_server/lib/python3.10/site-packages:${PYTHONPATH} _=/usr/bin/env /usr/bin/python3 setup.py egg_info --egg-base ../../build/localization_server build --build-base /home/user/ros2_ws/build/localization_server/build install --record /home/user/ros2_ws/build/localization_server/install.log --single-version-externally-managed
[17.482s] Level 1:colcon.colcon_core.environment:checking '/home/user/ros2_ws/install/localization_server' for CMake module files
[17.484s] Level 1:colcon.colcon_core.environment:checking '/home/user/ros2_ws/install/localization_server' for CMake config files
[17.486s] Level 1:colcon.colcon_core.environment:checking '/home/user/ros2_ws/install/localization_server/lib'
[17.486s] Level 1:colcon.colcon_core.environment:checking '/home/user/ros2_ws/install/localization_server/bin'
[17.486s] Level 1:colcon.colcon_core.environment:checking '/home/user/ros2_ws/install/localization_server/lib/pkgconfig/localization_server.pc'
[17.487s] Level 1:colcon.colcon_core.environment:checking '/home/user/ros2_ws/install/localization_server/lib/python3.10/site-packages'
[17.487s] Level 1:colcon.colcon_core.shell:create_environment_hook('localization_server', 'pythonpath')
[17.529s] INFO:colcon.colcon_core.shell:Creating environment hook '/home/user/ros2_ws/install/localization_server/share/localization_server/hook/pythonpath.ps1'
[17.529s] INFO:colcon.colcon_core.shell:Creating environment descriptor '/home/user/ros2_ws/install/localization_server/share/localization_server/hook/pythonpath.dsv'
[17.530s] INFO:colcon.colcon_core.shell:Creating environment hook '/home/user/ros2_ws/install/localization_server/share/localization_server/hook/pythonpath.sh'
[17.531s] Level 1:colcon.colcon_core.environment:checking '/home/user/ros2_ws/install/localization_server/bin'
[17.531s] Level 1:colcon.colcon_core.environment:create_environment_scripts_only(localization_server)
[17.607s] INFO:colcon.colcon_core.shell:Creating package script '/home/user/ros2_ws/install/localization_server/share/localization_server/package.ps1'
[17.608s] INFO:colcon.colcon_core.shell:Creating package descriptor '/home/user/ros2_ws/install/localization_server/share/localization_server/package.dsv'
[17.608s] INFO:colcon.colcon_core.shell:Creating package script '/home/user/ros2_ws/install/localization_server/share/localization_server/package.sh'
[17.609s] INFO:colcon.colcon_core.shell:Creating package script '/home/user/ros2_ws/install/localization_server/share/localization_server/package.bash'
[17.609s] INFO:colcon.colcon_core.shell:Creating package script '/home/user/ros2_ws/install/localization_server/share/localization_server/package.zsh'
[17.610s] Level 1:colcon.colcon_core.environment:create_file_with_runtime_dependencies(/home/user/ros2_ws/install/localization_server/share/colcon-core/packages/localization_server)
[17.619s] DEBUG:colcon.colcon_core.event_handler.log_command:Invoked command in '/home/user/ros2_ws/src/path_planner_server' returned '0': PYTHONPATH=/home/user/ros2_ws/build/path_planner_server/prefix_override:/home/user/ros2_ws/install/path_planner_server/lib/python3.10/site-packages:${PYTHONPATH} _=/usr/bin/env /usr/bin/python3 setup.py egg_info --egg-base ../../build/path_planner_server build --build-base /home/user/ros2_ws/build/path_planner_server/build install --record /home/user/ros2_ws/build/path_planner_server/install.log --single-version-externally-managed
[17.648s] Level 1:colcon.colcon_core.environment:checking '/home/user/ros2_ws/install/path_planner_server' for CMake module files
[17.649s] Level 1:colcon.colcon_core.environment:checking '/home/user/ros2_ws/install/path_planner_server' for CMake config files
[17.649s] Level 1:colcon.colcon_core.environment:checking '/home/user/ros2_ws/install/path_planner_server/lib'
[17.649s] Level 1:colcon.colcon_core.environment:checking '/home/user/ros2_ws/install/path_planner_server/bin'
[17.650s] Level 1:colcon.colcon_core.environment:checking '/home/user/ros2_ws/install/path_planner_server/lib/pkgconfig/path_planner_server.pc'
[17.650s] Level 1:colcon.colcon_core.environment:checking '/home/user/ros2_ws/install/path_planner_server/lib/python3.10/site-packages'
[17.650s] Level 1:colcon.colcon_core.shell:create_environment_hook('path_planner_server', 'pythonpath')
[17.678s] INFO:colcon.colcon_core.shell:Creating environment hook '/home/user/ros2_ws/install/path_planner_server/share/path_planner_server/hook/pythonpath.ps1'
[17.680s] INFO:colcon.colcon_core.shell:Creating environment descriptor '/home/user/ros2_ws/install/path_planner_server/share/path_planner_server/hook/pythonpath.dsv'
[17.680s] INFO:colcon.colcon_core.shell:Creating environment hook '/home/user/ros2_ws/install/path_planner_server/share/path_planner_server/hook/pythonpath.sh'
[17.681s] Level 1:colcon.colcon_core.environment:checking '/home/user/ros2_ws/install/path_planner_server/bin'
[17.681s] Level 1:colcon.colcon_core.environment:create_environment_scripts_only(path_planner_server)
[17.705s] INFO:colcon.colcon_core.shell:Creating package script '/home/user/ros2_ws/install/path_planner_server/share/path_planner_server/package.ps1'
[17.706s] INFO:colcon.colcon_core.shell:Creating package descriptor '/home/user/ros2_ws/install/path_planner_server/share/path_planner_server/package.dsv'
[17.706s] INFO:colcon.colcon_core.shell:Creating package script '/home/user/ros2_ws/install/path_planner_server/share/path_planner_server/package.sh'
[17.707s] INFO:colcon.colcon_core.shell:Creating package script '/home/user/ros2_ws/install/path_planner_server/share/path_planner_server/package.bash'
[17.707s] INFO:colcon.colcon_core.shell:Creating package script '/home/user/ros2_ws/install/path_planner_server/share/path_planner_server/package.zsh'
[17.708s] Level 1:colcon.colcon_core.environment:create_file_with_runtime_dependencies(/home/user/ros2_ws/install/path_planner_server/share/colcon-core/packages/path_planner_server)
[17.709s] DEBUG:colcon.colcon_core.event_handler.log_command:Invoked command in '/home/user/ros2_ws/src/map_server' returned '0': PYTHONPATH=/home/user/ros2_ws/build/map_server/prefix_override:/home/user/ros2_ws/install/map_server/lib/python3.10/site-packages:${PYTHONPATH} _=/usr/bin/env /usr/bin/python3 setup.py egg_info --egg-base ../../build/map_server build --build-base /home/user/ros2_ws/build/map_server/build install --record /home/user/ros2_ws/build/map_server/install.log --single-version-externally-managed
[17.743s] Level 1:colcon.colcon_core.environment:checking '/home/user/ros2_ws/install/map_server' for CMake module files
[17.743s] Level 1:colcon.colcon_core.environment:checking '/home/user/ros2_ws/install/map_server' for CMake config files
[17.744s] Level 1:colcon.colcon_core.environment:checking '/home/user/ros2_ws/install/map_server/lib'
[17.744s] Level 1:colcon.colcon_core.environment:checking '/home/user/ros2_ws/install/map_server/bin'
[17.744s] Level 1:colcon.colcon_core.environment:checking '/home/user/ros2_ws/install/map_server/lib/pkgconfig/map_server.pc'
[17.745s] Level 1:colcon.colcon_core.environment:checking '/home/user/ros2_ws/install/map_server/lib/python3.10/site-packages'
[17.745s] Level 1:colcon.colcon_core.shell:create_environment_hook('map_server', 'pythonpath')
[17.771s] INFO:colcon.colcon_core.shell:Creating environment hook '/home/user/ros2_ws/install/map_server/share/map_server/hook/pythonpath.ps1'
[17.772s] INFO:colcon.colcon_core.shell:Creating environment descriptor '/home/user/ros2_ws/install/map_server/share/map_server/hook/pythonpath.dsv'
[17.773s] INFO:colcon.colcon_core.shell:Creating environment hook '/home/user/ros2_ws/install/map_server/share/map_server/hook/pythonpath.sh'
[17.774s] Level 1:colcon.colcon_core.environment:checking '/home/user/ros2_ws/install/map_server/bin'
[17.774s] Level 1:colcon.colcon_core.environment:create_environment_scripts_only(map_server)
[17.799s] INFO:colcon.colcon_core.shell:Creating package script '/home/user/ros2_ws/install/map_server/share/map_server/package.ps1'
[17.800s] INFO:colcon.colcon_core.shell:Creating package descriptor '/home/user/ros2_ws/install/map_server/share/map_server/package.dsv'
[17.800s] INFO:colcon.colcon_core.shell:Creating package script '/home/user/ros2_ws/install/map_server/share/map_server/package.sh'
[17.801s] INFO:colcon.colcon_core.shell:Creating package script '/home/user/ros2_ws/install/map_server/share/map_server/package.bash'
[17.801s] INFO:colcon.colcon_core.shell:Creating package script '/home/user/ros2_ws/install/map_server/share/map_server/package.zsh'
[17.802s] Level 1:colcon.colcon_core.environment:create_file_with_runtime_dependencies(/home/user/ros2_ws/install/map_server/share/colcon-core/packages/map_server)
[17.807s] DEBUG:colcon.colcon_core.event_handler.log_command:Invoked command in '/home/user/ros2_ws/src/cartographer_slam' returned '0': PYTHONPATH=/home/user/ros2_ws/build/cartographer_slam/prefix_override:/home/user/ros2_ws/install/cartographer_slam/lib/python3.10/site-packages:${PYTHONPATH} _=/usr/bin/env /usr/bin/python3 setup.py egg_info --egg-base ../../build/cartographer_slam build --build-base /home/user/ros2_ws/build/cartographer_slam/build install --record /home/user/ros2_ws/build/cartographer_slam/install.log --single-version-externally-managed
[17.828s] Level 1:colcon.colcon_core.environment:checking '/home/user/ros2_ws/install/cartographer_slam' for CMake module files
[17.828s] Level 1:colcon.colcon_core.environment:checking '/home/user/ros2_ws/install/cartographer_slam' for CMake config files
[17.830s] Level 1:colcon.colcon_core.environment:checking '/home/user/ros2_ws/install/cartographer_slam/lib'
[17.831s] Level 1:colcon.colcon_core.environment:checking '/home/user/ros2_ws/install/cartographer_slam/bin'
[17.831s] Level 1:colcon.colcon_core.environment:checking '/home/user/ros2_ws/install/cartographer_slam/lib/pkgconfig/cartographer_slam.pc'
[17.831s] Level 1:colcon.colcon_core.environment:checking '/home/user/ros2_ws/install/cartographer_slam/lib/python3.10/site-packages'
[17.831s] Level 1:colcon.colcon_core.shell:create_environment_hook('cartographer_slam', 'pythonpath')
[17.877s] INFO:colcon.colcon_core.shell:Creating environment hook '/home/user/ros2_ws/install/cartographer_slam/share/cartographer_slam/hook/pythonpath.ps1'
[17.878s] INFO:colcon.colcon_core.shell:Creating environment descriptor '/home/user/ros2_ws/install/cartographer_slam/share/cartographer_slam/hook/pythonpath.dsv'
[17.879s] INFO:colcon.colcon_core.shell:Creating environment hook '/home/user/ros2_ws/install/cartographer_slam/share/cartographer_slam/hook/pythonpath.sh'
[17.880s] Level 1:colcon.colcon_core.environment:checking '/home/user/ros2_ws/install/cartographer_slam/bin'
[17.880s] Level 1:colcon.colcon_core.environment:create_environment_scripts_only(cartographer_slam)
[17.920s] INFO:colcon.colcon_core.shell:Creating package script '/home/user/ros2_ws/install/cartographer_slam/share/cartographer_slam/package.ps1'
[17.922s] INFO:colcon.colcon_core.shell:Creating package descriptor '/home/user/ros2_ws/install/cartographer_slam/share/cartographer_slam/package.dsv'
[17.924s] INFO:colcon.colcon_core.shell:Creating package script '/home/user/ros2_ws/install/cartographer_slam/share/cartographer_slam/package.sh'
[17.924s] INFO:colcon.colcon_core.shell:Creating package script '/home/user/ros2_ws/install/cartographer_slam/share/cartographer_slam/package.bash'
[17.925s] INFO:colcon.colcon_core.shell:Creating package script '/home/user/ros2_ws/install/cartographer_slam/share/cartographer_slam/package.zsh'
[17.926s] Level 1:colcon.colcon_core.environment:create_file_with_runtime_dependencies(/home/user/ros2_ws/install/cartographer_slam/share/colcon-core/packages/cartographer_slam)
[17.930s] DEBUG:colcon.colcon_core.event_handler.log_command:Invoked command in '/home/user/ros2_ws/src/ros2_nav_files/nav2_project' returned '0': PYTHONPATH=/home/user/ros2_ws/build/nav2_project/prefix_override:/home/user/ros2_ws/install/nav2_project/lib/python3.10/site-packages:${PYTHONPATH} _=/usr/bin/env /usr/bin/python3 setup.py egg_info --egg-base ../../../build/nav2_project build --build-base /home/user/ros2_ws/build/nav2_project/build install --record /home/user/ros2_ws/build/nav2_project/install.log --install-scripts $base/lib/nav2_project --single-version-externally-managed
[17.968s] Level 1:colcon.colcon_core.environment:checking '/home/user/ros2_ws/install/nav2_project' for CMake module files
[17.969s] Level 1:colcon.colcon_core.environment:checking '/home/user/ros2_ws/install/nav2_project' for CMake config files
[17.970s] Level 1:colcon.colcon_core.environment:checking '/home/user/ros2_ws/install/nav2_project/lib'
[17.970s] Level 1:colcon.colcon_core.environment:checking '/home/user/ros2_ws/install/nav2_project/bin'
[17.970s] Level 1:colcon.colcon_core.environment:checking '/home/user/ros2_ws/install/nav2_project/lib/pkgconfig/nav2_project.pc'
[17.971s] Level 1:colcon.colcon_core.environment:checking '/home/user/ros2_ws/install/nav2_project/lib/python3.10/site-packages'
[17.971s] Level 1:colcon.colcon_core.shell:create_environment_hook('nav2_project', 'pythonpath')
[18.004s] INFO:colcon.colcon_core.shell:Creating environment hook '/home/user/ros2_ws/install/nav2_project/share/nav2_project/hook/pythonpath.ps1'
[18.005s] INFO:colcon.colcon_core.shell:Creating environment descriptor '/home/user/ros2_ws/install/nav2_project/share/nav2_project/hook/pythonpath.dsv'
[18.005s] INFO:colcon.colcon_core.shell:Creating environment hook '/home/user/ros2_ws/install/nav2_project/share/nav2_project/hook/pythonpath.sh'
[18.006s] Level 1:colcon.colcon_core.environment:checking '/home/user/ros2_ws/install/nav2_project/bin'
[18.006s] Level 1:colcon.colcon_core.environment:create_environment_scripts_only(nav2_project)
[18.032s] INFO:colcon.colcon_core.shell:Creating package script '/home/user/ros2_ws/install/nav2_project/share/nav2_project/package.ps1'
[18.033s] INFO:colcon.colcon_core.shell:Creating package descriptor '/home/user/ros2_ws/install/nav2_project/share/nav2_project/package.dsv'
[18.034s] INFO:colcon.colcon_core.shell:Creating package script '/home/user/ros2_ws/install/nav2_project/share/nav2_project/package.sh'
[18.034s] INFO:colcon.colcon_core.shell:Creating package script '/home/user/ros2_ws/install/nav2_project/share/nav2_project/package.bash'
[18.035s] INFO:colcon.colcon_core.shell:Creating package script '/home/user/ros2_ws/install/nav2_project/share/nav2_project/package.zsh'
[18.035s] Level 1:colcon.colcon_core.environment:create_file_with_runtime_dependencies(/home/user/ros2_ws/install/nav2_project/share/colcon-core/packages/nav2_project)
[18.036s] DEBUG:colcon.colcon_parallel_executor.executor.parallel:closing loop
[18.037s] DEBUG:colcon.colcon_parallel_executor.executor.parallel:loop closed
[18.037s] DEBUG:colcon.colcon_parallel_executor.executor.parallel:run_until_complete finished with '0'
[18.037s] DEBUG:colcon.colcon_core.event_reactor:joining thread
[18.173s] INFO:colcon.colcon_core.plugin_system:Skipping extension 'colcon_notification.desktop_notification.notify_send': Could not find 'notify-send'
[18.173s] INFO:colcon.colcon_core.plugin_system:Skipping extension 'colcon_notification.desktop_notification.terminal_notifier': Not used on non-Darwin systems
[18.173s] INFO:colcon.colcon_core.plugin_system:Skipping extension 'colcon_notification.desktop_notification.win32': Not used on non-Windows systems
[18.174s] INFO:colcon.colcon_notification.desktop_notification:Sending desktop notification using 'notify2'
[18.179s] DEBUG:colcon.colcon_notification.desktop_notification.notify2:Failed to initialize notify2: org.freedesktop.DBus.Error.Spawn.ExecFailed: /usr/bin/dbus-launch terminated abnormally without any error message
[18.180s] DEBUG:colcon.colcon_core.event_reactor:joined thread
[18.218s] INFO:colcon.colcon_core.shell:Creating prefix script '/home/user/ros2_ws/install/local_setup.ps1'
[18.221s] INFO:colcon.colcon_core.shell:Creating prefix util module '/home/user/ros2_ws/install/_local_setup_util_ps1.py'
[18.224s] INFO:colcon.colcon_core.shell:Creating prefix chain script '/home/user/ros2_ws/install/setup.ps1'
[18.258s] INFO:colcon.colcon_core.shell:Creating prefix script '/home/user/ros2_ws/install/local_setup.sh'
[18.259s] INFO:colcon.colcon_core.shell:Creating prefix util module '/home/user/ros2_ws/install/_local_setup_util_sh.py'
[18.260s] INFO:colcon.colcon_core.shell:Creating prefix chain script '/home/user/ros2_ws/install/setup.sh'
[18.291s] INFO:colcon.colcon_core.shell:Creating prefix script '/home/user/ros2_ws/install/local_setup.bash'
[18.292s] INFO:colcon.colcon_core.shell:Creating prefix chain script '/home/user/ros2_ws/install/setup.bash'
[18.324s] INFO:colcon.colcon_core.shell:Creating prefix script '/home/user/ros2_ws/install/local_setup.zsh'
[18.326s] INFO:colcon.colcon_core.shell:Creating prefix chain script '/home/user/ros2_ws/install/setup.zsh'
