[8.298s] Invoking command in '/home/user/ros2_ws/src/map_server': PYTHONPATH=/home/user/ros2_ws/build/map_server/prefix_override:/home/user/ros2_ws/install/map_server/lib/python3.10/site-packages:${PYTHONPATH} _=/usr/bin/env /usr/bin/python3 setup.py egg_info --egg-base ../../build/map_server build --build-base /home/user/ros2_ws/build/map_server/build install --record /home/user/ros2_ws/build/map_server/install.log --single-version-externally-managed
[9.493s] running egg_info
[9.494s] writing ../../build/map_server/map_server.egg-info/PKG-INFO
[9.495s] writing dependency_links to ../../build/map_server/map_server.egg-info/dependency_links.txt
[9.496s] writing entry points to ../../build/map_server/map_server.egg-info/entry_points.txt
[9.496s] writing requirements to ../../build/map_server/map_server.egg-info/requires.txt
[9.496s] writing top-level names to ../../build/map_server/map_server.egg-info/top_level.txt
[9.500s] reading manifest file '../../build/map_server/map_server.egg-info/SOURCES.txt'
[9.501s] writing manifest file '../../build/map_server/map_server.egg-info/SOURCES.txt'
[9.502s] running build
[9.502s] running build_py
[9.503s] running install
[9.504s] /usr/lib/python3/dist-packages/setuptools/command/install.py:34: SetuptoolsDeprecationWarning: setup.py install is deprecated. Use build and pip and other standards-based tools.
[9.504s]   warnings.warn(
[9.505s] running install_lib
[9.506s] running install_data
[9.507s] running install_egg_info
[9.566s] removing '/home/user/ros2_ws/install/map_server/lib/python3.10/site-packages/map_server-0.0.0-py3.10.egg-info' (and everything under it)
[9.567s] Copying ../../build/map_server/map_server.egg-info to /home/user/ros2_ws/install/map_server/lib/python3.10/site-packages/map_server-0.0.0-py3.10.egg-info
[9.567s] running install_scripts
[9.666s] writing list of installed files to '/home/user/ros2_ws/build/map_server/install.log'
[9.805s] Invoked command in '/home/user/ros2_ws/src/map_server' returned '0': PYTHONPATH=/home/user/ros2_ws/build/map_server/prefix_override:/home/user/ros2_ws/install/map_server/lib/python3.10/site-packages:${PYTHONPATH} _=/usr/bin/env /usr/bin/python3 setup.py egg_info --egg-base ../../build/map_server build --build-base /home/user/ros2_ws/build/map_server/build install --record /home/user/ros2_ws/build/map_server/install.log --single-version-externally-managed
