[1.136s] Invoking command in '/home/user/ros2_ws/src/map_server': PYTHONPATH=/home/user/ros2_ws/build/map_server/prefix_override:/home/user/ros2_ws/install/map_server/lib/python3.10/site-packages:${PYTHONPATH} _=/usr/bin/env /usr/bin/python3 setup.py egg_info --egg-base ../../build/map_server build --build-base /home/user/ros2_ws/build/map_server/build install --record /home/user/ros2_ws/build/map_server/install.log --single-version-externally-managed
[1.521s] running egg_info
[1.521s] creating ../../build/map_server/map_server.egg-info
[1.522s] writing ../../build/map_server/map_server.egg-info/PKG-INFO
[1.522s] writing dependency_links to ../../build/map_server/map_server.egg-info/dependency_links.txt
[1.522s] writing entry points to ../../build/map_server/map_server.egg-info/entry_points.txt
[1.522s] writing requirements to ../../build/map_server/map_server.egg-info/requires.txt
[1.522s] writing top-level names to ../../build/map_server/map_server.egg-info/top_level.txt
[1.523s] writing manifest file '../../build/map_server/map_server.egg-info/SOURCES.txt'
[1.525s] reading manifest file '../../build/map_server/map_server.egg-info/SOURCES.txt'
[1.526s] writing manifest file '../../build/map_server/map_server.egg-info/SOURCES.txt'
[1.526s] running build
[1.526s] running build_py
[1.526s] creating /home/user/ros2_ws/build/map_server/build
[1.527s] creating /home/user/ros2_ws/build/map_server/build/lib
[1.527s] creating /home/user/ros2_ws/build/map_server/build/lib/map_server
[1.527s] copying map_server/__init__.py -> /home/user/ros2_ws/build/map_server/build/lib/map_server
[1.530s] running install
[1.530s] running install_lib
[1.530s] creating /home/user/ros2_ws/install/map_server/lib/python3.10/site-packages/map_server
[1.530s] copying /home/user/ros2_ws/build/map_server/build/lib/map_server/__init__.py -> /home/user/ros2_ws/install/map_server/lib/python3.10/site-packages/map_server
[1.530s] /usr/lib/python3/dist-packages/setuptools/command/install.py:34: SetuptoolsDeprecationWarning: setup.py install is deprecated. Use build and pip and other standards-based tools.
[1.530s]   warnings.warn(
[1.531s] byte-compiling /home/user/ros2_ws/install/map_server/lib/python3.10/site-packages/map_server/__init__.py to __init__.cpython-310.pyc
[1.531s] running install_data
[1.532s] creating /home/user/ros2_ws/install/map_server/share/ament_index
[1.532s] creating /home/user/ros2_ws/install/map_server/share/ament_index/resource_index
[1.532s] creating /home/user/ros2_ws/install/map_server/share/ament_index/resource_index/packages
[1.533s] copying resource/map_server -> /home/user/ros2_ws/install/map_server/share/ament_index/resource_index/packages
[1.533s] copying package.xml -> /home/user/ros2_ws/install/map_server/share/map_server
[1.533s] running install_egg_info
[1.535s] Copying ../../build/map_server/map_server.egg-info to /home/user/ros2_ws/install/map_server/lib/python3.10/site-packages/map_server-0.0.0-py3.10.egg-info
[1.536s] running install_scripts
[1.567s] writing list of installed files to '/home/user/ros2_ws/build/map_server/install.log'
[1.602s] Invoked command in '/home/user/ros2_ws/src/map_server' returned '0': PYTHONPATH=/home/user/ros2_ws/build/map_server/prefix_override:/home/user/ros2_ws/install/map_server/lib/python3.10/site-packages:${PYTHONPATH} _=/usr/bin/env /usr/bin/python3 setup.py egg_info --egg-base ../../build/map_server build --build-base /home/user/ros2_ws/build/map_server/build install --record /home/user/ros2_ws/build/map_server/install.log --single-version-externally-managed
