[0.752s] Invoking command in '/home/user/ros2_ws/src/localization_server': PYTHONPATH=/home/user/ros2_ws/build/localization_server/prefix_override:/home/user/ros2_ws/install/localization_server/lib/python3.10/site-packages:${PYTHONPATH} _=/usr/bin/env /usr/bin/python3 setup.py egg_info --egg-base ../../build/localization_server build --build-base /home/user/ros2_ws/build/localization_server/build install --record /home/user/ros2_ws/build/localization_server/install.log --single-version-externally-managed
[0.995s] running egg_info
[0.996s] writing ../../build/localization_server/localization_server.egg-info/PKG-INFO
[0.996s] writing dependency_links to ../../build/localization_server/localization_server.egg-info/dependency_links.txt
[0.996s] writing entry points to ../../build/localization_server/localization_server.egg-info/entry_points.txt
[0.996s] writing requirements to ../../build/localization_server/localization_server.egg-info/requires.txt
[0.996s] writing top-level names to ../../build/localization_server/localization_server.egg-info/top_level.txt
[0.998s] reading manifest file '../../build/localization_server/localization_server.egg-info/SOURCES.txt'
[0.999s] writing manifest file '../../build/localization_server/localization_server.egg-info/SOURCES.txt'
[0.999s] running build
[0.999s] running build_py
[0.999s] copying localization_server/initial_pose_pub.py -> /home/user/ros2_ws/build/localization_server/build/lib/localization_server
[0.999s] running install
[0.999s] /usr/lib/python3/dist-packages/setuptools/command/install.py:34: SetuptoolsDeprecationWarning: setup.py install is deprecated. Use build and pip and other standards-based tools.
[0.999s]   warnings.warn(
[1.000s] running install_lib
[1.000s] copying /home/user/ros2_ws/build/localization_server/build/lib/localization_server/initial_pose_pub.py -> /home/user/ros2_ws/install/localization_server/lib/python3.10/site-packages/localization_server
[1.001s] byte-compiling /home/user/ros2_ws/install/localization_server/lib/python3.10/site-packages/localization_server/initial_pose_pub.py to initial_pose_pub.cpython-310.pyc
[1.002s] running install_data
[1.002s] running install_egg_info
[1.004s] removing '/home/user/ros2_ws/install/localization_server/lib/python3.10/site-packages/localization_server-0.0.0-py3.10.egg-info' (and everything under it)
[1.004s] Copying ../../build/localization_server/localization_server.egg-info to /home/user/ros2_ws/install/localization_server/lib/python3.10/site-packages/localization_server-0.0.0-py3.10.egg-info
[1.005s] running install_scripts
[1.026s] Installing initial_pose_pub script to /home/user/ros2_ws/install/localization_server/lib/localization_server
[1.026s] writing list of installed files to '/home/user/ros2_ws/build/localization_server/install.log'
[1.048s] Invoked command in '/home/user/ros2_ws/src/localization_server' returned '0': PYTHONPATH=/home/user/ros2_ws/build/localization_server/prefix_override:/home/user/ros2_ws/install/localization_server/lib/python3.10/site-packages:${PYTHONPATH} _=/usr/bin/env /usr/bin/python3 setup.py egg_info --egg-base ../../build/localization_server build --build-base /home/user/ros2_ws/build/localization_server/build install --record /home/user/ros2_ws/build/localization_server/install.log --single-version-externally-managed
