[6.732s] Invoking command in '/home/user/ros2_ws/src/path_planner_server': PYTHONPATH=/home/user/ros2_ws/build/path_planner_server/prefix_override:/home/user/ros2_ws/install/path_planner_server/lib/python3.10/site-packages:${PYTHONPATH} _=/usr/bin/env /usr/bin/python3 setup.py egg_info --egg-base ../../build/path_planner_server build --build-base /home/user/ros2_ws/build/path_planner_server/build install --record /home/user/ros2_ws/build/path_planner_server/install.log --single-version-externally-managed
[8.300s] running egg_info
[8.302s] writing ../../build/path_planner_server/path_planner_server.egg-info/PKG-INFO
[8.303s] writing dependency_links to ../../build/path_planner_server/path_planner_server.egg-info/dependency_links.txt
[8.304s] writing entry points to ../../build/path_planner_server/path_planner_server.egg-info/entry_points.txt
[8.304s] writing requirements to ../../build/path_planner_server/path_planner_server.egg-info/requires.txt
[8.304s] writing top-level names to ../../build/path_planner_server/path_planner_server.egg-info/top_level.txt
[8.310s] reading manifest file '../../build/path_planner_server/path_planner_server.egg-info/SOURCES.txt'
[8.310s] writing manifest file '../../build/path_planner_server/path_planner_server.egg-info/SOURCES.txt'
[8.310s] running build
[8.310s] running build_py
[8.311s] running install
[8.311s] /usr/lib/python3/dist-packages/setuptools/command/install.py:34: SetuptoolsDeprecationWarning: setup.py install is deprecated. Use build and pip and other standards-based tools.
[8.312s]   warnings.warn(
[8.312s] running install_lib
[8.314s] running install_data
[8.316s] copying config/planner_server.yaml -> /home/user/ros2_ws/install/path_planner_server/share/path_planner_server/config
[8.316s] copying config/controller.yaml -> /home/user/ros2_ws/install/path_planner_server/share/path_planner_server/config
[8.317s] running install_egg_info
[8.320s] removing '/home/user/ros2_ws/install/path_planner_server/lib/python3.10/site-packages/path_planner_server-0.0.0-py3.10.egg-info' (and everything under it)
[8.323s] Copying ../../build/path_planner_server/path_planner_server.egg-info to /home/user/ros2_ws/install/path_planner_server/lib/python3.10/site-packages/path_planner_server-0.0.0-py3.10.egg-info
[8.327s] running install_scripts
[8.428s] writing list of installed files to '/home/user/ros2_ws/build/path_planner_server/install.log'
[8.922s] Invoked command in '/home/user/ros2_ws/src/path_planner_server' returned '0': PYTHONPATH=/home/user/ros2_ws/build/path_planner_server/prefix_override:/home/user/ros2_ws/install/path_planner_server/lib/python3.10/site-packages:${PYTHONPATH} _=/usr/bin/env /usr/bin/python3 setup.py egg_info --egg-base ../../build/path_planner_server build --build-base /home/user/ros2_ws/build/path_planner_server/build install --record /home/user/ros2_ws/build/path_planner_server/install.log --single-version-externally-managed
