[2.770s] Invoking command in '/home/user/ros2_ws/src/localization_server': PYTHONPATH=/home/user/ros2_ws/build/localization_server/prefix_override:/home/user/ros2_ws/install/localization_server/lib/python3.10/site-packages:${PYTHONPATH} _=/usr/bin/env /usr/bin/python3 setup.py egg_info --egg-base ../../build/localization_server build --build-base /home/user/ros2_ws/build/localization_server/build install --record /home/user/ros2_ws/build/localization_server/install.log --single-version-externally-managed
[3.508s] running egg_info
[3.560s] writing ../../build/localization_server/localization_server.egg-info/PKG-INFO
[3.560s] writing dependency_links to ../../build/localization_server/localization_server.egg-info/dependency_links.txt
[3.560s] writing entry points to ../../build/localization_server/localization_server.egg-info/entry_points.txt
[3.560s] writing requirements to ../../build/localization_server/localization_server.egg-info/requires.txt
[3.561s] writing top-level names to ../../build/localization_server/localization_server.egg-info/top_level.txt
[3.561s] reading manifest file '../../build/localization_server/localization_server.egg-info/SOURCES.txt'
[3.561s] writing manifest file '../../build/localization_server/localization_server.egg-info/SOURCES.txt'
[3.562s] running build
[3.562s] running build_py
[3.562s] running install
[3.562s] /usr/lib/python3/dist-packages/setuptools/command/install.py:34: SetuptoolsDeprecationWarning: setup.py install is deprecated. Use build and pip and other standards-based tools.
[3.563s]   warnings.warn(
[3.563s] running install_lib
[3.563s] running install_data
[3.564s] running install_egg_info
[3.564s] removing '/home/user/ros2_ws/install/localization_server/lib/python3.10/site-packages/localization_server-0.0.0-py3.10.egg-info' (and everything under it)
[3.564s] Copying ../../build/localization_server/localization_server.egg-info to /home/user/ros2_ws/install/localization_server/lib/python3.10/site-packages/localization_server-0.0.0-py3.10.egg-info
[3.565s] running install_scripts
[3.595s] Installing initial_pose_pub script to /home/user/ros2_ws/install/localization_server/lib/localization_server
[3.595s] writing list of installed files to '/home/user/ros2_ws/build/localization_server/install.log'
[3.726s] Invoked command in '/home/user/ros2_ws/src/localization_server' returned '0': PYTHONPATH=/home/user/ros2_ws/build/localization_server/prefix_override:/home/user/ros2_ws/install/localization_server/lib/python3.10/site-packages:${PYTHONPATH} _=/usr/bin/env /usr/bin/python3 setup.py egg_info --egg-base ../../build/localization_server build --build-base /home/user/ros2_ws/build/localization_server/build install --record /home/user/ros2_ws/build/localization_server/install.log --single-version-externally-managed
