[0.747s] Invoking command in '/home/user/ros2_ws/src/localization_server': PYTHONPATH=/home/user/ros2_ws/build/localization_server/prefix_override:/home/user/ros2_ws/install/localization_server/lib/python3.10/site-packages:${PYTHONPATH} _=/usr/bin/env /usr/bin/python3 setup.py egg_info --egg-base ../../build/localization_server build --build-base /home/user/ros2_ws/build/localization_server/build install --record /home/user/ros2_ws/build/localization_server/install.log --single-version-externally-managed
[0.993s] running egg_info
[0.994s] writing ../../build/localization_server/localization_server.egg-info/PKG-INFO
[0.994s] writing dependency_links to ../../build/localization_server/localization_server.egg-info/dependency_links.txt
[0.994s] writing entry points to ../../build/localization_server/localization_server.egg-info/entry_points.txt
[0.994s] writing requirements to ../../build/localization_server/localization_server.egg-info/requires.txt
[0.995s] writing top-level names to ../../build/localization_server/localization_server.egg-info/top_level.txt
[0.996s] reading manifest file '../../build/localization_server/localization_server.egg-info/SOURCES.txt'
[0.997s] writing manifest file '../../build/localization_server/localization_server.egg-info/SOURCES.txt'
[0.997s] running build
[0.997s] running build_py
[0.997s] running install
[0.997s] /usr/lib/python3/dist-packages/setuptools/command/install.py:34: SetuptoolsDeprecationWarning: setup.py install is deprecated. Use build and pip and other standards-based tools.
[0.998s]   warnings.warn(
[0.998s] running install_lib
[0.999s] running install_data
[0.999s] copying launch/localization.launch.py -> /home/user/ros2_ws/install/localization_server/share/localization_server/launch
[0.999s] copying config/amcl_config.yaml -> /home/user/ros2_ws/install/localization_server/share/localization_server/config
[1.000s] running install_egg_info
[1.001s] removing '/home/user/ros2_ws/install/localization_server/lib/python3.10/site-packages/localization_server-0.0.0-py3.10.egg-info' (and everything under it)
[1.001s] Copying ../../build/localization_server/localization_server.egg-info to /home/user/ros2_ws/install/localization_server/lib/python3.10/site-packages/localization_server-0.0.0-py3.10.egg-info
[1.003s] running install_scripts
[1.023s] Installing initial_pose_pub script to /home/user/ros2_ws/install/localization_server/lib/localization_server
[1.023s] writing list of installed files to '/home/user/ros2_ws/build/localization_server/install.log'
[1.045s] Invoked command in '/home/user/ros2_ws/src/localization_server' returned '0': PYTHONPATH=/home/user/ros2_ws/build/localization_server/prefix_override:/home/user/ros2_ws/install/localization_server/lib/python3.10/site-packages:${PYTHONPATH} _=/usr/bin/env /usr/bin/python3 setup.py egg_info --egg-base ../../build/localization_server build --build-base /home/user/ros2_ws/build/localization_server/build install --record /home/user/ros2_ws/build/localization_server/install.log --single-version-externally-managed
