running develop
running egg_info
creating path_planner_server.egg-info
writing path_planner_server.egg-info/PKG-INFO
writing dependency_links to path_planner_server.egg-info/dependency_links.txt
writing entry points to path_planner_server.egg-info/entry_points.txt
writing requirements to path_planner_server.egg-info/requires.txt
writing top-level names to path_planner_server.egg-info/top_level.txt
writing manifest file 'path_planner_server.egg-info/SOURCES.txt'
reading manifest file 'path_planner_server.egg-info/SOURCES.txt'
writing manifest file 'path_planner_server.egg-info/SOURCES.txt'
running build_ext
Creating /home/user/ros2_ws/install/path_planner_server/lib/python3.10/site-packages/path-planner-server.egg-link (link to .)

Installed /home/user/ros2_ws/build/path_planner_server
running install_data
creating /home/user/ros2_ws/install/path_planner_server/share/ament_index
creating /home/user/ros2_ws/install/path_planner_server/share/ament_index/resource_index
creating /home/user/ros2_ws/install/path_planner_server/share/ament_index/resource_index/packages
copying resource/path_planner_server -> /home/user/ros2_ws/install/path_planner_server/share/ament_index/resource_index/packages
copying package.xml -> /home/user/ros2_ws/install/path_planner_server/share/path_planner_server
creating /home/user/ros2_ws/install/path_planner_server/share/path_planner_server/launch
copying launch/pathplanner.launch.py -> /home/user/ros2_ws/install/path_planner_server/share/path_planner_server/launch
creating /home/user/ros2_ws/install/path_planner_server/share/path_planner_server/config
copying config/controller.yaml -> /home/user/ros2_ws/install/path_planner_server/share/path_planner_server/config
copying config/recovery.yaml -> /home/user/ros2_ws/install/path_planner_server/share/path_planner_server/config
copying config/planner_server.yaml -> /home/user/ros2_ws/install/path_planner_server/share/path_planner_server/config
copying config/bt_navigator.yaml -> /home/user/ros2_ws/install/path_planner_server/share/path_planner_server/config
copying config/behavior.xml -> /home/user/ros2_ws/install/path_planner_server/share/path_planner_server/config
