[2.600s] Invoking command in '/home/user/ros2_ws/src/map_server': PYTHONPATH=/home/user/ros2_ws/build/map_server/prefix_override:/home/user/ros2_ws/install/map_server/lib/python3.10/site-packages:${PYTHONPATH} _=/usr/bin/env /usr/bin/python3 setup.py egg_info --egg-base ../../build/map_server build --build-base /home/user/ros2_ws/build/map_server/build install --record /home/user/ros2_ws/build/map_server/install.log --single-version-externally-managed
[3.301s] running egg_info
[3.302s] writing ../../build/map_server/map_server.egg-info/PKG-INFO
[3.302s] writing dependency_links to ../../build/map_server/map_server.egg-info/dependency_links.txt
[3.302s] writing entry points to ../../build/map_server/map_server.egg-info/entry_points.txt
[3.303s] writing requirements to ../../build/map_server/map_server.egg-info/requires.txt
[3.303s] writing top-level names to ../../build/map_server/map_server.egg-info/top_level.txt
[3.305s] reading manifest file '../../build/map_server/map_server.egg-info/SOURCES.txt'
[3.307s] writing manifest file '../../build/map_server/map_server.egg-info/SOURCES.txt'
[3.307s] running build
[3.307s] running build_py
[3.307s] running install
[3.308s] running install_lib
[3.310s] /usr/lib/python3/dist-packages/setuptools/command/install.py:34: SetuptoolsDeprecationWarning: setup.py install is deprecated. Use build and pip and other standards-based tools.
[3.310s]   warnings.warn(
[3.318s] running install_data
[3.318s] running install_egg_info
[3.318s] removing '/home/user/ros2_ws/install/map_server/lib/python3.10/site-packages/map_server-0.0.0-py3.10.egg-info' (and everything under it)
[3.318s] Copying ../../build/map_server/map_server.egg-info to /home/user/ros2_ws/install/map_server/lib/python3.10/site-packages/map_server-0.0.0-py3.10.egg-info
[3.319s] running install_scripts
[3.394s] writing list of installed files to '/home/user/ros2_ws/build/map_server/install.log'
[3.433s] Invoked command in '/home/user/ros2_ws/src/map_server' returned '0': PYTHONPATH=/home/user/ros2_ws/build/map_server/prefix_override:/home/user/ros2_ws/install/map_server/lib/python3.10/site-packages:${PYTHONPATH} _=/usr/bin/env /usr/bin/python3 setup.py egg_info --egg-base ../../build/map_server build --build-base /home/user/ros2_ws/build/map_server/build install --record /home/user/ros2_ws/build/map_server/install.log --single-version-externally-managed
