[7.159s] Invoking command in '/home/user/ros2_ws/src/ros2_nav_files/nav2_project': PYTHONPATH=/home/user/ros2_ws/build/nav2_project/prefix_override:/home/user/ros2_ws/install/nav2_project/lib/python3.10/site-packages:${PYTHONPATH} _=/usr/bin/env /usr/bin/python3 setup.py egg_info --egg-base ../../../build/nav2_project build --build-base /home/user/ros2_ws/build/nav2_project/build install --record /home/user/ros2_ws/build/nav2_project/install.log --install-scripts $base/lib/nav2_project --single-version-externally-managed
[8.178s] /usr/lib/python3/dist-packages/setuptools/dist.py:723: UserWarning: Usage of dash-separated 'script-dir' will not be supported in future versions. Please use the underscore name 'script_dir' instead
[8.178s]   warnings.warn(
[8.257s] running egg_info
[8.258s] writing ../../../build/nav2_project/nav2_project.egg-info/PKG-INFO
[8.259s] writing dependency_links to ../../../build/nav2_project/nav2_project.egg-info/dependency_links.txt
[8.260s] writing entry points to ../../../build/nav2_project/nav2_project.egg-info/entry_points.txt
[8.261s] writing requirements to ../../../build/nav2_project/nav2_project.egg-info/requires.txt
[8.261s] writing top-level names to ../../../build/nav2_project/nav2_project.egg-info/top_level.txt
[8.263s] reading manifest file '../../../build/nav2_project/nav2_project.egg-info/SOURCES.txt'
[8.266s] writing manifest file '../../../build/nav2_project/nav2_project.egg-info/SOURCES.txt'
[8.267s] running build
[8.267s] running build_py
[8.267s] running install
[8.268s] /usr/lib/python3/dist-packages/setuptools/command/install.py:34: SetuptoolsDeprecationWarning: setup.py install is deprecated. Use build and pip and other standards-based tools.
[8.269s]   warnings.warn(
[8.270s] running install_lib
[8.274s] running install_data
[8.278s] running install_egg_info
[8.282s] removing '/home/user/ros2_ws/install/nav2_project/lib/python3.10/site-packages/nav2_project-0.0.0-py3.10.egg-info' (and everything under it)
[8.284s] Copying ../../../build/nav2_project/nav2_project.egg-info to /home/user/ros2_ws/install/nav2_project/lib/python3.10/site-packages/nav2_project-0.0.0-py3.10.egg-info
[8.290s] running install_scripts
[8.392s] Installing go_to_pose script to /home/user/ros2_ws/install/nav2_project/lib/nav2_project
[8.392s] Installing spot_recorder script to /home/user/ros2_ws/install/nav2_project/lib/nav2_project
[8.392s] writing list of installed files to '/home/user/ros2_ws/build/nav2_project/install.log'
[8.559s] Invoked command in '/home/user/ros2_ws/src/ros2_nav_files/nav2_project' returned '0': PYTHONPATH=/home/user/ros2_ws/build/nav2_project/prefix_override:/home/user/ros2_ws/install/nav2_project/lib/python3.10/site-packages:${PYTHONPATH} _=/usr/bin/env /usr/bin/python3 setup.py egg_info --egg-base ../../../build/nav2_project build --build-base /home/user/ros2_ws/build/nav2_project/build install --record /home/user/ros2_ws/build/nav2_project/install.log --install-scripts $base/lib/nav2_project --single-version-externally-managed
