[1.979s] DEBUG:colcon:Command line arguments: ['/usr/bin/colcon', 'build', '--packages-select', 'map_server']
[1.979s] DEBUG:colcon:Parsed command line arguments: Namespace(log_base=None, log_level=None, verb_name='build', build_base='build', install_base='install', merge_install=False, symlink_install=False, test_result_base=None, continue_on_error=False, executor='parallel', parallel_workers=8, event_handlers=None, ignore_user_meta=False, metas=['./colcon.meta'], base_paths=['.'], packages_ignore=None, packages_ignore_regex=None, paths=None, packages_up_to=None, packages_up_to_regex=None, packages_above=None, packages_above_and_dependencies=None, packages_above_depth=None, packages_select_by_dep=None, packages_skip_by_dep=None, packages_skip_up_to=None, packages_select_build_failed=False, packages_skip_build_finished=False, packages_select_test_failures=False, packages_skip_test_passed=False, packages_select=['map_server'], packages_skip=None, packages_select_regex=None, packages_skip_regex=None, packages_start=None, packages_end=None, cmake_args=None, cmake_target=None, cmake_target_skip_unavailable=False, cmake_clean_cache=False, cmake_clean_first=False, cmake_force_configure=False, ament_cmake_args=None, catkin_cmake_args=None, catkin_skip_building_tests=False, mixin_files=None, mixin=None, verb_parser=<colcon_mixin.mixin.mixin_argument.MixinArgumentDecorator object at 0x7f2248d52530>, verb_extension=<colcon_core.verb.build.BuildVerb object at 0x7f22491a3c10>, main=<bound method BuildVerb.main of <colcon_core.verb.build.BuildVerb object at 0x7f22491a3c10>>, mixin_verb=('build',))
[2.059s] Level 1:colcon.colcon_core.package_discovery:discover_packages(colcon_meta) check parameters
[2.059s] Level 1:colcon.colcon_core.package_discovery:discover_packages(recursive) check parameters
[2.059s] Level 1:colcon.colcon_core.package_discovery:discover_packages(ignore) check parameters
[2.059s] Level 1:colcon.colcon_core.package_discovery:discover_packages(path) check parameters
[2.059s] Level 1:colcon.colcon_core.package_discovery:discover_packages(colcon_meta) discover
[2.059s] Level 1:colcon.colcon_core.package_discovery:discover_packages(recursive) discover
[2.059s] INFO:colcon.colcon_core.package_discovery:Crawling recursively for packages in '/home/user/ros2_ws'
[2.059s] Level 1:colcon.colcon_core.package_identification:_identify(.) by extensions ['ignore', 'ignore_ament_install']
[2.060s] Level 1:colcon.colcon_core.package_identification:_identify(.) by extension 'ignore'
[2.060s] Level 1:colcon.colcon_core.package_identification:_identify(.) by extension 'ignore_ament_install'
[2.060s] Level 1:colcon.colcon_core.package_identification:_identify(.) by extensions ['colcon_pkg']
[2.060s] Level 1:colcon.colcon_core.package_identification:_identify(.) by extension 'colcon_pkg'
[2.060s] Level 1:colcon.colcon_core.package_identification:_identify(.) by extensions ['colcon_meta']
[2.060s] Level 1:colcon.colcon_core.package_identification:_identify(.) by extension 'colcon_meta'
[2.060s] Level 1:colcon.colcon_core.package_identification:_identify(.) by extensions ['ros']
[2.060s] Level 1:colcon.colcon_core.package_identification:_identify(.) by extension 'ros'
[2.091s] Level 1:colcon.colcon_core.package_identification:_identify(.) by extensions ['cmake', 'python']
[2.091s] Level 1:colcon.colcon_core.package_identification:_identify(.) by extension 'cmake'
[2.092s] Level 1:colcon.colcon_core.package_identification:_identify(.) by extension 'python'
[2.092s] Level 1:colcon.colcon_core.package_identification:_identify(.) by extensions ['python_setup_py']
[2.092s] Level 1:colcon.colcon_core.package_identification:_identify(.) by extension 'python_setup_py'
[2.092s] Level 1:colcon.colcon_core.package_identification:_identify(build) by extensions ['ignore', 'ignore_ament_install']
[2.092s] Level 1:colcon.colcon_core.package_identification:_identify(build) by extension 'ignore'
[2.092s] Level 1:colcon.colcon_core.package_identification:_identify(build) ignored
[2.092s] Level 1:colcon.colcon_core.package_identification:_identify(install) by extensions ['ignore', 'ignore_ament_install']
[2.092s] Level 1:colcon.colcon_core.package_identification:_identify(install) by extension 'ignore'
[2.092s] Level 1:colcon.colcon_core.package_identification:_identify(install) ignored
[2.092s] Level 1:colcon.colcon_core.package_identification:_identify(log) by extensions ['ignore', 'ignore_ament_install']
[2.093s] Level 1:colcon.colcon_core.package_identification:_identify(log) by extension 'ignore'
[2.093s] Level 1:colcon.colcon_core.package_identification:_identify(log) ignored
[2.093s] Level 1:colcon.colcon_core.package_identification:_identify(src) by extensions ['ignore', 'ignore_ament_install']
[2.093s] Level 1:colcon.colcon_core.package_identification:_identify(src) by extension 'ignore'
[2.093s] Level 1:colcon.colcon_core.package_identification:_identify(src) by extension 'ignore_ament_install'
[2.093s] Level 1:colcon.colcon_core.package_identification:_identify(src) by extensions ['colcon_pkg']
[2.093s] Level 1:colcon.colcon_core.package_identification:_identify(src) by extension 'colcon_pkg'
[2.093s] Level 1:colcon.colcon_core.package_identification:_identify(src) by extensions ['colcon_meta']
[2.093s] Level 1:colcon.colcon_core.package_identification:_identify(src) by extension 'colcon_meta'
[2.093s] Level 1:colcon.colcon_core.package_identification:_identify(src) by extensions ['ros']
[2.093s] Level 1:colcon.colcon_core.package_identification:_identify(src) by extension 'ros'
[2.093s] Level 1:colcon.colcon_core.package_identification:_identify(src) by extensions ['cmake', 'python']
[2.094s] Level 1:colcon.colcon_core.package_identification:_identify(src) by extension 'cmake'
[2.094s] Level 1:colcon.colcon_core.package_identification:_identify(src) by extension 'python'
[2.094s] Level 1:colcon.colcon_core.package_identification:_identify(src) by extensions ['python_setup_py']
[2.094s] Level 1:colcon.colcon_core.package_identification:_identify(src) by extension 'python_setup_py'
[2.094s] Level 1:colcon.colcon_core.package_identification:_identify(src/cartographer_slam) by extensions ['ignore', 'ignore_ament_install']
[2.094s] Level 1:colcon.colcon_core.package_identification:_identify(src/cartographer_slam) by extension 'ignore'
[2.094s] Level 1:colcon.colcon_core.package_identification:_identify(src/cartographer_slam) by extension 'ignore_ament_install'
[2.094s] Level 1:colcon.colcon_core.package_identification:_identify(src/cartographer_slam) by extensions ['colcon_pkg']
[2.094s] Level 1:colcon.colcon_core.package_identification:_identify(src/cartographer_slam) by extension 'colcon_pkg'
[2.094s] Level 1:colcon.colcon_core.package_identification:_identify(src/cartographer_slam) by extensions ['colcon_meta']
[2.094s] Level 1:colcon.colcon_core.package_identification:_identify(src/cartographer_slam) by extension 'colcon_meta'
[2.094s] Level 1:colcon.colcon_core.package_identification:_identify(src/cartographer_slam) by extensions ['ros']
[2.094s] Level 1:colcon.colcon_core.package_identification:_identify(src/cartographer_slam) by extension 'ros'
[2.098s] DEBUG:colcon.colcon_core.package_identification:Package 'src/cartographer_slam' with type 'ros.ament_python' and name 'cartographer_slam'
[2.098s] Level 1:colcon.colcon_core.package_identification:_identify(src/map_server) by extensions ['ignore', 'ignore_ament_install']
[2.098s] Level 1:colcon.colcon_core.package_identification:_identify(src/map_server) by extension 'ignore'
[2.098s] Level 1:colcon.colcon_core.package_identification:_identify(src/map_server) by extension 'ignore_ament_install'
[2.098s] Level 1:colcon.colcon_core.package_identification:_identify(src/map_server) by extensions ['colcon_pkg']
[2.098s] Level 1:colcon.colcon_core.package_identification:_identify(src/map_server) by extension 'colcon_pkg'
[2.098s] Level 1:colcon.colcon_core.package_identification:_identify(src/map_server) by extensions ['colcon_meta']
[2.098s] Level 1:colcon.colcon_core.package_identification:_identify(src/map_server) by extension 'colcon_meta'
[2.099s] Level 1:colcon.colcon_core.package_identification:_identify(src/map_server) by extensions ['ros']
[2.099s] Level 1:colcon.colcon_core.package_identification:_identify(src/map_server) by extension 'ros'
[2.099s] DEBUG:colcon.colcon_core.package_identification:Package 'src/map_server' with type 'ros.ament_python' and name 'map_server'
[2.100s] Level 1:colcon.colcon_core.package_identification:_identify(src/ros2_nav_files) by extensions ['ignore', 'ignore_ament_install']
[2.100s] Level 1:colcon.colcon_core.package_identification:_identify(src/ros2_nav_files) by extension 'ignore'
[2.100s] Level 1:colcon.colcon_core.package_identification:_identify(src/ros2_nav_files) by extension 'ignore_ament_install'
[2.100s] Level 1:colcon.colcon_core.package_identification:_identify(src/ros2_nav_files) by extensions ['colcon_pkg']
[2.100s] Level 1:colcon.colcon_core.package_identification:_identify(src/ros2_nav_files) by extension 'colcon_pkg'
[2.100s] Level 1:colcon.colcon_core.package_identification:_identify(src/ros2_nav_files) by extensions ['colcon_meta']
[2.100s] Level 1:colcon.colcon_core.package_identification:_identify(src/ros2_nav_files) by extension 'colcon_meta'
[2.100s] Level 1:colcon.colcon_core.package_identification:_identify(src/ros2_nav_files) by extensions ['ros']
[2.100s] Level 1:colcon.colcon_core.package_identification:_identify(src/ros2_nav_files) by extension 'ros'
[2.100s] Level 1:colcon.colcon_core.package_identification:_identify(src/ros2_nav_files) by extensions ['cmake', 'python']
[2.100s] Level 1:colcon.colcon_core.package_identification:_identify(src/ros2_nav_files) by extension 'cmake'
[2.100s] Level 1:colcon.colcon_core.package_identification:_identify(src/ros2_nav_files) by extension 'python'
[2.100s] Level 1:colcon.colcon_core.package_identification:_identify(src/ros2_nav_files) by extensions ['python_setup_py']
[2.100s] Level 1:colcon.colcon_core.package_identification:_identify(src/ros2_nav_files) by extension 'python_setup_py'
[2.101s] Level 1:colcon.colcon_core.package_identification:_identify(src/ros2_nav_files/nav2_course) by extensions ['ignore', 'ignore_ament_install']
[2.101s] Level 1:colcon.colcon_core.package_identification:_identify(src/ros2_nav_files/nav2_course) by extension 'ignore'
[2.101s] Level 1:colcon.colcon_core.package_identification:_identify(src/ros2_nav_files/nav2_course) by extension 'ignore_ament_install'
[2.101s] Level 1:colcon.colcon_core.package_identification:_identify(src/ros2_nav_files/nav2_course) by extensions ['colcon_pkg']
[2.101s] Level 1:colcon.colcon_core.package_identification:_identify(src/ros2_nav_files/nav2_course) by extension 'colcon_pkg'
[2.101s] Level 1:colcon.colcon_core.package_identification:_identify(src/ros2_nav_files/nav2_course) by extensions ['colcon_meta']
[2.101s] Level 1:colcon.colcon_core.package_identification:_identify(src/ros2_nav_files/nav2_course) by extension 'colcon_meta'
[2.101s] Level 1:colcon.colcon_core.package_identification:_identify(src/ros2_nav_files/nav2_course) by extensions ['ros']
[2.101s] Level 1:colcon.colcon_core.package_identification:_identify(src/ros2_nav_files/nav2_course) by extension 'ros'
[2.102s] DEBUG:colcon.colcon_core.package_identification:Package 'src/ros2_nav_files/nav2_course' with type 'ros.ament_cmake' and name 'nav2_course'
[2.102s] Level 1:colcon.colcon_core.package_identification:_identify(src/ros2_nav_files/nav2_project) by extensions ['ignore', 'ignore_ament_install']
[2.102s] Level 1:colcon.colcon_core.package_identification:_identify(src/ros2_nav_files/nav2_project) by extension 'ignore'
[2.102s] Level 1:colcon.colcon_core.package_identification:_identify(src/ros2_nav_files/nav2_project) by extension 'ignore_ament_install'
[2.102s] Level 1:colcon.colcon_core.package_identification:_identify(src/ros2_nav_files/nav2_project) by extensions ['colcon_pkg']
[2.102s] Level 1:colcon.colcon_core.package_identification:_identify(src/ros2_nav_files/nav2_project) by extension 'colcon_pkg'
[2.102s] Level 1:colcon.colcon_core.package_identification:_identify(src/ros2_nav_files/nav2_project) by extensions ['colcon_meta']
[2.102s] Level 1:colcon.colcon_core.package_identification:_identify(src/ros2_nav_files/nav2_project) by extension 'colcon_meta'
[2.102s] Level 1:colcon.colcon_core.package_identification:_identify(src/ros2_nav_files/nav2_project) by extensions ['ros']
[2.103s] Level 1:colcon.colcon_core.package_identification:_identify(src/ros2_nav_files/nav2_project) by extension 'ros'
[2.103s] DEBUG:colcon.colcon_core.package_identification:Package 'src/ros2_nav_files/nav2_project' with type 'ros.ament_python' and name 'nav2_project'
[2.103s] Level 1:colcon.colcon_core.package_identification:_identify(src/ros2_nav_files/rviz) by extensions ['ignore', 'ignore_ament_install']
[2.103s] Level 1:colcon.colcon_core.package_identification:_identify(src/ros2_nav_files/rviz) by extension 'ignore'
[2.103s] Level 1:colcon.colcon_core.package_identification:_identify(src/ros2_nav_files/rviz) by extension 'ignore_ament_install'
[2.103s] Level 1:colcon.colcon_core.package_identification:_identify(src/ros2_nav_files/rviz) by extensions ['colcon_pkg']
[2.104s] Level 1:colcon.colcon_core.package_identification:_identify(src/ros2_nav_files/rviz) by extension 'colcon_pkg'
[2.104s] Level 1:colcon.colcon_core.package_identification:_identify(src/ros2_nav_files/rviz) by extensions ['colcon_meta']
[2.104s] Level 1:colcon.colcon_core.package_identification:_identify(src/ros2_nav_files/rviz) by extension 'colcon_meta'
[2.104s] Level 1:colcon.colcon_core.package_identification:_identify(src/ros2_nav_files/rviz) by extensions ['ros']
[2.104s] Level 1:colcon.colcon_core.package_identification:_identify(src/ros2_nav_files/rviz) by extension 'ros'
[2.104s] Level 1:colcon.colcon_core.package_identification:_identify(src/ros2_nav_files/rviz) by extensions ['cmake', 'python']
[2.104s] Level 1:colcon.colcon_core.package_identification:_identify(src/ros2_nav_files/rviz) by extension 'cmake'
[2.104s] Level 1:colcon.colcon_core.package_identification:_identify(src/ros2_nav_files/rviz) by extension 'python'
[2.104s] Level 1:colcon.colcon_core.package_identification:_identify(src/ros2_nav_files/rviz) by extensions ['python_setup_py']
[2.104s] Level 1:colcon.colcon_core.package_identification:_identify(src/ros2_nav_files/rviz) by extension 'python_setup_py'
[2.104s] Level 1:colcon.colcon_core.package_discovery:discover_packages(recursive) using defaults
[2.104s] Level 1:colcon.colcon_core.package_discovery:discover_packages(ignore) discover
[2.104s] Level 1:colcon.colcon_core.package_discovery:discover_packages(ignore) using defaults
[2.104s] Level 1:colcon.colcon_core.package_discovery:discover_packages(path) discover
[2.104s] Level 1:colcon.colcon_core.package_discovery:discover_packages(path) using defaults
[2.193s] INFO:colcon.colcon_core.package_selection:Skipping not selected package 'cartographer_slam' in 'src/cartographer_slam'
[2.193s] INFO:colcon.colcon_core.package_selection:Skipping not selected package 'nav2_course' in 'src/ros2_nav_files/nav2_course'
[2.193s] INFO:colcon.colcon_core.package_selection:Skipping not selected package 'nav2_project' in 'src/ros2_nav_files/nav2_project'
[2.215s] Level 5:colcon.colcon_core.verb:set package 'map_server' build argument 'cmake_args' from command line to 'None'
[2.215s] Level 5:colcon.colcon_core.verb:set package 'map_server' build argument 'cmake_target' from command line to 'None'
[2.215s] Level 5:colcon.colcon_core.verb:set package 'map_server' build argument 'cmake_target_skip_unavailable' from command line to 'False'
[2.215s] Level 5:colcon.colcon_core.verb:set package 'map_server' build argument 'cmake_clean_cache' from command line to 'False'
[2.215s] Level 5:colcon.colcon_core.verb:set package 'map_server' build argument 'cmake_clean_first' from command line to 'False'
[2.215s] Level 5:colcon.colcon_core.verb:set package 'map_server' build argument 'cmake_force_configure' from command line to 'False'
[2.215s] Level 5:colcon.colcon_core.verb:set package 'map_server' build argument 'ament_cmake_args' from command line to 'None'
[2.215s] Level 5:colcon.colcon_core.verb:set package 'map_server' build argument 'catkin_cmake_args' from command line to 'None'
[2.216s] Level 5:colcon.colcon_core.verb:set package 'map_server' build argument 'catkin_skip_building_tests' from command line to 'False'
[2.216s] DEBUG:colcon.colcon_core.verb:Building package 'map_server' with the following arguments: {'ament_cmake_args': None, 'build_base': '/home/user/ros2_ws/build/map_server', 'catkin_cmake_args': None, 'catkin_skip_building_tests': False, 'cmake_args': None, 'cmake_clean_cache': False, 'cmake_clean_first': False, 'cmake_force_configure': False, 'cmake_target': None, 'cmake_target_skip_unavailable': False, 'install_base': '/home/user/ros2_ws/install/map_server', 'merge_install': False, 'path': '/home/user/ros2_ws/src/map_server', 'symlink_install': False, 'test_result_base': None}
[2.234s] INFO:colcon.colcon_core.executor:Executing jobs using 'parallel' executor
[2.254s] DEBUG:colcon.colcon_parallel_executor.executor.parallel:run_until_complete
[2.254s] INFO:colcon.colcon_ros.task.ament_python.build:Building ROS package in '/home/user/ros2_ws/src/map_server' with build type 'ament_python'
[2.254s] Level 1:colcon.colcon_core.shell:create_environment_hook('map_server', 'ament_prefix_path')
[2.280s] INFO:colcon.colcon_core.plugin_system:Skipping extension 'colcon_core.shell.bat': Not used on non-Windows systems
[2.280s] INFO:colcon.colcon_core.shell:Creating environment hook '/home/user/ros2_ws/install/map_server/share/map_server/hook/ament_prefix_path.ps1'
[2.281s] INFO:colcon.colcon_core.shell:Creating environment descriptor '/home/user/ros2_ws/install/map_server/share/map_server/hook/ament_prefix_path.dsv'
[2.282s] INFO:colcon.colcon_core.shell:Creating environment hook '/home/user/ros2_ws/install/map_server/share/map_server/hook/ament_prefix_path.sh'
[2.304s] INFO:colcon.colcon_core.shell:Skip shell extension 'powershell' for command environment: Not usable outside of PowerShell
[2.304s] DEBUG:colcon.colcon_core.shell:Skip shell extension 'dsv' for command environment
[2.326s] WARNING:colcon.colcon_ros.prefix_path.ament:The path '/home/user/ros2_ws/install/nav2_project' in the environment variable AMENT_PREFIX_PATH doesn't exist
[2.326s] WARNING:colcon.colcon_ros.prefix_path.ament:The path '/home/user/ros2_ws/install/nav2_course' in the environment variable AMENT_PREFIX_PATH doesn't exist
[2.327s] WARNING:colcon.colcon_ros.prefix_path.catkin:The path '/home/user/ros2_ws/install/nav2_course' in the environment variable CMAKE_PREFIX_PATH doesn't exist
[2.757s] INFO:colcon.colcon_core.task.python.build:Building Python package in '/home/user/ros2_ws/src/map_server'
[2.778s] INFO:colcon.colcon_core.shell:Skip shell extension 'powershell' for command environment: Not usable outside of PowerShell
[2.778s] DEBUG:colcon.colcon_core.shell:Skip shell extension 'dsv' for command environment
[3.392s] DEBUG:colcon.colcon_core.event_handler.log_command:Invoking command in '/home/user/ros2_ws/src/map_server': PYTHONPATH=/home/user/ros2_ws/build/map_server/prefix_override:/home/user/ros2_ws/install/map_server/lib/python3.10/site-packages:${PYTHONPATH} _=/usr/bin/env /usr/bin/python3 setup.py egg_info --egg-base ../../build/map_server build --build-base /home/user/ros2_ws/build/map_server/build install --record /home/user/ros2_ws/build/map_server/install.log --single-version-externally-managed
[3.866s] DEBUG:colcon.colcon_core.event_handler.log_command:Invoked command in '/home/user/ros2_ws/src/map_server' returned '0': PYTHONPATH=/home/user/ros2_ws/build/map_server/prefix_override:/home/user/ros2_ws/install/map_server/lib/python3.10/site-packages:${PYTHONPATH} _=/usr/bin/env /usr/bin/python3 setup.py egg_info --egg-base ../../build/map_server build --build-base /home/user/ros2_ws/build/map_server/build install --record /home/user/ros2_ws/build/map_server/install.log --single-version-externally-managed
[3.892s] Level 1:colcon.colcon_core.environment:checking '/home/user/ros2_ws/install/map_server' for CMake module files
[3.893s] Level 1:colcon.colcon_core.environment:checking '/home/user/ros2_ws/install/map_server' for CMake config files
[3.894s] Level 1:colcon.colcon_core.environment:checking '/home/user/ros2_ws/install/map_server/lib'
[3.894s] Level 1:colcon.colcon_core.environment:checking '/home/user/ros2_ws/install/map_server/bin'
[3.894s] Level 1:colcon.colcon_core.environment:checking '/home/user/ros2_ws/install/map_server/lib/pkgconfig/map_server.pc'
[3.895s] Level 1:colcon.colcon_core.environment:checking '/home/user/ros2_ws/install/map_server/lib/python3.10/site-packages'
[3.895s] Level 1:colcon.colcon_core.shell:create_environment_hook('map_server', 'pythonpath')
[3.925s] INFO:colcon.colcon_core.shell:Creating environment hook '/home/user/ros2_ws/install/map_server/share/map_server/hook/pythonpath.ps1'
[3.926s] INFO:colcon.colcon_core.shell:Creating environment descriptor '/home/user/ros2_ws/install/map_server/share/map_server/hook/pythonpath.dsv'
[3.926s] INFO:colcon.colcon_core.shell:Creating environment hook '/home/user/ros2_ws/install/map_server/share/map_server/hook/pythonpath.sh'
[3.927s] Level 1:colcon.colcon_core.environment:checking '/home/user/ros2_ws/install/map_server/bin'
[3.927s] Level 1:colcon.colcon_core.environment:create_environment_scripts_only(map_server)
[3.952s] INFO:colcon.colcon_core.shell:Creating package script '/home/user/ros2_ws/install/map_server/share/map_server/package.ps1'
[3.953s] INFO:colcon.colcon_core.shell:Creating package descriptor '/home/user/ros2_ws/install/map_server/share/map_server/package.dsv'
[3.954s] INFO:colcon.colcon_core.shell:Creating package script '/home/user/ros2_ws/install/map_server/share/map_server/package.sh'
[3.955s] INFO:colcon.colcon_core.shell:Creating package script '/home/user/ros2_ws/install/map_server/share/map_server/package.bash'
[3.956s] INFO:colcon.colcon_core.shell:Creating package script '/home/user/ros2_ws/install/map_server/share/map_server/package.zsh'
[3.956s] Level 1:colcon.colcon_core.environment:create_file_with_runtime_dependencies(/home/user/ros2_ws/install/map_server/share/colcon-core/packages/map_server)
[3.957s] DEBUG:colcon.colcon_parallel_executor.executor.parallel:closing loop
[3.958s] DEBUG:colcon.colcon_parallel_executor.executor.parallel:loop closed
[3.959s] DEBUG:colcon.colcon_parallel_executor.executor.parallel:run_until_complete finished with '0'
[3.959s] DEBUG:colcon.colcon_core.event_reactor:joining thread
[4.010s] INFO:colcon.colcon_core.plugin_system:Skipping extension 'colcon_notification.desktop_notification.notify_send': Could not find 'notify-send'
[4.010s] INFO:colcon.colcon_core.plugin_system:Skipping extension 'colcon_notification.desktop_notification.terminal_notifier': Not used on non-Darwin systems
[4.010s] INFO:colcon.colcon_core.plugin_system:Skipping extension 'colcon_notification.desktop_notification.win32': Not used on non-Windows systems
[4.010s] INFO:colcon.colcon_notification.desktop_notification:Sending desktop notification using 'notify2'
[4.014s] DEBUG:colcon.colcon_notification.desktop_notification.notify2:Failed to initialize notify2: org.freedesktop.DBus.Error.Spawn.ExecFailed: /usr/bin/dbus-launch terminated abnormally without any error message
[4.015s] DEBUG:colcon.colcon_core.event_reactor:joined thread
[4.048s] INFO:colcon.colcon_core.shell:Creating prefix script '/home/user/ros2_ws/install/local_setup.ps1'
[4.049s] INFO:colcon.colcon_core.shell:Creating prefix util module '/home/user/ros2_ws/install/_local_setup_util_ps1.py'
[4.051s] INFO:colcon.colcon_core.shell:Creating prefix chain script '/home/user/ros2_ws/install/setup.ps1'
[4.079s] INFO:colcon.colcon_core.shell:Creating prefix script '/home/user/ros2_ws/install/local_setup.sh'
[4.080s] INFO:colcon.colcon_core.shell:Creating prefix util module '/home/user/ros2_ws/install/_local_setup_util_sh.py'
[4.080s] INFO:colcon.colcon_core.shell:Creating prefix chain script '/home/user/ros2_ws/install/setup.sh'
[4.102s] INFO:colcon.colcon_core.shell:Creating prefix script '/home/user/ros2_ws/install/local_setup.bash'
[4.102s] INFO:colcon.colcon_core.shell:Creating prefix chain script '/home/user/ros2_ws/install/setup.bash'
[4.127s] INFO:colcon.colcon_core.shell:Creating prefix script '/home/user/ros2_ws/install/local_setup.zsh'
[4.128s] INFO:colcon.colcon_core.shell:Creating prefix chain script '/home/user/ros2_ws/install/setup.zsh'
