[1.986s] DEBUG:colcon:Command line arguments: ['/usr/bin/colcon', 'build']
[1.986s] DEBUG:colcon:Parsed command line arguments: Namespace(log_base=None, log_level=None, verb_name='build', build_base='build', install_base='install', merge_install=False, symlink_install=False, test_result_base=None, continue_on_error=False, executor='parallel', parallel_workers=8, event_handlers=None, ignore_user_meta=False, metas=['./colcon.meta'], base_paths=['.'], packages_ignore=None, packages_ignore_regex=None, paths=None, packages_up_to=None, packages_up_to_regex=None, packages_above=None, packages_above_and_dependencies=None, packages_above_depth=None, packages_select_by_dep=None, packages_skip_by_dep=None, packages_skip_up_to=None, packages_select_build_failed=False, packages_skip_build_finished=False, packages_select_test_failures=False, packages_skip_test_passed=False, packages_select=None, packages_skip=None, packages_select_regex=None, packages_skip_regex=None, packages_start=None, packages_end=None, cmake_args=None, cmake_target=None, cmake_target_skip_unavailable=False, cmake_clean_cache=False, cmake_clean_first=False, cmake_force_configure=False, ament_cmake_args=None, catkin_cmake_args=None, catkin_skip_building_tests=False, mixin_files=None, mixin=None, verb_parser=<colcon_mixin.mixin.mixin_argument.MixinArgumentDecorator object at 0x7fa43d681930>, verb_extension=<colcon_core.verb.build.BuildVerb object at 0x7fa43da6bf10>, main=<bound method BuildVerb.main of <colcon_core.verb.build.BuildVerb object at 0x7fa43da6bf10>>, mixin_verb=('build',))
[2.058s] Level 1:colcon.colcon_core.package_discovery:discover_packages(colcon_meta) check parameters
[2.058s] Level 1:colcon.colcon_core.package_discovery:discover_packages(recursive) check parameters
[2.058s] Level 1:colcon.colcon_core.package_discovery:discover_packages(ignore) check parameters
[2.058s] Level 1:colcon.colcon_core.package_discovery:discover_packages(path) check parameters
[2.058s] Level 1:colcon.colcon_core.package_discovery:discover_packages(colcon_meta) discover
[2.058s] Level 1:colcon.colcon_core.package_discovery:discover_packages(recursive) discover
[2.058s] INFO:colcon.colcon_core.package_discovery:Crawling recursively for packages in '/home/user/ros2_ws'
[2.059s] Level 1:colcon.colcon_core.package_identification:_identify(.) by extensions ['ignore', 'ignore_ament_install']
[2.059s] Level 1:colcon.colcon_core.package_identification:_identify(.) by extension 'ignore'
[2.059s] Level 1:colcon.colcon_core.package_identification:_identify(.) by extension 'ignore_ament_install'
[2.059s] Level 1:colcon.colcon_core.package_identification:_identify(.) by extensions ['colcon_pkg']
[2.059s] Level 1:colcon.colcon_core.package_identification:_identify(.) by extension 'colcon_pkg'
[2.059s] Level 1:colcon.colcon_core.package_identification:_identify(.) by extensions ['colcon_meta']
[2.059s] Level 1:colcon.colcon_core.package_identification:_identify(.) by extension 'colcon_meta'
[2.059s] Level 1:colcon.colcon_core.package_identification:_identify(.) by extensions ['ros']
[2.059s] Level 1:colcon.colcon_core.package_identification:_identify(.) by extension 'ros'
[2.091s] Level 1:colcon.colcon_core.package_identification:_identify(.) by extensions ['cmake', 'python']
[2.092s] Level 1:colcon.colcon_core.package_identification:_identify(.) by extension 'cmake'
[2.092s] Level 1:colcon.colcon_core.package_identification:_identify(.) by extension 'python'
[2.092s] Level 1:colcon.colcon_core.package_identification:_identify(.) by extensions ['python_setup_py']
[2.092s] Level 1:colcon.colcon_core.package_identification:_identify(.) by extension 'python_setup_py'
[2.092s] Level 1:colcon.colcon_core.package_identification:_identify(build) by extensions ['ignore', 'ignore_ament_install']
[2.092s] Level 1:colcon.colcon_core.package_identification:_identify(build) by extension 'ignore'
[2.092s] Level 1:colcon.colcon_core.package_identification:_identify(build) ignored
[2.093s] Level 1:colcon.colcon_core.package_identification:_identify(install) by extensions ['ignore', 'ignore_ament_install']
[2.093s] Level 1:colcon.colcon_core.package_identification:_identify(install) by extension 'ignore'
[2.093s] Level 1:colcon.colcon_core.package_identification:_identify(install) ignored
[2.093s] Level 1:colcon.colcon_core.package_identification:_identify(log) by extensions ['ignore', 'ignore_ament_install']
[2.093s] Level 1:colcon.colcon_core.package_identification:_identify(log) by extension 'ignore'
[2.093s] Level 1:colcon.colcon_core.package_identification:_identify(log) ignored
[2.094s] Level 1:colcon.colcon_core.package_identification:_identify(src) by extensions ['ignore', 'ignore_ament_install']
[2.094s] Level 1:colcon.colcon_core.package_identification:_identify(src) by extension 'ignore'
[2.094s] Level 1:colcon.colcon_core.package_identification:_identify(src) by extension 'ignore_ament_install'
[2.094s] Level 1:colcon.colcon_core.package_identification:_identify(src) by extensions ['colcon_pkg']
[2.094s] Level 1:colcon.colcon_core.package_identification:_identify(src) by extension 'colcon_pkg'
[2.094s] Level 1:colcon.colcon_core.package_identification:_identify(src) by extensions ['colcon_meta']
[2.094s] Level 1:colcon.colcon_core.package_identification:_identify(src) by extension 'colcon_meta'
[2.094s] Level 1:colcon.colcon_core.package_identification:_identify(src) by extensions ['ros']
[2.094s] Level 1:colcon.colcon_core.package_identification:_identify(src) by extension 'ros'
[2.094s] Level 1:colcon.colcon_core.package_identification:_identify(src) by extensions ['cmake', 'python']
[2.094s] Level 1:colcon.colcon_core.package_identification:_identify(src) by extension 'cmake'
[2.094s] Level 1:colcon.colcon_core.package_identification:_identify(src) by extension 'python'
[2.094s] Level 1:colcon.colcon_core.package_identification:_identify(src) by extensions ['python_setup_py']
[2.095s] Level 1:colcon.colcon_core.package_identification:_identify(src) by extension 'python_setup_py'
[2.095s] Level 1:colcon.colcon_core.package_identification:_identify(src/cartographer_slam) by extensions ['ignore', 'ignore_ament_install']
[2.095s] Level 1:colcon.colcon_core.package_identification:_identify(src/cartographer_slam) by extension 'ignore'
[2.095s] Level 1:colcon.colcon_core.package_identification:_identify(src/cartographer_slam) by extension 'ignore_ament_install'
[2.095s] Level 1:colcon.colcon_core.package_identification:_identify(src/cartographer_slam) by extensions ['colcon_pkg']
[2.095s] Level 1:colcon.colcon_core.package_identification:_identify(src/cartographer_slam) by extension 'colcon_pkg'
[2.095s] Level 1:colcon.colcon_core.package_identification:_identify(src/cartographer_slam) by extensions ['colcon_meta']
[2.095s] Level 1:colcon.colcon_core.package_identification:_identify(src/cartographer_slam) by extension 'colcon_meta'
[2.095s] Level 1:colcon.colcon_core.package_identification:_identify(src/cartographer_slam) by extensions ['ros']
[2.095s] Level 1:colcon.colcon_core.package_identification:_identify(src/cartographer_slam) by extension 'ros'
[2.099s] DEBUG:colcon.colcon_core.package_identification:Package 'src/cartographer_slam' with type 'ros.ament_python' and name 'cartographer_slam'
[2.100s] Level 1:colcon.colcon_core.package_identification:_identify(src/localization_server) by extensions ['ignore', 'ignore_ament_install']
[2.100s] Level 1:colcon.colcon_core.package_identification:_identify(src/localization_server) by extension 'ignore'
[2.100s] Level 1:colcon.colcon_core.package_identification:_identify(src/localization_server) by extension 'ignore_ament_install'
[2.100s] Level 1:colcon.colcon_core.package_identification:_identify(src/localization_server) by extensions ['colcon_pkg']
[2.100s] Level 1:colcon.colcon_core.package_identification:_identify(src/localization_server) by extension 'colcon_pkg'
[2.100s] Level 1:colcon.colcon_core.package_identification:_identify(src/localization_server) by extensions ['colcon_meta']
[2.100s] Level 1:colcon.colcon_core.package_identification:_identify(src/localization_server) by extension 'colcon_meta'
[2.100s] Level 1:colcon.colcon_core.package_identification:_identify(src/localization_server) by extensions ['ros']
[2.100s] Level 1:colcon.colcon_core.package_identification:_identify(src/localization_server) by extension 'ros'
[2.101s] DEBUG:colcon.colcon_core.package_identification:Package 'src/localization_server' with type 'ros.ament_python' and name 'localization_server'
[2.101s] Level 1:colcon.colcon_core.package_identification:_identify(src/map_server) by extensions ['ignore', 'ignore_ament_install']
[2.101s] Level 1:colcon.colcon_core.package_identification:_identify(src/map_server) by extension 'ignore'
[2.101s] Level 1:colcon.colcon_core.package_identification:_identify(src/map_server) by extension 'ignore_ament_install'
[2.101s] Level 1:colcon.colcon_core.package_identification:_identify(src/map_server) by extensions ['colcon_pkg']
[2.101s] Level 1:colcon.colcon_core.package_identification:_identify(src/map_server) by extension 'colcon_pkg'
[2.101s] Level 1:colcon.colcon_core.package_identification:_identify(src/map_server) by extensions ['colcon_meta']
[2.101s] Level 1:colcon.colcon_core.package_identification:_identify(src/map_server) by extension 'colcon_meta'
[2.101s] Level 1:colcon.colcon_core.package_identification:_identify(src/map_server) by extensions ['ros']
[2.101s] Level 1:colcon.colcon_core.package_identification:_identify(src/map_server) by extension 'ros'
[2.102s] DEBUG:colcon.colcon_core.package_identification:Package 'src/map_server' with type 'ros.ament_python' and name 'map_server'
[2.102s] Level 1:colcon.colcon_core.package_identification:_identify(src/path_planner_server) by extensions ['ignore', 'ignore_ament_install']
[2.102s] Level 1:colcon.colcon_core.package_identification:_identify(src/path_planner_server) by extension 'ignore'
[2.102s] Level 1:colcon.colcon_core.package_identification:_identify(src/path_planner_server) by extension 'ignore_ament_install'
[2.102s] Level 1:colcon.colcon_core.package_identification:_identify(src/path_planner_server) by extensions ['colcon_pkg']
[2.102s] Level 1:colcon.colcon_core.package_identification:_identify(src/path_planner_server) by extension 'colcon_pkg'
[2.103s] Level 1:colcon.colcon_core.package_identification:_identify(src/path_planner_server) by extensions ['colcon_meta']
[2.103s] Level 1:colcon.colcon_core.package_identification:_identify(src/path_planner_server) by extension 'colcon_meta'
[2.103s] Level 1:colcon.colcon_core.package_identification:_identify(src/path_planner_server) by extensions ['ros']
[2.103s] Level 1:colcon.colcon_core.package_identification:_identify(src/path_planner_server) by extension 'ros'
[2.103s] DEBUG:colcon.colcon_core.package_identification:Package 'src/path_planner_server' with type 'ros.ament_python' and name 'path_planner_server'
[2.103s] Level 1:colcon.colcon_core.package_identification:_identify(src/ros2_nav_files) by extensions ['ignore', 'ignore_ament_install']
[2.103s] Level 1:colcon.colcon_core.package_identification:_identify(src/ros2_nav_files) by extension 'ignore'
[2.103s] Level 1:colcon.colcon_core.package_identification:_identify(src/ros2_nav_files) by extension 'ignore_ament_install'
[2.104s] Level 1:colcon.colcon_core.package_identification:_identify(src/ros2_nav_files) by extensions ['colcon_pkg']
[2.104s] Level 1:colcon.colcon_core.package_identification:_identify(src/ros2_nav_files) by extension 'colcon_pkg'
[2.104s] Level 1:colcon.colcon_core.package_identification:_identify(src/ros2_nav_files) by extensions ['colcon_meta']
[2.104s] Level 1:colcon.colcon_core.package_identification:_identify(src/ros2_nav_files) by extension 'colcon_meta'
[2.104s] Level 1:colcon.colcon_core.package_identification:_identify(src/ros2_nav_files) by extensions ['ros']
[2.104s] Level 1:colcon.colcon_core.package_identification:_identify(src/ros2_nav_files) by extension 'ros'
[2.104s] Level 1:colcon.colcon_core.package_identification:_identify(src/ros2_nav_files) by extensions ['cmake', 'python']
[2.104s] Level 1:colcon.colcon_core.package_identification:_identify(src/ros2_nav_files) by extension 'cmake'
[2.104s] Level 1:colcon.colcon_core.package_identification:_identify(src/ros2_nav_files) by extension 'python'
[2.104s] Level 1:colcon.colcon_core.package_identification:_identify(src/ros2_nav_files) by extensions ['python_setup_py']
[2.104s] Level 1:colcon.colcon_core.package_identification:_identify(src/ros2_nav_files) by extension 'python_setup_py'
[2.104s] Level 1:colcon.colcon_core.package_identification:_identify(src/ros2_nav_files/nav2_course) by extensions ['ignore', 'ignore_ament_install']
[2.104s] Level 1:colcon.colcon_core.package_identification:_identify(src/ros2_nav_files/nav2_course) by extension 'ignore'
[2.104s] Level 1:colcon.colcon_core.package_identification:_identify(src/ros2_nav_files/nav2_course) by extension 'ignore_ament_install'
[2.104s] Level 1:colcon.colcon_core.package_identification:_identify(src/ros2_nav_files/nav2_course) by extensions ['colcon_pkg']
[2.104s] Level 1:colcon.colcon_core.package_identification:_identify(src/ros2_nav_files/nav2_course) by extension 'colcon_pkg'
[2.104s] Level 1:colcon.colcon_core.package_identification:_identify(src/ros2_nav_files/nav2_course) by extensions ['colcon_meta']
[2.104s] Level 1:colcon.colcon_core.package_identification:_identify(src/ros2_nav_files/nav2_course) by extension 'colcon_meta'
[2.105s] Level 1:colcon.colcon_core.package_identification:_identify(src/ros2_nav_files/nav2_course) by extensions ['ros']
[2.105s] Level 1:colcon.colcon_core.package_identification:_identify(src/ros2_nav_files/nav2_course) by extension 'ros'
[2.105s] DEBUG:colcon.colcon_core.package_identification:Package 'src/ros2_nav_files/nav2_course' with type 'ros.ament_cmake' and name 'nav2_course'
[2.105s] Level 1:colcon.colcon_core.package_identification:_identify(src/ros2_nav_files/nav2_project) by extensions ['ignore', 'ignore_ament_install']
[2.105s] Level 1:colcon.colcon_core.package_identification:_identify(src/ros2_nav_files/nav2_project) by extension 'ignore'
[2.105s] Level 1:colcon.colcon_core.package_identification:_identify(src/ros2_nav_files/nav2_project) by extension 'ignore_ament_install'
[2.106s] Level 1:colcon.colcon_core.package_identification:_identify(src/ros2_nav_files/nav2_project) by extensions ['colcon_pkg']
[2.106s] Level 1:colcon.colcon_core.package_identification:_identify(src/ros2_nav_files/nav2_project) by extension 'colcon_pkg'
[2.106s] Level 1:colcon.colcon_core.package_identification:_identify(src/ros2_nav_files/nav2_project) by extensions ['colcon_meta']
[2.106s] Level 1:colcon.colcon_core.package_identification:_identify(src/ros2_nav_files/nav2_project) by extension 'colcon_meta'
[2.106s] Level 1:colcon.colcon_core.package_identification:_identify(src/ros2_nav_files/nav2_project) by extensions ['ros']
[2.106s] Level 1:colcon.colcon_core.package_identification:_identify(src/ros2_nav_files/nav2_project) by extension 'ros'
[2.106s] DEBUG:colcon.colcon_core.package_identification:Package 'src/ros2_nav_files/nav2_project' with type 'ros.ament_python' and name 'nav2_project'
[2.106s] Level 1:colcon.colcon_core.package_identification:_identify(src/ros2_nav_files/rviz) by extensions ['ignore', 'ignore_ament_install']
[2.107s] Level 1:colcon.colcon_core.package_identification:_identify(src/ros2_nav_files/rviz) by extension 'ignore'
[2.107s] Level 1:colcon.colcon_core.package_identification:_identify(src/ros2_nav_files/rviz) by extension 'ignore_ament_install'
[2.107s] Level 1:colcon.colcon_core.package_identification:_identify(src/ros2_nav_files/rviz) by extensions ['colcon_pkg']
[2.107s] Level 1:colcon.colcon_core.package_identification:_identify(src/ros2_nav_files/rviz) by extension 'colcon_pkg'
[2.107s] Level 1:colcon.colcon_core.package_identification:_identify(src/ros2_nav_files/rviz) by extensions ['colcon_meta']
[2.107s] Level 1:colcon.colcon_core.package_identification:_identify(src/ros2_nav_files/rviz) by extension 'colcon_meta'
[2.107s] Level 1:colcon.colcon_core.package_identification:_identify(src/ros2_nav_files/rviz) by extensions ['ros']
[2.107s] Level 1:colcon.colcon_core.package_identification:_identify(src/ros2_nav_files/rviz) by extension 'ros'
[2.107s] Level 1:colcon.colcon_core.package_identification:_identify(src/ros2_nav_files/rviz) by extensions ['cmake', 'python']
[2.107s] Level 1:colcon.colcon_core.package_identification:_identify(src/ros2_nav_files/rviz) by extension 'cmake'
[2.107s] Level 1:colcon.colcon_core.package_identification:_identify(src/ros2_nav_files/rviz) by extension 'python'
[2.107s] Level 1:colcon.colcon_core.package_identification:_identify(src/ros2_nav_files/rviz) by extensions ['python_setup_py']
[2.107s] Level 1:colcon.colcon_core.package_identification:_identify(src/ros2_nav_files/rviz) by extension 'python_setup_py'
[2.107s] Level 1:colcon.colcon_core.package_discovery:discover_packages(recursive) using defaults
[2.108s] Level 1:colcon.colcon_core.package_discovery:discover_packages(ignore) discover
[2.108s] Level 1:colcon.colcon_core.package_discovery:discover_packages(ignore) using defaults
[2.108s] Level 1:colcon.colcon_core.package_discovery:discover_packages(path) discover
[2.108s] Level 1:colcon.colcon_core.package_discovery:discover_packages(path) using defaults
[2.219s] Level 5:colcon.colcon_core.verb:set package 'cartographer_slam' build argument 'cmake_args' from command line to 'None'
[2.219s] Level 5:colcon.colcon_core.verb:set package 'cartographer_slam' build argument 'cmake_target' from command line to 'None'
[2.219s] Level 5:colcon.colcon_core.verb:set package 'cartographer_slam' build argument 'cmake_target_skip_unavailable' from command line to 'False'
[2.219s] Level 5:colcon.colcon_core.verb:set package 'cartographer_slam' build argument 'cmake_clean_cache' from command line to 'False'
[2.219s] Level 5:colcon.colcon_core.verb:set package 'cartographer_slam' build argument 'cmake_clean_first' from command line to 'False'
[2.219s] Level 5:colcon.colcon_core.verb:set package 'cartographer_slam' build argument 'cmake_force_configure' from command line to 'False'
[2.219s] Level 5:colcon.colcon_core.verb:set package 'cartographer_slam' build argument 'ament_cmake_args' from command line to 'None'
[2.219s] Level 5:colcon.colcon_core.verb:set package 'cartographer_slam' build argument 'catkin_cmake_args' from command line to 'None'
[2.219s] Level 5:colcon.colcon_core.verb:set package 'cartographer_slam' build argument 'catkin_skip_building_tests' from command line to 'False'
[2.219s] DEBUG:colcon.colcon_core.verb:Building package 'cartographer_slam' with the following arguments: {'ament_cmake_args': None, 'build_base': '/home/user/ros2_ws/build/cartographer_slam', 'catkin_cmake_args': None, 'catkin_skip_building_tests': False, 'cmake_args': None, 'cmake_clean_cache': False, 'cmake_clean_first': False, 'cmake_force_configure': False, 'cmake_target': None, 'cmake_target_skip_unavailable': False, 'install_base': '/home/user/ros2_ws/install/cartographer_slam', 'merge_install': False, 'path': '/home/user/ros2_ws/src/cartographer_slam', 'symlink_install': False, 'test_result_base': None}
[2.242s] Level 5:colcon.colcon_core.verb:set package 'localization_server' build argument 'cmake_args' from command line to 'None'
[2.242s] Level 5:colcon.colcon_core.verb:set package 'localization_server' build argument 'cmake_target' from command line to 'None'
[2.242s] Level 5:colcon.colcon_core.verb:set package 'localization_server' build argument 'cmake_target_skip_unavailable' from command line to 'False'
[2.242s] Level 5:colcon.colcon_core.verb:set package 'localization_server' build argument 'cmake_clean_cache' from command line to 'False'
[2.242s] Level 5:colcon.colcon_core.verb:set package 'localization_server' build argument 'cmake_clean_first' from command line to 'False'
[2.242s] Level 5:colcon.colcon_core.verb:set package 'localization_server' build argument 'cmake_force_configure' from command line to 'False'
[2.242s] Level 5:colcon.colcon_core.verb:set package 'localization_server' build argument 'ament_cmake_args' from command line to 'None'
[2.242s] Level 5:colcon.colcon_core.verb:set package 'localization_server' build argument 'catkin_cmake_args' from command line to 'None'
[2.242s] Level 5:colcon.colcon_core.verb:set package 'localization_server' build argument 'catkin_skip_building_tests' from command line to 'False'
[2.242s] DEBUG:colcon.colcon_core.verb:Building package 'localization_server' with the following arguments: {'ament_cmake_args': None, 'build_base': '/home/user/ros2_ws/build/localization_server', 'catkin_cmake_args': None, 'catkin_skip_building_tests': False, 'cmake_args': None, 'cmake_clean_cache': False, 'cmake_clean_first': False, 'cmake_force_configure': False, 'cmake_target': None, 'cmake_target_skip_unavailable': False, 'install_base': '/home/user/ros2_ws/install/localization_server', 'merge_install': False, 'path': '/home/user/ros2_ws/src/localization_server', 'symlink_install': False, 'test_result_base': None}
[2.265s] Level 5:colcon.colcon_core.verb:set package 'map_server' build argument 'cmake_args' from command line to 'None'
[2.265s] Level 5:colcon.colcon_core.verb:set package 'map_server' build argument 'cmake_target' from command line to 'None'
[2.265s] Level 5:colcon.colcon_core.verb:set package 'map_server' build argument 'cmake_target_skip_unavailable' from command line to 'False'
[2.265s] Level 5:colcon.colcon_core.verb:set package 'map_server' build argument 'cmake_clean_cache' from command line to 'False'
[2.265s] Level 5:colcon.colcon_core.verb:set package 'map_server' build argument 'cmake_clean_first' from command line to 'False'
[2.265s] Level 5:colcon.colcon_core.verb:set package 'map_server' build argument 'cmake_force_configure' from command line to 'False'
[2.265s] Level 5:colcon.colcon_core.verb:set package 'map_server' build argument 'ament_cmake_args' from command line to 'None'
[2.265s] Level 5:colcon.colcon_core.verb:set package 'map_server' build argument 'catkin_cmake_args' from command line to 'None'
[2.265s] Level 5:colcon.colcon_core.verb:set package 'map_server' build argument 'catkin_skip_building_tests' from command line to 'False'
[2.266s] DEBUG:colcon.colcon_core.verb:Building package 'map_server' with the following arguments: {'ament_cmake_args': None, 'build_base': '/home/user/ros2_ws/build/map_server', 'catkin_cmake_args': None, 'catkin_skip_building_tests': False, 'cmake_args': None, 'cmake_clean_cache': False, 'cmake_clean_first': False, 'cmake_force_configure': False, 'cmake_target': None, 'cmake_target_skip_unavailable': False, 'install_base': '/home/user/ros2_ws/install/map_server', 'merge_install': False, 'path': '/home/user/ros2_ws/src/map_server', 'symlink_install': False, 'test_result_base': None}
[2.289s] Level 5:colcon.colcon_core.verb:set package 'nav2_course' build argument 'cmake_args' from command line to 'None'
[2.290s] Level 5:colcon.colcon_core.verb:set package 'nav2_course' build argument 'cmake_target' from command line to 'None'
[2.290s] Level 5:colcon.colcon_core.verb:set package 'nav2_course' build argument 'cmake_target_skip_unavailable' from command line to 'False'
[2.290s] Level 5:colcon.colcon_core.verb:set package 'nav2_course' build argument 'cmake_clean_cache' from command line to 'False'
[2.290s] Level 5:colcon.colcon_core.verb:set package 'nav2_course' build argument 'cmake_clean_first' from command line to 'False'
[2.290s] Level 5:colcon.colcon_core.verb:set package 'nav2_course' build argument 'cmake_force_configure' from command line to 'False'
[2.290s] Level 5:colcon.colcon_core.verb:set package 'nav2_course' build argument 'ament_cmake_args' from command line to 'None'
[2.290s] Level 5:colcon.colcon_core.verb:set package 'nav2_course' build argument 'catkin_cmake_args' from command line to 'None'
[2.290s] Level 5:colcon.colcon_core.verb:set package 'nav2_course' build argument 'catkin_skip_building_tests' from command line to 'False'
[2.290s] DEBUG:colcon.colcon_core.verb:Building package 'nav2_course' with the following arguments: {'ament_cmake_args': None, 'build_base': '/home/user/ros2_ws/build/nav2_course', 'catkin_cmake_args': None, 'catkin_skip_building_tests': False, 'cmake_args': None, 'cmake_clean_cache': False, 'cmake_clean_first': False, 'cmake_force_configure': False, 'cmake_target': None, 'cmake_target_skip_unavailable': False, 'install_base': '/home/user/ros2_ws/install/nav2_course', 'merge_install': False, 'path': '/home/user/ros2_ws/src/ros2_nav_files/nav2_course', 'symlink_install': False, 'test_result_base': None}
[2.314s] Level 5:colcon.colcon_core.verb:set package 'nav2_project' build argument 'cmake_args' from command line to 'None'
[2.314s] Level 5:colcon.colcon_core.verb:set package 'nav2_project' build argument 'cmake_target' from command line to 'None'
[2.314s] Level 5:colcon.colcon_core.verb:set package 'nav2_project' build argument 'cmake_target_skip_unavailable' from command line to 'False'
[2.314s] Level 5:colcon.colcon_core.verb:set package 'nav2_project' build argument 'cmake_clean_cache' from command line to 'False'
[2.314s] Level 5:colcon.colcon_core.verb:set package 'nav2_project' build argument 'cmake_clean_first' from command line to 'False'
[2.314s] Level 5:colcon.colcon_core.verb:set package 'nav2_project' build argument 'cmake_force_configure' from command line to 'False'
[2.314s] Level 5:colcon.colcon_core.verb:set package 'nav2_project' build argument 'ament_cmake_args' from command line to 'None'
[2.314s] Level 5:colcon.colcon_core.verb:set package 'nav2_project' build argument 'catkin_cmake_args' from command line to 'None'
[2.314s] Level 5:colcon.colcon_core.verb:set package 'nav2_project' build argument 'catkin_skip_building_tests' from command line to 'False'
[2.315s] DEBUG:colcon.colcon_core.verb:Building package 'nav2_project' with the following arguments: {'ament_cmake_args': None, 'build_base': '/home/user/ros2_ws/build/nav2_project', 'catkin_cmake_args': None, 'catkin_skip_building_tests': False, 'cmake_args': None, 'cmake_clean_cache': False, 'cmake_clean_first': False, 'cmake_force_configure': False, 'cmake_target': None, 'cmake_target_skip_unavailable': False, 'install_base': '/home/user/ros2_ws/install/nav2_project', 'merge_install': False, 'path': '/home/user/ros2_ws/src/ros2_nav_files/nav2_project', 'symlink_install': False, 'test_result_base': None}
[2.335s] Level 5:colcon.colcon_core.verb:set package 'path_planner_server' build argument 'cmake_args' from command line to 'None'
[2.335s] Level 5:colcon.colcon_core.verb:set package 'path_planner_server' build argument 'cmake_target' from command line to 'None'
[2.335s] Level 5:colcon.colcon_core.verb:set package 'path_planner_server' build argument 'cmake_target_skip_unavailable' from command line to 'False'
[2.335s] Level 5:colcon.colcon_core.verb:set package 'path_planner_server' build argument 'cmake_clean_cache' from command line to 'False'
[2.335s] Level 5:colcon.colcon_core.verb:set package 'path_planner_server' build argument 'cmake_clean_first' from command line to 'False'
[2.335s] Level 5:colcon.colcon_core.verb:set package 'path_planner_server' build argument 'cmake_force_configure' from command line to 'False'
[2.335s] Level 5:colcon.colcon_core.verb:set package 'path_planner_server' build argument 'ament_cmake_args' from command line to 'None'
[2.335s] Level 5:colcon.colcon_core.verb:set package 'path_planner_server' build argument 'catkin_cmake_args' from command line to 'None'
[2.335s] Level 5:colcon.colcon_core.verb:set package 'path_planner_server' build argument 'catkin_skip_building_tests' from command line to 'False'
[2.335s] DEBUG:colcon.colcon_core.verb:Building package 'path_planner_server' with the following arguments: {'ament_cmake_args': None, 'build_base': '/home/user/ros2_ws/build/path_planner_server', 'catkin_cmake_args': None, 'catkin_skip_building_tests': False, 'cmake_args': None, 'cmake_clean_cache': False, 'cmake_clean_first': False, 'cmake_force_configure': False, 'cmake_target': None, 'cmake_target_skip_unavailable': False, 'install_base': '/home/user/ros2_ws/install/path_planner_server', 'merge_install': False, 'path': '/home/user/ros2_ws/src/path_planner_server', 'symlink_install': False, 'test_result_base': None}
[2.358s] INFO:colcon.colcon_core.executor:Executing jobs using 'parallel' executor
[2.381s] DEBUG:colcon.colcon_parallel_executor.executor.parallel:run_until_complete
[2.382s] INFO:colcon.colcon_ros.task.ament_python.build:Building ROS package in '/home/user/ros2_ws/src/cartographer_slam' with build type 'ament_python'
[2.382s] Level 1:colcon.colcon_core.shell:create_environment_hook('cartographer_slam', 'ament_prefix_path')
[2.405s] INFO:colcon.colcon_core.plugin_system:Skipping extension 'colcon_core.shell.bat': Not used on non-Windows systems
[2.406s] INFO:colcon.colcon_core.shell:Creating environment hook '/home/user/ros2_ws/install/cartographer_slam/share/cartographer_slam/hook/ament_prefix_path.ps1'
[2.406s] INFO:colcon.colcon_core.shell:Creating environment descriptor '/home/user/ros2_ws/install/cartographer_slam/share/cartographer_slam/hook/ament_prefix_path.dsv'
[2.407s] INFO:colcon.colcon_core.shell:Creating environment hook '/home/user/ros2_ws/install/cartographer_slam/share/cartographer_slam/hook/ament_prefix_path.sh'
[2.429s] INFO:colcon.colcon_core.shell:Skip shell extension 'powershell' for command environment: Not usable outside of PowerShell
[2.429s] DEBUG:colcon.colcon_core.shell:Skip shell extension 'dsv' for command environment
[2.505s] INFO:colcon.colcon_ros.task.ament_python.build:Building ROS package in '/home/user/ros2_ws/src/localization_server' with build type 'ament_python'
[2.506s] Level 1:colcon.colcon_core.shell:create_environment_hook('localization_server', 'ament_prefix_path')
[2.527s] INFO:colcon.colcon_core.shell:Creating environment hook '/home/user/ros2_ws/install/localization_server/share/localization_server/hook/ament_prefix_path.ps1'
[2.528s] INFO:colcon.colcon_core.shell:Creating environment descriptor '/home/user/ros2_ws/install/localization_server/share/localization_server/hook/ament_prefix_path.dsv'
[2.528s] INFO:colcon.colcon_core.shell:Creating environment hook '/home/user/ros2_ws/install/localization_server/share/localization_server/hook/ament_prefix_path.sh'
[2.553s] INFO:colcon.colcon_core.shell:Skip shell extension 'powershell' for command environment: Not usable outside of PowerShell
[2.553s] DEBUG:colcon.colcon_core.shell:Skip shell extension 'dsv' for command environment
[2.622s] INFO:colcon.colcon_ros.task.ament_python.build:Building ROS package in '/home/user/ros2_ws/src/map_server' with build type 'ament_python'
[2.622s] Level 1:colcon.colcon_core.shell:create_environment_hook('map_server', 'ament_prefix_path')
[2.649s] INFO:colcon.colcon_core.shell:Creating environment hook '/home/user/ros2_ws/install/map_server/share/map_server/hook/ament_prefix_path.ps1'
[2.650s] INFO:colcon.colcon_core.shell:Creating environment descriptor '/home/user/ros2_ws/install/map_server/share/map_server/hook/ament_prefix_path.dsv'
[2.650s] INFO:colcon.colcon_core.shell:Creating environment hook '/home/user/ros2_ws/install/map_server/share/map_server/hook/ament_prefix_path.sh'
[2.673s] INFO:colcon.colcon_core.shell:Skip shell extension 'powershell' for command environment: Not usable outside of PowerShell
[2.673s] DEBUG:colcon.colcon_core.shell:Skip shell extension 'dsv' for command environment
[2.756s] INFO:colcon.colcon_ros.task.ament_cmake.build:Building ROS package in '/home/user/ros2_ws/src/ros2_nav_files/nav2_course' with build type 'ament_cmake'
[2.757s] INFO:colcon.colcon_cmake.task.cmake.build:Building CMake package in '/home/user/ros2_ws/src/ros2_nav_files/nav2_course'
[2.781s] INFO:colcon.colcon_core.shell:Skip shell extension 'powershell' for command environment: Not usable outside of PowerShell
[2.781s] DEBUG:colcon.colcon_core.shell:Skip shell extension 'dsv' for command environment
[2.861s] INFO:colcon.colcon_ros.task.ament_python.build:Building ROS package in '/home/user/ros2_ws/src/ros2_nav_files/nav2_project' with build type 'ament_python'
[2.861s] Level 1:colcon.colcon_core.shell:create_environment_hook('nav2_project', 'ament_prefix_path')
[2.889s] INFO:colcon.colcon_core.shell:Creating environment hook '/home/user/ros2_ws/install/nav2_project/share/nav2_project/hook/ament_prefix_path.ps1'
[2.890s] INFO:colcon.colcon_core.shell:Creating environment descriptor '/home/user/ros2_ws/install/nav2_project/share/nav2_project/hook/ament_prefix_path.dsv'
[2.891s] INFO:colcon.colcon_core.shell:Creating environment hook '/home/user/ros2_ws/install/nav2_project/share/nav2_project/hook/ament_prefix_path.sh'
[2.915s] INFO:colcon.colcon_core.shell:Skip shell extension 'powershell' for command environment: Not usable outside of PowerShell
[2.916s] DEBUG:colcon.colcon_core.shell:Skip shell extension 'dsv' for command environment
[2.999s] INFO:colcon.colcon_ros.task.ament_python.build:Building ROS package in '/home/user/ros2_ws/src/path_planner_server' with build type 'ament_python'
[3.000s] Level 1:colcon.colcon_core.shell:create_environment_hook('path_planner_server', 'ament_prefix_path')
[3.036s] INFO:colcon.colcon_core.shell:Creating environment hook '/home/user/ros2_ws/install/path_planner_server/share/path_planner_server/hook/ament_prefix_path.ps1'
[3.039s] INFO:colcon.colcon_core.shell:Creating environment descriptor '/home/user/ros2_ws/install/path_planner_server/share/path_planner_server/hook/ament_prefix_path.dsv'
[3.039s] INFO:colcon.colcon_core.shell:Creating environment hook '/home/user/ros2_ws/install/path_planner_server/share/path_planner_server/hook/ament_prefix_path.sh'
[3.065s] INFO:colcon.colcon_core.shell:Skip shell extension 'powershell' for command environment: Not usable outside of PowerShell
[3.065s] DEBUG:colcon.colcon_core.shell:Skip shell extension 'dsv' for command environment
[3.576s] INFO:colcon.colcon_core.task.python.build:Building Python package in '/home/user/ros2_ws/src/cartographer_slam'
[3.603s] INFO:colcon.colcon_core.shell:Skip shell extension 'powershell' for command environment: Not usable outside of PowerShell
[3.603s] DEBUG:colcon.colcon_core.shell:Skip shell extension 'dsv' for command environment
[4.090s] INFO:colcon.colcon_core.task.python.build:Building Python package in '/home/user/ros2_ws/src/localization_server'
[4.114s] INFO:colcon.colcon_core.shell:Skip shell extension 'powershell' for command environment: Not usable outside of PowerShell
[4.114s] DEBUG:colcon.colcon_core.shell:Skip shell extension 'dsv' for command environment
[4.586s] INFO:colcon.colcon_core.task.python.build:Building Python package in '/home/user/ros2_ws/src/map_server'
[4.609s] INFO:colcon.colcon_core.shell:Skip shell extension 'powershell' for command environment: Not usable outside of PowerShell
[4.609s] DEBUG:colcon.colcon_core.shell:Skip shell extension 'dsv' for command environment
[4.684s] DEBUG:colcon.colcon_core.event_handler.log_command:Invoking command in '/home/user/ros2_ws/build/nav2_course': CMAKE_PREFIX_PATH=${CMAKE_PREFIX_PATH}:/home/user/ros2_ws/install/path_planner_server:/home/user/ros2_ws/install/nav2_project:/home/user/ros2_ws/install/map_server:/home/user/ros2_ws/install/localization_server:/home/user/ros2_ws/install/cartographer_slam _=/usr/bin/env /usr/bin/cmake --build /home/user/ros2_ws/build/nav2_course -- -j8 -l8
[5.129s] INFO:colcon.colcon_core.task.python.build:Building Python package in '/home/user/ros2_ws/src/ros2_nav_files/nav2_project'
[5.155s] INFO:colcon.colcon_core.shell:Skip shell extension 'powershell' for command environment: Not usable outside of PowerShell
[5.156s] DEBUG:colcon.colcon_core.shell:Skip shell extension 'dsv' for command environment
[5.652s] INFO:colcon.colcon_core.task.python.build:Building Python package in '/home/user/ros2_ws/src/path_planner_server'
[5.678s] INFO:colcon.colcon_core.shell:Skip shell extension 'powershell' for command environment: Not usable outside of PowerShell
[5.679s] DEBUG:colcon.colcon_core.shell:Skip shell extension 'dsv' for command environment
[5.826s] DEBUG:colcon.colcon_core.event_handler.log_command:Invoked command in '/home/user/ros2_ws/build/nav2_course' returned '0': CMAKE_PREFIX_PATH=${CMAKE_PREFIX_PATH}:/home/user/ros2_ws/install/path_planner_server:/home/user/ros2_ws/install/nav2_project:/home/user/ros2_ws/install/map_server:/home/user/ros2_ws/install/localization_server:/home/user/ros2_ws/install/cartographer_slam _=/usr/bin/env /usr/bin/cmake --build /home/user/ros2_ws/build/nav2_course -- -j8 -l8
[6.147s] DEBUG:colcon.colcon_core.event_handler.log_command:Invoking command in '/home/user/ros2_ws/build/nav2_course': CMAKE_PREFIX_PATH=${CMAKE_PREFIX_PATH}:/home/user/ros2_ws/install/path_planner_server:/home/user/ros2_ws/install/nav2_project:/home/user/ros2_ws/install/map_server:/home/user/ros2_ws/install/localization_server:/home/user/ros2_ws/install/cartographer_slam _=/usr/bin/env /usr/bin/cmake --install /home/user/ros2_ws/build/nav2_course
[6.248s] Level 1:colcon.colcon_core.environment:create_environment_scripts_only(nav2_course)
[6.262s] DEBUG:colcon.colcon_core.event_handler.log_command:Invoked command in '/home/user/ros2_ws/build/nav2_course' returned '0': CMAKE_PREFIX_PATH=${CMAKE_PREFIX_PATH}:/home/user/ros2_ws/install/path_planner_server:/home/user/ros2_ws/install/nav2_project:/home/user/ros2_ws/install/map_server:/home/user/ros2_ws/install/localization_server:/home/user/ros2_ws/install/cartographer_slam _=/usr/bin/env /usr/bin/cmake --install /home/user/ros2_ws/build/nav2_course
[6.362s] Level 1:colcon.colcon_core.environment:checking '/home/user/ros2_ws/install/nav2_course' for CMake module files
[6.367s] Level 1:colcon.colcon_core.environment:checking '/home/user/ros2_ws/install/nav2_course' for CMake config files
[6.377s] Level 1:colcon.colcon_core.shell:create_environment_hook('nav2_course', 'cmake_prefix_path')
[6.459s] INFO:colcon.colcon_core.shell:Creating environment hook '/home/user/ros2_ws/install/nav2_course/share/nav2_course/hook/cmake_prefix_path.ps1'
[6.471s] INFO:colcon.colcon_core.shell:Creating environment descriptor '/home/user/ros2_ws/install/nav2_course/share/nav2_course/hook/cmake_prefix_path.dsv'
[6.471s] INFO:colcon.colcon_core.shell:Creating environment hook '/home/user/ros2_ws/install/nav2_course/share/nav2_course/hook/cmake_prefix_path.sh'
[6.472s] Level 1:colcon.colcon_core.environment:checking '/home/user/ros2_ws/install/nav2_course/bin'
[6.473s] Level 1:colcon.colcon_core.environment:checking '/home/user/ros2_ws/install/nav2_course/lib/pkgconfig/nav2_course.pc'
[6.473s] Level 1:colcon.colcon_core.environment:checking '/home/user/ros2_ws/install/nav2_course/lib/python3.10/site-packages'
[6.473s] Level 1:colcon.colcon_core.environment:checking '/home/user/ros2_ws/install/nav2_course/bin'
[6.573s] INFO:colcon.colcon_core.shell:Creating package script '/home/user/ros2_ws/install/nav2_course/share/nav2_course/package.ps1'
[6.574s] INFO:colcon.colcon_core.shell:Creating package descriptor '/home/user/ros2_ws/install/nav2_course/share/nav2_course/package.dsv'
[6.624s] INFO:colcon.colcon_core.shell:Creating package script '/home/user/ros2_ws/install/nav2_course/share/nav2_course/package.sh'
[6.626s] INFO:colcon.colcon_core.shell:Creating package script '/home/user/ros2_ws/install/nav2_course/share/nav2_course/package.bash'
[6.645s] INFO:colcon.colcon_core.shell:Creating package script '/home/user/ros2_ws/install/nav2_course/share/nav2_course/package.zsh'
[6.653s] Level 1:colcon.colcon_core.environment:create_file_with_runtime_dependencies(/home/user/ros2_ws/install/nav2_course/share/colcon-core/packages/nav2_course)
[6.969s] Level 1:colcon.colcon_core.environment:create_environment_scripts_only(nav2_course)
[7.136s] Level 1:colcon.colcon_core.environment:checking '/home/user/ros2_ws/install/nav2_course' for CMake module files
[7.138s] Level 1:colcon.colcon_core.environment:checking '/home/user/ros2_ws/install/nav2_course' for CMake config files
[7.138s] Level 1:colcon.colcon_core.shell:create_environment_hook('nav2_course', 'cmake_prefix_path')
[7.172s] INFO:colcon.colcon_core.shell:Creating environment hook '/home/user/ros2_ws/install/nav2_course/share/nav2_course/hook/cmake_prefix_path.ps1'
[7.174s] INFO:colcon.colcon_core.shell:Creating environment descriptor '/home/user/ros2_ws/install/nav2_course/share/nav2_course/hook/cmake_prefix_path.dsv'
[7.174s] INFO:colcon.colcon_core.shell:Creating environment hook '/home/user/ros2_ws/install/nav2_course/share/nav2_course/hook/cmake_prefix_path.sh'
[7.177s] Level 1:colcon.colcon_core.environment:checking '/home/user/ros2_ws/install/nav2_course/bin'
[7.177s] Level 1:colcon.colcon_core.environment:checking '/home/user/ros2_ws/install/nav2_course/lib/pkgconfig/nav2_course.pc'
[7.178s] Level 1:colcon.colcon_core.environment:checking '/home/user/ros2_ws/install/nav2_course/lib/python3.10/site-packages'
[7.178s] Level 1:colcon.colcon_core.environment:checking '/home/user/ros2_ws/install/nav2_course/bin'
[7.259s] INFO:colcon.colcon_core.shell:Creating package script '/home/user/ros2_ws/install/nav2_course/share/nav2_course/package.ps1'
[7.260s] INFO:colcon.colcon_core.shell:Creating package descriptor '/home/user/ros2_ws/install/nav2_course/share/nav2_course/package.dsv'
[7.261s] INFO:colcon.colcon_core.shell:Creating package script '/home/user/ros2_ws/install/nav2_course/share/nav2_course/package.sh'
[7.261s] INFO:colcon.colcon_core.shell:Creating package script '/home/user/ros2_ws/install/nav2_course/share/nav2_course/package.bash'
[7.262s] INFO:colcon.colcon_core.shell:Creating package script '/home/user/ros2_ws/install/nav2_course/share/nav2_course/package.zsh'
[7.262s] Level 1:colcon.colcon_core.environment:create_file_with_runtime_dependencies(/home/user/ros2_ws/install/nav2_course/share/colcon-core/packages/nav2_course)
[7.350s] DEBUG:colcon.colcon_core.event_handler.log_command:Invoking command in '/home/user/ros2_ws/src/cartographer_slam': PYTHONPATH=/home/user/ros2_ws/build/cartographer_slam/prefix_override:/home/user/ros2_ws/install/cartographer_slam/lib/python3.10/site-packages:${PYTHONPATH} _=/usr/bin/env /usr/bin/python3 setup.py egg_info --egg-base ../../build/cartographer_slam build --build-base /home/user/ros2_ws/build/cartographer_slam/build install --record /home/user/ros2_ws/build/cartographer_slam/install.log --single-version-externally-managed
[7.575s] DEBUG:colcon.colcon_core.event_handler.log_command:Invoking command in '/home/user/ros2_ws/src/localization_server': PYTHONPATH=/home/user/ros2_ws/build/localization_server/prefix_override:/home/user/ros2_ws/install/localization_server/lib/python3.10/site-packages:${PYTHONPATH} _=/usr/bin/env /usr/bin/python3 setup.py egg_info --egg-base ../../build/localization_server build --build-base /home/user/ros2_ws/build/localization_server/build install --record /home/user/ros2_ws/build/localization_server/install.log --single-version-externally-managed
[7.648s] DEBUG:colcon.colcon_core.event_handler.log_command:Invoking command in '/home/user/ros2_ws/src/path_planner_server': PYTHONPATH=/home/user/ros2_ws/build/path_planner_server/prefix_override:/home/user/ros2_ws/install/path_planner_server/lib/python3.10/site-packages:${PYTHONPATH} _=/usr/bin/env /usr/bin/python3 setup.py egg_info --egg-base ../../build/path_planner_server build --build-base /home/user/ros2_ws/build/path_planner_server/build install --record /home/user/ros2_ws/build/path_planner_server/install.log --single-version-externally-managed
[8.095s] DEBUG:colcon.colcon_core.event_handler.log_command:Invoking command in '/home/user/ros2_ws/src/ros2_nav_files/nav2_project': PYTHONPATH=/home/user/ros2_ws/build/nav2_project/prefix_override:/home/user/ros2_ws/install/nav2_project/lib/python3.10/site-packages:${PYTHONPATH} _=/usr/bin/env /usr/bin/python3 setup.py egg_info --egg-base ../../../build/nav2_project build --build-base /home/user/ros2_ws/build/nav2_project/build install --record /home/user/ros2_ws/build/nav2_project/install.log --install-scripts $base/lib/nav2_project --single-version-externally-managed
[8.169s] DEBUG:colcon.colcon_core.event_handler.log_command:Invoking command in '/home/user/ros2_ws/src/map_server': PYTHONPATH=/home/user/ros2_ws/build/map_server/prefix_override:/home/user/ros2_ws/install/map_server/lib/python3.10/site-packages:${PYTHONPATH} _=/usr/bin/env /usr/bin/python3 setup.py egg_info --egg-base ../../build/map_server build --build-base /home/user/ros2_ws/build/map_server/build install --record /home/user/ros2_ws/build/map_server/install.log --single-version-externally-managed
[8.871s] DEBUG:colcon.colcon_core.event_handler.log_command:Invoked command in '/home/user/ros2_ws/src/localization_server' returned '0': PYTHONPATH=/home/user/ros2_ws/build/localization_server/prefix_override:/home/user/ros2_ws/install/localization_server/lib/python3.10/site-packages:${PYTHONPATH} _=/usr/bin/env /usr/bin/python3 setup.py egg_info --egg-base ../../build/localization_server build --build-base /home/user/ros2_ws/build/localization_server/build install --record /home/user/ros2_ws/build/localization_server/install.log --single-version-externally-managed
[8.954s] Level 1:colcon.colcon_core.environment:checking '/home/user/ros2_ws/install/localization_server' for CMake module files
[8.959s] Level 1:colcon.colcon_core.environment:checking '/home/user/ros2_ws/install/localization_server' for CMake config files
[8.961s] Level 1:colcon.colcon_core.environment:checking '/home/user/ros2_ws/install/localization_server/lib'
[8.962s] Level 1:colcon.colcon_core.environment:checking '/home/user/ros2_ws/install/localization_server/bin'
[8.962s] Level 1:colcon.colcon_core.environment:checking '/home/user/ros2_ws/install/localization_server/lib/pkgconfig/localization_server.pc'
[8.963s] Level 1:colcon.colcon_core.environment:checking '/home/user/ros2_ws/install/localization_server/lib/python3.10/site-packages'
[8.967s] Level 1:colcon.colcon_core.shell:create_environment_hook('localization_server', 'pythonpath')
[9.026s] INFO:colcon.colcon_core.shell:Creating environment hook '/home/user/ros2_ws/install/localization_server/share/localization_server/hook/pythonpath.ps1'
[9.034s] INFO:colcon.colcon_core.shell:Creating environment descriptor '/home/user/ros2_ws/install/localization_server/share/localization_server/hook/pythonpath.dsv'
[9.035s] INFO:colcon.colcon_core.shell:Creating environment hook '/home/user/ros2_ws/install/localization_server/share/localization_server/hook/pythonpath.sh'
[9.036s] Level 1:colcon.colcon_core.environment:checking '/home/user/ros2_ws/install/localization_server/bin'
[9.036s] Level 1:colcon.colcon_core.environment:create_environment_scripts_only(localization_server)
[9.089s] INFO:colcon.colcon_core.shell:Creating package script '/home/user/ros2_ws/install/localization_server/share/localization_server/package.ps1'
[9.090s] INFO:colcon.colcon_core.shell:Creating package descriptor '/home/user/ros2_ws/install/localization_server/share/localization_server/package.dsv'
[9.091s] INFO:colcon.colcon_core.shell:Creating package script '/home/user/ros2_ws/install/localization_server/share/localization_server/package.sh'
[9.092s] INFO:colcon.colcon_core.shell:Creating package script '/home/user/ros2_ws/install/localization_server/share/localization_server/package.bash'
[9.092s] INFO:colcon.colcon_core.shell:Creating package script '/home/user/ros2_ws/install/localization_server/share/localization_server/package.zsh'
[9.093s] Level 1:colcon.colcon_core.environment:create_file_with_runtime_dependencies(/home/user/ros2_ws/install/localization_server/share/colcon-core/packages/localization_server)
[9.123s] DEBUG:colcon.colcon_core.event_handler.log_command:Invoked command in '/home/user/ros2_ws/src/cartographer_slam' returned '0': PYTHONPATH=/home/user/ros2_ws/build/cartographer_slam/prefix_override:/home/user/ros2_ws/install/cartographer_slam/lib/python3.10/site-packages:${PYTHONPATH} _=/usr/bin/env /usr/bin/python3 setup.py egg_info --egg-base ../../build/cartographer_slam build --build-base /home/user/ros2_ws/build/cartographer_slam/build install --record /home/user/ros2_ws/build/cartographer_slam/install.log --single-version-externally-managed
[9.176s] Level 1:colcon.colcon_core.environment:checking '/home/user/ros2_ws/install/cartographer_slam' for CMake module files
[9.177s] Level 1:colcon.colcon_core.environment:checking '/home/user/ros2_ws/install/cartographer_slam' for CMake config files
[9.178s] Level 1:colcon.colcon_core.environment:checking '/home/user/ros2_ws/install/cartographer_slam/lib'
[9.178s] Level 1:colcon.colcon_core.environment:checking '/home/user/ros2_ws/install/cartographer_slam/bin'
[9.178s] Level 1:colcon.colcon_core.environment:checking '/home/user/ros2_ws/install/cartographer_slam/lib/pkgconfig/cartographer_slam.pc'
[9.178s] Level 1:colcon.colcon_core.environment:checking '/home/user/ros2_ws/install/cartographer_slam/lib/python3.10/site-packages'
[9.178s] Level 1:colcon.colcon_core.shell:create_environment_hook('cartographer_slam', 'pythonpath')
[9.248s] INFO:colcon.colcon_core.shell:Creating environment hook '/home/user/ros2_ws/install/cartographer_slam/share/cartographer_slam/hook/pythonpath.ps1'
[9.249s] INFO:colcon.colcon_core.shell:Creating environment descriptor '/home/user/ros2_ws/install/cartographer_slam/share/cartographer_slam/hook/pythonpath.dsv'
[9.249s] INFO:colcon.colcon_core.shell:Creating environment hook '/home/user/ros2_ws/install/cartographer_slam/share/cartographer_slam/hook/pythonpath.sh'
[9.250s] Level 1:colcon.colcon_core.environment:checking '/home/user/ros2_ws/install/cartographer_slam/bin'
[9.250s] Level 1:colcon.colcon_core.environment:create_environment_scripts_only(cartographer_slam)
[9.297s] INFO:colcon.colcon_core.shell:Creating package script '/home/user/ros2_ws/install/cartographer_slam/share/cartographer_slam/package.ps1'
[9.305s] INFO:colcon.colcon_core.shell:Creating package descriptor '/home/user/ros2_ws/install/cartographer_slam/share/cartographer_slam/package.dsv'
[9.305s] INFO:colcon.colcon_core.shell:Creating package script '/home/user/ros2_ws/install/cartographer_slam/share/cartographer_slam/package.sh'
[9.306s] INFO:colcon.colcon_core.shell:Creating package script '/home/user/ros2_ws/install/cartographer_slam/share/cartographer_slam/package.bash'
[9.306s] INFO:colcon.colcon_core.shell:Creating package script '/home/user/ros2_ws/install/cartographer_slam/share/cartographer_slam/package.zsh'
[9.307s] Level 1:colcon.colcon_core.environment:create_file_with_runtime_dependencies(/home/user/ros2_ws/install/cartographer_slam/share/colcon-core/packages/cartographer_slam)
[9.308s] DEBUG:colcon.colcon_core.event_handler.log_command:Invoked command in '/home/user/ros2_ws/src/path_planner_server' returned '0': PYTHONPATH=/home/user/ros2_ws/build/path_planner_server/prefix_override:/home/user/ros2_ws/install/path_planner_server/lib/python3.10/site-packages:${PYTHONPATH} _=/usr/bin/env /usr/bin/python3 setup.py egg_info --egg-base ../../build/path_planner_server build --build-base /home/user/ros2_ws/build/path_planner_server/build install --record /home/user/ros2_ws/build/path_planner_server/install.log --single-version-externally-managed
[9.359s] Level 1:colcon.colcon_core.environment:checking '/home/user/ros2_ws/install/path_planner_server' for CMake module files
[9.359s] Level 1:colcon.colcon_core.environment:checking '/home/user/ros2_ws/install/path_planner_server' for CMake config files
[9.360s] Level 1:colcon.colcon_core.environment:checking '/home/user/ros2_ws/install/path_planner_server/lib'
[9.360s] Level 1:colcon.colcon_core.environment:checking '/home/user/ros2_ws/install/path_planner_server/bin'
[9.361s] Level 1:colcon.colcon_core.environment:checking '/home/user/ros2_ws/install/path_planner_server/lib/pkgconfig/path_planner_server.pc'
[9.361s] Level 1:colcon.colcon_core.environment:checking '/home/user/ros2_ws/install/path_planner_server/lib/python3.10/site-packages'
[9.361s] Level 1:colcon.colcon_core.shell:create_environment_hook('path_planner_server', 'pythonpath')
[9.398s] INFO:colcon.colcon_core.shell:Creating environment hook '/home/user/ros2_ws/install/path_planner_server/share/path_planner_server/hook/pythonpath.ps1'
[9.399s] INFO:colcon.colcon_core.shell:Creating environment descriptor '/home/user/ros2_ws/install/path_planner_server/share/path_planner_server/hook/pythonpath.dsv'
[9.400s] INFO:colcon.colcon_core.shell:Creating environment hook '/home/user/ros2_ws/install/path_planner_server/share/path_planner_server/hook/pythonpath.sh'
[9.401s] Level 1:colcon.colcon_core.environment:checking '/home/user/ros2_ws/install/path_planner_server/bin'
[9.401s] Level 1:colcon.colcon_core.environment:create_environment_scripts_only(path_planner_server)
[9.450s] INFO:colcon.colcon_core.shell:Creating package script '/home/user/ros2_ws/install/path_planner_server/share/path_planner_server/package.ps1'
[9.450s] INFO:colcon.colcon_core.shell:Creating package descriptor '/home/user/ros2_ws/install/path_planner_server/share/path_planner_server/package.dsv'
[9.456s] INFO:colcon.colcon_core.shell:Creating package script '/home/user/ros2_ws/install/path_planner_server/share/path_planner_server/package.sh'
[9.459s] INFO:colcon.colcon_core.shell:Creating package script '/home/user/ros2_ws/install/path_planner_server/share/path_planner_server/package.bash'
[9.459s] INFO:colcon.colcon_core.shell:Creating package script '/home/user/ros2_ws/install/path_planner_server/share/path_planner_server/package.zsh'
[9.460s] Level 1:colcon.colcon_core.environment:create_file_with_runtime_dependencies(/home/user/ros2_ws/install/path_planner_server/share/colcon-core/packages/path_planner_server)
[9.472s] DEBUG:colcon.colcon_core.event_handler.log_command:Invoked command in '/home/user/ros2_ws/src/ros2_nav_files/nav2_project' returned '0': PYTHONPATH=/home/user/ros2_ws/build/nav2_project/prefix_override:/home/user/ros2_ws/install/nav2_project/lib/python3.10/site-packages:${PYTHONPATH} _=/usr/bin/env /usr/bin/python3 setup.py egg_info --egg-base ../../../build/nav2_project build --build-base /home/user/ros2_ws/build/nav2_project/build install --record /home/user/ros2_ws/build/nav2_project/install.log --install-scripts $base/lib/nav2_project --single-version-externally-managed
[9.501s] Level 1:colcon.colcon_core.environment:checking '/home/user/ros2_ws/install/nav2_project' for CMake module files
[9.502s] Level 1:colcon.colcon_core.environment:checking '/home/user/ros2_ws/install/nav2_project' for CMake config files
[9.503s] Level 1:colcon.colcon_core.environment:checking '/home/user/ros2_ws/install/nav2_project/lib'
[9.503s] Level 1:colcon.colcon_core.environment:checking '/home/user/ros2_ws/install/nav2_project/bin'
[9.503s] Level 1:colcon.colcon_core.environment:checking '/home/user/ros2_ws/install/nav2_project/lib/pkgconfig/nav2_project.pc'
[9.504s] Level 1:colcon.colcon_core.environment:checking '/home/user/ros2_ws/install/nav2_project/lib/python3.10/site-packages'
[9.504s] Level 1:colcon.colcon_core.shell:create_environment_hook('nav2_project', 'pythonpath')
[9.524s] INFO:colcon.colcon_core.shell:Creating environment hook '/home/user/ros2_ws/install/nav2_project/share/nav2_project/hook/pythonpath.ps1'
[9.525s] INFO:colcon.colcon_core.shell:Creating environment descriptor '/home/user/ros2_ws/install/nav2_project/share/nav2_project/hook/pythonpath.dsv'
[9.525s] INFO:colcon.colcon_core.shell:Creating environment hook '/home/user/ros2_ws/install/nav2_project/share/nav2_project/hook/pythonpath.sh'
[9.526s] Level 1:colcon.colcon_core.environment:checking '/home/user/ros2_ws/install/nav2_project/bin'
[9.526s] Level 1:colcon.colcon_core.environment:create_environment_scripts_only(nav2_project)
[9.556s] INFO:colcon.colcon_core.shell:Creating package script '/home/user/ros2_ws/install/nav2_project/share/nav2_project/package.ps1'
[9.557s] INFO:colcon.colcon_core.shell:Creating package descriptor '/home/user/ros2_ws/install/nav2_project/share/nav2_project/package.dsv'
[9.558s] INFO:colcon.colcon_core.shell:Creating package script '/home/user/ros2_ws/install/nav2_project/share/nav2_project/package.sh'
[9.559s] INFO:colcon.colcon_core.shell:Creating package script '/home/user/ros2_ws/install/nav2_project/share/nav2_project/package.bash'
[9.559s] INFO:colcon.colcon_core.shell:Creating package script '/home/user/ros2_ws/install/nav2_project/share/nav2_project/package.zsh'
[9.560s] Level 1:colcon.colcon_core.environment:create_file_with_runtime_dependencies(/home/user/ros2_ws/install/nav2_project/share/colcon-core/packages/nav2_project)
[9.571s] DEBUG:colcon.colcon_core.event_handler.log_command:Invoked command in '/home/user/ros2_ws/src/map_server' returned '0': PYTHONPATH=/home/user/ros2_ws/build/map_server/prefix_override:/home/user/ros2_ws/install/map_server/lib/python3.10/site-packages:${PYTHONPATH} _=/usr/bin/env /usr/bin/python3 setup.py egg_info --egg-base ../../build/map_server build --build-base /home/user/ros2_ws/build/map_server/build install --record /home/user/ros2_ws/build/map_server/install.log --single-version-externally-managed
[9.597s] Level 1:colcon.colcon_core.environment:checking '/home/user/ros2_ws/install/map_server' for CMake module files
[9.597s] Level 1:colcon.colcon_core.environment:checking '/home/user/ros2_ws/install/map_server' for CMake config files
[9.598s] Level 1:colcon.colcon_core.environment:checking '/home/user/ros2_ws/install/map_server/lib'
[9.598s] Level 1:colcon.colcon_core.environment:checking '/home/user/ros2_ws/install/map_server/bin'
[9.598s] Level 1:colcon.colcon_core.environment:checking '/home/user/ros2_ws/install/map_server/lib/pkgconfig/map_server.pc'
[9.598s] Level 1:colcon.colcon_core.environment:checking '/home/user/ros2_ws/install/map_server/lib/python3.10/site-packages'
[9.598s] Level 1:colcon.colcon_core.shell:create_environment_hook('map_server', 'pythonpath')
[9.616s] INFO:colcon.colcon_core.shell:Creating environment hook '/home/user/ros2_ws/install/map_server/share/map_server/hook/pythonpath.ps1'
[9.617s] INFO:colcon.colcon_core.shell:Creating environment descriptor '/home/user/ros2_ws/install/map_server/share/map_server/hook/pythonpath.dsv'
[9.617s] INFO:colcon.colcon_core.shell:Creating environment hook '/home/user/ros2_ws/install/map_server/share/map_server/hook/pythonpath.sh'
[9.618s] Level 1:colcon.colcon_core.environment:checking '/home/user/ros2_ws/install/map_server/bin'
[9.618s] Level 1:colcon.colcon_core.environment:create_environment_scripts_only(map_server)
[9.642s] INFO:colcon.colcon_core.shell:Creating package script '/home/user/ros2_ws/install/map_server/share/map_server/package.ps1'
[9.643s] INFO:colcon.colcon_core.shell:Creating package descriptor '/home/user/ros2_ws/install/map_server/share/map_server/package.dsv'
[9.644s] INFO:colcon.colcon_core.shell:Creating package script '/home/user/ros2_ws/install/map_server/share/map_server/package.sh'
[9.644s] INFO:colcon.colcon_core.shell:Creating package script '/home/user/ros2_ws/install/map_server/share/map_server/package.bash'
[9.645s] INFO:colcon.colcon_core.shell:Creating package script '/home/user/ros2_ws/install/map_server/share/map_server/package.zsh'
[9.645s] Level 1:colcon.colcon_core.environment:create_file_with_runtime_dependencies(/home/user/ros2_ws/install/map_server/share/colcon-core/packages/map_server)
[9.646s] DEBUG:colcon.colcon_parallel_executor.executor.parallel:closing loop
[9.647s] DEBUG:colcon.colcon_parallel_executor.executor.parallel:loop closed
[9.647s] DEBUG:colcon.colcon_parallel_executor.executor.parallel:run_until_complete finished with '0'
[9.647s] DEBUG:colcon.colcon_core.event_reactor:joining thread
[9.680s] INFO:colcon.colcon_core.plugin_system:Skipping extension 'colcon_notification.desktop_notification.notify_send': Could not find 'notify-send'
[9.680s] INFO:colcon.colcon_core.plugin_system:Skipping extension 'colcon_notification.desktop_notification.terminal_notifier': Not used on non-Darwin systems
[9.680s] INFO:colcon.colcon_core.plugin_system:Skipping extension 'colcon_notification.desktop_notification.win32': Not used on non-Windows systems
[9.680s] INFO:colcon.colcon_notification.desktop_notification:Sending desktop notification using 'notify2'
[9.683s] DEBUG:colcon.colcon_notification.desktop_notification.notify2:Failed to initialize notify2: org.freedesktop.DBus.Error.Spawn.ExecFailed: /usr/bin/dbus-launch terminated abnormally without any error message
[9.683s] DEBUG:colcon.colcon_core.event_reactor:joined thread
[9.705s] INFO:colcon.colcon_core.shell:Creating prefix script '/home/user/ros2_ws/install/local_setup.ps1'
[9.707s] INFO:colcon.colcon_core.shell:Creating prefix util module '/home/user/ros2_ws/install/_local_setup_util_ps1.py'
[9.709s] INFO:colcon.colcon_core.shell:Creating prefix chain script '/home/user/ros2_ws/install/setup.ps1'
[9.736s] INFO:colcon.colcon_core.shell:Creating prefix script '/home/user/ros2_ws/install/local_setup.sh'
[9.737s] INFO:colcon.colcon_core.shell:Creating prefix util module '/home/user/ros2_ws/install/_local_setup_util_sh.py'
[9.738s] INFO:colcon.colcon_core.shell:Creating prefix chain script '/home/user/ros2_ws/install/setup.sh'
[9.764s] INFO:colcon.colcon_core.shell:Creating prefix script '/home/user/ros2_ws/install/local_setup.bash'
[9.765s] INFO:colcon.colcon_core.shell:Creating prefix chain script '/home/user/ros2_ws/install/setup.bash'
[9.788s] INFO:colcon.colcon_core.shell:Creating prefix script '/home/user/ros2_ws/install/local_setup.zsh'
[9.789s] INFO:colcon.colcon_core.shell:Creating prefix chain script '/home/user/ros2_ws/install/setup.zsh'
