[7.548s] Invoking command in '/home/user/ros2_ws/src/map_server': PYTHONPATH=/home/user/ros2_ws/build/map_server/prefix_override:/home/user/ros2_ws/install/map_server/lib/python3.10/site-packages:${PYTHONPATH} _=/usr/bin/env /usr/bin/python3 setup.py egg_info --egg-base ../../build/map_server build --build-base /home/user/ros2_ws/build/map_server/build install --record /home/user/ros2_ws/build/map_server/install.log --single-version-externally-managed
[8.861s] running egg_info
[8.864s] writing ../../build/map_server/map_server.egg-info/PKG-INFO
[8.864s] writing dependency_links to ../../build/map_server/map_server.egg-info/dependency_links.txt
[8.864s] writing entry points to ../../build/map_server/map_server.egg-info/entry_points.txt
[8.864s] writing requirements to ../../build/map_server/map_server.egg-info/requires.txt
[8.865s] writing top-level names to ../../build/map_server/map_server.egg-info/top_level.txt
[8.866s] reading manifest file '../../build/map_server/map_server.egg-info/SOURCES.txt'
[8.868s] writing manifest file '../../build/map_server/map_server.egg-info/SOURCES.txt'
[8.870s] running build
[8.870s] running build_py
[8.870s] running install
[8.870s] /usr/lib/python3/dist-packages/setuptools/command/install.py:34: SetuptoolsDeprecationWarning: setup.py install is deprecated. Use build and pip and other standards-based tools.
[8.870s]   warnings.warn(
[8.870s] running install_lib
[8.872s] running install_data
[8.873s] running install_egg_info
[8.876s] removing '/home/user/ros2_ws/install/map_server/lib/python3.10/site-packages/map_server-0.0.0-py3.10.egg-info' (and everything under it)
[8.877s] Copying ../../build/map_server/map_server.egg-info to /home/user/ros2_ws/install/map_server/lib/python3.10/site-packages/map_server-0.0.0-py3.10.egg-info
[8.879s] running install_scripts
[9.061s] writing list of installed files to '/home/user/ros2_ws/build/map_server/install.log'
[9.373s] Invoked command in '/home/user/ros2_ws/src/map_server' returned '0': PYTHONPATH=/home/user/ros2_ws/build/map_server/prefix_override:/home/user/ros2_ws/install/map_server/lib/python3.10/site-packages:${PYTHONPATH} _=/usr/bin/env /usr/bin/python3 setup.py egg_info --egg-base ../../build/map_server build --build-base /home/user/ros2_ws/build/map_server/build install --record /home/user/ros2_ws/build/map_server/install.log --single-version-externally-managed
