[7.151s] Invoking command in '/home/user/ros2_ws/src/path_planner_server': PYTHONPATH=/home/user/ros2_ws/build/path_planner_server/prefix_override:/home/user/ros2_ws/install/path_planner_server/lib/python3.10/site-packages:${PYTHONPATH} _=/usr/bin/env /usr/bin/python3 setup.py egg_info --egg-base ../../build/path_planner_server build --build-base /home/user/ros2_ws/build/path_planner_server/build install --record /home/user/ros2_ws/build/path_planner_server/install.log --single-version-externally-managed
[8.453s] running egg_info
[8.453s] writing ../../build/path_planner_server/path_planner_server.egg-info/PKG-INFO
[8.453s] writing dependency_links to ../../build/path_planner_server/path_planner_server.egg-info/dependency_links.txt
[8.453s] writing entry points to ../../build/path_planner_server/path_planner_server.egg-info/entry_points.txt
[8.454s] writing requirements to ../../build/path_planner_server/path_planner_server.egg-info/requires.txt
[8.454s] writing top-level names to ../../build/path_planner_server/path_planner_server.egg-info/top_level.txt
[8.455s] reading manifest file '../../build/path_planner_server/path_planner_server.egg-info/SOURCES.txt'
[8.455s] writing manifest file '../../build/path_planner_server/path_planner_server.egg-info/SOURCES.txt'
[8.459s] running build
[8.459s] running build_py
[8.459s] copying path_planner_server/nav_to_pose_action_client.py -> /home/user/ros2_ws/build/path_planner_server/build/lib/path_planner_server
[8.459s] running install
[8.460s] /usr/lib/python3/dist-packages/setuptools/command/install.py:34: SetuptoolsDeprecationWarning: setup.py install is deprecated. Use build and pip and other standards-based tools.
[8.460s]   warnings.warn(
[8.460s] running install_lib
[8.460s] copying /home/user/ros2_ws/build/path_planner_server/build/lib/path_planner_server/nav_to_pose_action_client.py -> /home/user/ros2_ws/install/path_planner_server/lib/python3.10/site-packages/path_planner_server
[8.460s] byte-compiling /home/user/ros2_ws/install/path_planner_server/lib/python3.10/site-packages/path_planner_server/nav_to_pose_action_client.py to nav_to_pose_action_client.cpython-310.pyc
[8.460s] running install_data
[8.460s] running install_egg_info
[8.464s] removing '/home/user/ros2_ws/install/path_planner_server/lib/python3.10/site-packages/path_planner_server-0.0.0-py3.10.egg-info' (and everything under it)
[8.464s] Copying ../../build/path_planner_server/path_planner_server.egg-info to /home/user/ros2_ws/install/path_planner_server/lib/python3.10/site-packages/path_planner_server-0.0.0-py3.10.egg-info
[8.466s] running install_scripts
[8.566s] Installing nav_to_path script to /home/user/ros2_ws/install/path_planner_server/lib/path_planner_server
[8.567s] writing list of installed files to '/home/user/ros2_ws/build/path_planner_server/install.log'
[8.790s] Invoked command in '/home/user/ros2_ws/src/path_planner_server' returned '0': PYTHONPATH=/home/user/ros2_ws/build/path_planner_server/prefix_override:/home/user/ros2_ws/install/path_planner_server/lib/python3.10/site-packages:${PYTHONPATH} _=/usr/bin/env /usr/bin/python3 setup.py egg_info --egg-base ../../build/path_planner_server build --build-base /home/user/ros2_ws/build/path_planner_server/build install --record /home/user/ros2_ws/build/path_planner_server/install.log --single-version-externally-managed
