[0.969s] Invoking command in '/home/user/ros2_ws/src/localization_server': PYTHONPATH=/home/user/ros2_ws/build/localization_server/prefix_override:/home/user/ros2_ws/install/localization_server/lib/python3.10/site-packages:${PYTHONPATH} _=/usr/bin/env /usr/bin/python3 setup.py egg_info --egg-base ../../build/localization_server build --build-base /home/user/ros2_ws/build/localization_server/build install --record /home/user/ros2_ws/build/localization_server/install.log --single-version-externally-managed
[1.276s] running egg_info
[1.279s] writing ../../build/localization_server/localization_server.egg-info/PKG-INFO
[1.279s] writing dependency_links to ../../build/localization_server/localization_server.egg-info/dependency_links.txt
[1.279s] writing entry points to ../../build/localization_server/localization_server.egg-info/entry_points.txt
[1.279s] writing requirements to ../../build/localization_server/localization_server.egg-info/requires.txt
[1.280s] writing top-level names to ../../build/localization_server/localization_server.egg-info/top_level.txt
[1.282s] reading manifest file '../../build/localization_server/localization_server.egg-info/SOURCES.txt'
[1.283s] writing manifest file '../../build/localization_server/localization_server.egg-info/SOURCES.txt'
[1.284s] running build
[1.284s] running build_py
[1.284s] running install
[1.284s] /usr/lib/python3/dist-packages/setuptools/command/install.py:34: SetuptoolsDeprecationWarning: setup.py install is deprecated. Use build and pip and other standards-based tools.
[1.284s]   warnings.warn(
[1.284s] running install_lib
[1.286s] running install_data
[1.286s] running install_egg_info
[1.288s] removing '/home/user/ros2_ws/install/localization_server/lib/python3.10/site-packages/localization_server-0.0.0-py3.10.egg-info' (and everything under it)
[1.289s] Copying ../../build/localization_server/localization_server.egg-info to /home/user/ros2_ws/install/localization_server/lib/python3.10/site-packages/localization_server-0.0.0-py3.10.egg-info
[1.290s] running install_scripts
[1.315s] writing list of installed files to '/home/user/ros2_ws/build/localization_server/install.log'
[1.343s] Invoked command in '/home/user/ros2_ws/src/localization_server' returned '0': PYTHONPATH=/home/user/ros2_ws/build/localization_server/prefix_override:/home/user/ros2_ws/install/localization_server/lib/python3.10/site-packages:${PYTHONPATH} _=/usr/bin/env /usr/bin/python3 setup.py egg_info --egg-base ../../build/localization_server build --build-base /home/user/ros2_ws/build/localization_server/build install --record /home/user/ros2_ws/build/localization_server/install.log --single-version-externally-managed
