[0.902s] Invoking command in '/home/user/ros2_ws/src/localization_server': PYTHONPATH=/home/user/ros2_ws/build/localization_server/prefix_override:/home/user/ros2_ws/install/localization_server/lib/python3.10/site-packages:${PYTHONPATH} _=/usr/bin/env /usr/bin/python3 setup.py egg_info --egg-base ../../build/localization_server build --build-base /home/user/ros2_ws/build/localization_server/build install --record /home/user/ros2_ws/build/localization_server/install.log --single-version-externally-managed
[1.210s] running egg_info
[1.211s] writing ../../build/localization_server/localization_server.egg-info/PKG-INFO
[1.211s] writing dependency_links to ../../build/localization_server/localization_server.egg-info/dependency_links.txt
[1.211s] writing entry points to ../../build/localization_server/localization_server.egg-info/entry_points.txt
[1.211s] writing requirements to ../../build/localization_server/localization_server.egg-info/requires.txt
[1.212s] writing top-level names to ../../build/localization_server/localization_server.egg-info/top_level.txt
[1.213s] reading manifest file '../../build/localization_server/localization_server.egg-info/SOURCES.txt'
[1.215s] writing manifest file '../../build/localization_server/localization_server.egg-info/SOURCES.txt'
[1.215s] running build
[1.215s] running build_py
[1.215s] running install
[1.215s] /usr/lib/python3/dist-packages/setuptools/command/install.py:34: SetuptoolsDeprecationWarning: setup.py install is deprecated. Use build and pip and other standards-based tools.
[1.215s]   warnings.warn(
[1.216s] running install_lib
[1.217s] running install_data
[1.218s] copying config/amcl_config_initialized.yaml -> /home/user/ros2_ws/install/localization_server/share/localization_server/config
[1.218s] running install_egg_info
[1.220s] removing '/home/user/ros2_ws/install/localization_server/lib/python3.10/site-packages/localization_server-0.0.0-py3.10.egg-info' (and everything under it)
[1.221s] Copying ../../build/localization_server/localization_server.egg-info to /home/user/ros2_ws/install/localization_server/lib/python3.10/site-packages/localization_server-0.0.0-py3.10.egg-info
[1.221s] running install_scripts
[1.251s] writing list of installed files to '/home/user/ros2_ws/build/localization_server/install.log'
[1.281s] Invoked command in '/home/user/ros2_ws/src/localization_server' returned '0': PYTHONPATH=/home/user/ros2_ws/build/localization_server/prefix_override:/home/user/ros2_ws/install/localization_server/lib/python3.10/site-packages:${PYTHONPATH} _=/usr/bin/env /usr/bin/python3 setup.py egg_info --egg-base ../../build/localization_server build --build-base /home/user/ros2_ws/build/localization_server/build install --record /home/user/ros2_ws/build/localization_server/install.log --single-version-externally-managed
