[3.731s] Invoking command in '/home/user/ros2_ws/src/path_planner_server': PYTHONPATH=/home/user/ros2_ws/build/path_planner_server/prefix_override:/home/user/ros2_ws/install/path_planner_server/lib/python3.10/site-packages:${PYTHONPATH} _=/usr/bin/env /usr/bin/python3 setup.py egg_info --egg-base ../../build/path_planner_server build --build-base /home/user/ros2_ws/build/path_planner_server/build install --record /home/user/ros2_ws/build/path_planner_server/install.log --single-version-externally-managed
[4.124s] running egg_info
[4.126s] writing ../../build/path_planner_server/path_planner_server.egg-info/PKG-INFO
[4.126s] writing dependency_links to ../../build/path_planner_server/path_planner_server.egg-info/dependency_links.txt
[4.126s] writing entry points to ../../build/path_planner_server/path_planner_server.egg-info/entry_points.txt
[4.126s] writing requirements to ../../build/path_planner_server/path_planner_server.egg-info/requires.txt
[4.127s] writing top-level names to ../../build/path_planner_server/path_planner_server.egg-info/top_level.txt
[4.128s] reading manifest file '../../build/path_planner_server/path_planner_server.egg-info/SOURCES.txt'
[4.130s] writing manifest file '../../build/path_planner_server/path_planner_server.egg-info/SOURCES.txt'
[4.131s] running build
[4.131s] running build_py
[4.131s] running install
[4.131s] /usr/lib/python3/dist-packages/setuptools/command/install.py:34: SetuptoolsDeprecationWarning: setup.py install is deprecated. Use build and pip and other standards-based tools.
[4.131s]   warnings.warn(
[4.132s] running install_lib
[4.133s] running install_data
[4.135s] copying config/planner_server.yaml -> /home/user/ros2_ws/install/path_planner_server/share/path_planner_server/config
[4.135s] running install_egg_info
[4.136s] removing '/home/user/ros2_ws/install/path_planner_server/lib/python3.10/site-packages/path_planner_server-0.0.0-py3.10.egg-info' (and everything under it)
[4.137s] Copying ../../build/path_planner_server/path_planner_server.egg-info to /home/user/ros2_ws/install/path_planner_server/lib/python3.10/site-packages/path_planner_server-0.0.0-py3.10.egg-info
[4.138s] running install_scripts
[4.167s] writing list of installed files to '/home/user/ros2_ws/build/path_planner_server/install.log'
[4.197s] Invoked command in '/home/user/ros2_ws/src/path_planner_server' returned '0': PYTHONPATH=/home/user/ros2_ws/build/path_planner_server/prefix_override:/home/user/ros2_ws/install/path_planner_server/lib/python3.10/site-packages:${PYTHONPATH} _=/usr/bin/env /usr/bin/python3 setup.py egg_info --egg-base ../../build/path_planner_server build --build-base /home/user/ros2_ws/build/path_planner_server/build install --record /home/user/ros2_ws/build/path_planner_server/install.log --single-version-externally-managed
