[5.598s] Invoking command in '/home/user/ros2_ws/src/map_server': PYTHONPATH=/home/user/ros2_ws/build/map_server/prefix_override:/home/user/ros2_ws/install/map_server/lib/python3.10/site-packages:${PYTHONPATH} _=/usr/bin/env /usr/bin/python3 setup.py egg_info --egg-base ../../build/map_server build --build-base /home/user/ros2_ws/build/map_server/build install --record /home/user/ros2_ws/build/map_server/install.log --single-version-externally-managed
[6.933s] running egg_info
[6.935s] writing ../../build/map_server/map_server.egg-info/PKG-INFO
[6.935s] writing dependency_links to ../../build/map_server/map_server.egg-info/dependency_links.txt
[6.936s] writing entry points to ../../build/map_server/map_server.egg-info/entry_points.txt
[6.936s] writing requirements to ../../build/map_server/map_server.egg-info/requires.txt
[6.936s] writing top-level names to ../../build/map_server/map_server.egg-info/top_level.txt
[6.994s] reading manifest file '../../build/map_server/map_server.egg-info/SOURCES.txt'
[6.995s] writing manifest file '../../build/map_server/map_server.egg-info/SOURCES.txt'
[6.995s] running build
[6.995s] running build_py
[6.995s] running install
[6.995s] /usr/lib/python3/dist-packages/setuptools/command/install.py:34: SetuptoolsDeprecationWarning: setup.py install is deprecated. Use build and pip and other standards-based tools.
[6.996s]   warnings.warn(
[6.997s] running install_lib
[6.998s] running install_data
[6.998s] copying launch/nav2_map_server.launch.py -> /home/user/ros2_ws/install/map_server/share/map_server/launch
[6.999s] running install_egg_info
[7.002s] removing '/home/user/ros2_ws/install/map_server/lib/python3.10/site-packages/map_server-0.0.0-py3.10.egg-info' (and everything under it)
[7.002s] Copying ../../build/map_server/map_server.egg-info to /home/user/ros2_ws/install/map_server/lib/python3.10/site-packages/map_server-0.0.0-py3.10.egg-info
[7.004s] running install_scripts
[7.032s] writing list of installed files to '/home/user/ros2_ws/build/map_server/install.log'
[7.297s] Invoked command in '/home/user/ros2_ws/src/map_server' returned '0': PYTHONPATH=/home/user/ros2_ws/build/map_server/prefix_override:/home/user/ros2_ws/install/map_server/lib/python3.10/site-packages:${PYTHONPATH} _=/usr/bin/env /usr/bin/python3 setup.py egg_info --egg-base ../../build/map_server build --build-base /home/user/ros2_ws/build/map_server/build install --record /home/user/ros2_ws/build/map_server/install.log --single-version-externally-managed
