[8.742s] Invoking command in '/home/user/ros2_ws/src/cartographer_slam': PYTHONPATH=/home/user/ros2_ws/build/cartographer_slam/prefix_override:/home/user/ros2_ws/install/cartographer_slam/lib/python3.10/site-packages:${PYTHONPATH} _=/usr/bin/env /usr/bin/python3 setup.py egg_info --egg-base ../../build/cartographer_slam build --build-base /home/user/ros2_ws/build/cartographer_slam/build install --record /home/user/ros2_ws/build/cartographer_slam/install.log --single-version-externally-managed
[9.857s] running egg_info
[9.858s] writing ../../build/cartographer_slam/cartographer_slam.egg-info/PKG-INFO
[9.859s] writing dependency_links to ../../build/cartographer_slam/cartographer_slam.egg-info/dependency_links.txt
[9.859s] writing entry points to ../../build/cartographer_slam/cartographer_slam.egg-info/entry_points.txt
[9.860s] writing requirements to ../../build/cartographer_slam/cartographer_slam.egg-info/requires.txt
[9.860s] writing top-level names to ../../build/cartographer_slam/cartographer_slam.egg-info/top_level.txt
[9.863s] reading manifest file '../../build/cartographer_slam/cartographer_slam.egg-info/SOURCES.txt'
[9.865s] writing manifest file '../../build/cartographer_slam/cartographer_slam.egg-info/SOURCES.txt'
[9.865s] running build
[9.865s] running build_py
[9.865s] running install
[9.866s] /usr/lib/python3/dist-packages/setuptools/command/install.py:34: SetuptoolsDeprecationWarning: setup.py install is deprecated. Use build and pip and other standards-based tools.
[9.867s]   warnings.warn(
[9.867s] running install_lib
[9.868s] running install_data
[9.869s] running install_egg_info
[9.872s] removing '/home/user/ros2_ws/install/cartographer_slam/lib/python3.10/site-packages/cartographer_slam-0.0.0-py3.10.egg-info' (and everything under it)
[9.872s] Copying ../../build/cartographer_slam/cartographer_slam.egg-info to /home/user/ros2_ws/install/cartographer_slam/lib/python3.10/site-packages/cartographer_slam-0.0.0-py3.10.egg-info
[9.873s] running install_scripts
[9.965s] writing list of installed files to '/home/user/ros2_ws/build/cartographer_slam/install.log'
[10.355s] Invoked command in '/home/user/ros2_ws/src/cartographer_slam' returned '0': PYTHONPATH=/home/user/ros2_ws/build/cartographer_slam/prefix_override:/home/user/ros2_ws/install/cartographer_slam/lib/python3.10/site-packages:${PYTHONPATH} _=/usr/bin/env /usr/bin/python3 setup.py egg_info --egg-base ../../build/cartographer_slam build --build-base /home/user/ros2_ws/build/cartographer_slam/build install --record /home/user/ros2_ws/build/cartographer_slam/install.log --single-version-externally-managed
