[5.206s] Invoking command in '/home/user/ros2_ws/src/path_planner_server': PYTHONPATH=/home/user/ros2_ws/build/path_planner_server/prefix_override:/home/user/ros2_ws/install/path_planner_server/lib/python3.10/site-packages:${PYTHONPATH} _=/usr/bin/env /usr/bin/python3 setup.py egg_info --egg-base ../../build/path_planner_server build --build-base /home/user/ros2_ws/build/path_planner_server/build install --record /home/user/ros2_ws/build/path_planner_server/install.log --single-version-externally-managed
[6.488s] running egg_info
[6.491s] writing ../../build/path_planner_server/path_planner_server.egg-info/PKG-INFO
[6.491s] writing dependency_links to ../../build/path_planner_server/path_planner_server.egg-info/dependency_links.txt
[6.491s] writing entry points to ../../build/path_planner_server/path_planner_server.egg-info/entry_points.txt
[6.491s] writing requirements to ../../build/path_planner_server/path_planner_server.egg-info/requires.txt
[6.492s] writing top-level names to ../../build/path_planner_server/path_planner_server.egg-info/top_level.txt
[6.494s] reading manifest file '../../build/path_planner_server/path_planner_server.egg-info/SOURCES.txt'
[6.497s] writing manifest file '../../build/path_planner_server/path_planner_server.egg-info/SOURCES.txt'
[6.498s] running build
[6.498s] running build_py
[6.498s] running install
[6.498s] /usr/lib/python3/dist-packages/setuptools/command/install.py:34: SetuptoolsDeprecationWarning: setup.py install is deprecated. Use build and pip and other standards-based tools.
[6.498s]   warnings.warn(
[6.499s] running install_lib
[6.499s] running install_data
[6.500s] copying launch/multi_pathplanner.launch.py -> /home/user/ros2_ws/install/path_planner_server/share/path_planner_server/launch
[6.500s] running install_egg_info
[6.502s] removing '/home/user/ros2_ws/install/path_planner_server/lib/python3.10/site-packages/path_planner_server-0.0.0-py3.10.egg-info' (and everything under it)
[6.503s] Copying ../../build/path_planner_server/path_planner_server.egg-info to /home/user/ros2_ws/install/path_planner_server/lib/python3.10/site-packages/path_planner_server-0.0.0-py3.10.egg-info
[6.504s] running install_scripts
[6.535s] Installing nav_to_pose script to /home/user/ros2_ws/install/path_planner_server/lib/path_planner_server
[6.535s] writing list of installed files to '/home/user/ros2_ws/build/path_planner_server/install.log'
[6.729s] Invoked command in '/home/user/ros2_ws/src/path_planner_server' returned '0': PYTHONPATH=/home/user/ros2_ws/build/path_planner_server/prefix_override:/home/user/ros2_ws/install/path_planner_server/lib/python3.10/site-packages:${PYTHONPATH} _=/usr/bin/env /usr/bin/python3 setup.py egg_info --egg-base ../../build/path_planner_server build --build-base /home/user/ros2_ws/build/path_planner_server/build install --record /home/user/ros2_ws/build/path_planner_server/install.log --single-version-externally-managed
