[1.728s] DEBUG:colcon:Command line arguments: ['/usr/bin/colcon', 'build', '--packages-select', 'cartographer_slam']
[1.728s] DEBUG:colcon:Parsed command line arguments: Namespace(log_base=None, log_level=None, verb_name='build', build_base='build', install_base='install', merge_install=False, symlink_install=False, test_result_base=None, continue_on_error=False, executor='parallel', parallel_workers=8, event_handlers=None, ignore_user_meta=False, metas=['./colcon.meta'], base_paths=['.'], packages_ignore=None, packages_ignore_regex=None, paths=None, packages_up_to=None, packages_up_to_regex=None, packages_above=None, packages_above_and_dependencies=None, packages_above_depth=None, packages_select_by_dep=None, packages_skip_by_dep=None, packages_skip_up_to=None, packages_select_build_failed=False, packages_skip_build_finished=False, packages_select_test_failures=False, packages_skip_test_passed=False, packages_select=['cartographer_slam'], packages_skip=None, packages_select_regex=None, packages_skip_regex=None, packages_start=None, packages_end=None, cmake_args=None, cmake_target=None, cmake_target_skip_unavailable=False, cmake_clean_cache=False, cmake_clean_first=False, cmake_force_configure=False, ament_cmake_args=None, catkin_cmake_args=None, catkin_skip_building_tests=False, mixin_files=None, mixin=None, verb_parser=<colcon_mixin.mixin.mixin_argument.MixinArgumentDecorator object at 0x7f469856c2b0>, verb_extension=<colcon_core.verb.build.BuildVerb object at 0x7f4698911ff0>, main=<bound method BuildVerb.main of <colcon_core.verb.build.BuildVerb object at 0x7f4698911ff0>>, mixin_verb=('build',))
[1.782s] Level 1:colcon.colcon_core.package_discovery:discover_packages(colcon_meta) check parameters
[1.783s] Level 1:colcon.colcon_core.package_discovery:discover_packages(recursive) check parameters
[1.783s] Level 1:colcon.colcon_core.package_discovery:discover_packages(ignore) check parameters
[1.783s] Level 1:colcon.colcon_core.package_discovery:discover_packages(path) check parameters
[1.783s] Level 1:colcon.colcon_core.package_discovery:discover_packages(colcon_meta) discover
[1.783s] Level 1:colcon.colcon_core.package_discovery:discover_packages(recursive) discover
[1.783s] INFO:colcon.colcon_core.package_discovery:Crawling recursively for packages in '/home/user/ros2_ws'
[1.783s] Level 1:colcon.colcon_core.package_identification:_identify(.) by extensions ['ignore', 'ignore_ament_install']
[1.783s] Level 1:colcon.colcon_core.package_identification:_identify(.) by extension 'ignore'
[1.783s] Level 1:colcon.colcon_core.package_identification:_identify(.) by extension 'ignore_ament_install'
[1.783s] Level 1:colcon.colcon_core.package_identification:_identify(.) by extensions ['colcon_pkg']
[1.784s] Level 1:colcon.colcon_core.package_identification:_identify(.) by extension 'colcon_pkg'
[1.784s] Level 1:colcon.colcon_core.package_identification:_identify(.) by extensions ['colcon_meta']
[1.784s] Level 1:colcon.colcon_core.package_identification:_identify(.) by extension 'colcon_meta'
[1.784s] Level 1:colcon.colcon_core.package_identification:_identify(.) by extensions ['ros']
[1.784s] Level 1:colcon.colcon_core.package_identification:_identify(.) by extension 'ros'
[1.815s] Level 1:colcon.colcon_core.package_identification:_identify(.) by extensions ['cmake', 'python']
[1.816s] Level 1:colcon.colcon_core.package_identification:_identify(.) by extension 'cmake'
[1.816s] Level 1:colcon.colcon_core.package_identification:_identify(.) by extension 'python'
[1.816s] Level 1:colcon.colcon_core.package_identification:_identify(.) by extensions ['python_setup_py']
[1.816s] Level 1:colcon.colcon_core.package_identification:_identify(.) by extension 'python_setup_py'
[1.816s] Level 1:colcon.colcon_core.package_identification:_identify(build) by extensions ['ignore', 'ignore_ament_install']
[1.816s] Level 1:colcon.colcon_core.package_identification:_identify(build) by extension 'ignore'
[1.816s] Level 1:colcon.colcon_core.package_identification:_identify(build) ignored
[1.816s] Level 1:colcon.colcon_core.package_identification:_identify(install) by extensions ['ignore', 'ignore_ament_install']
[1.816s] Level 1:colcon.colcon_core.package_identification:_identify(install) by extension 'ignore'
[1.817s] Level 1:colcon.colcon_core.package_identification:_identify(install) ignored
[1.817s] Level 1:colcon.colcon_core.package_identification:_identify(log) by extensions ['ignore', 'ignore_ament_install']
[1.817s] Level 1:colcon.colcon_core.package_identification:_identify(log) by extension 'ignore'
[1.817s] Level 1:colcon.colcon_core.package_identification:_identify(log) ignored
[1.817s] Level 1:colcon.colcon_core.package_identification:_identify(src) by extensions ['ignore', 'ignore_ament_install']
[1.817s] Level 1:colcon.colcon_core.package_identification:_identify(src) by extension 'ignore'
[1.817s] Level 1:colcon.colcon_core.package_identification:_identify(src) by extension 'ignore_ament_install'
[1.818s] Level 1:colcon.colcon_core.package_identification:_identify(src) by extensions ['colcon_pkg']
[1.818s] Level 1:colcon.colcon_core.package_identification:_identify(src) by extension 'colcon_pkg'
[1.818s] Level 1:colcon.colcon_core.package_identification:_identify(src) by extensions ['colcon_meta']
[1.818s] Level 1:colcon.colcon_core.package_identification:_identify(src) by extension 'colcon_meta'
[1.818s] Level 1:colcon.colcon_core.package_identification:_identify(src) by extensions ['ros']
[1.818s] Level 1:colcon.colcon_core.package_identification:_identify(src) by extension 'ros'
[1.818s] Level 1:colcon.colcon_core.package_identification:_identify(src) by extensions ['cmake', 'python']
[1.818s] Level 1:colcon.colcon_core.package_identification:_identify(src) by extension 'cmake'
[1.818s] Level 1:colcon.colcon_core.package_identification:_identify(src) by extension 'python'
[1.818s] Level 1:colcon.colcon_core.package_identification:_identify(src) by extensions ['python_setup_py']
[1.818s] Level 1:colcon.colcon_core.package_identification:_identify(src) by extension 'python_setup_py'
[1.818s] Level 1:colcon.colcon_core.package_identification:_identify(src/cartographer_slam) by extensions ['ignore', 'ignore_ament_install']
[1.818s] Level 1:colcon.colcon_core.package_identification:_identify(src/cartographer_slam) by extension 'ignore'
[1.818s] Level 1:colcon.colcon_core.package_identification:_identify(src/cartographer_slam) by extension 'ignore_ament_install'
[1.818s] Level 1:colcon.colcon_core.package_identification:_identify(src/cartographer_slam) by extensions ['colcon_pkg']
[1.819s] Level 1:colcon.colcon_core.package_identification:_identify(src/cartographer_slam) by extension 'colcon_pkg'
[1.819s] Level 1:colcon.colcon_core.package_identification:_identify(src/cartographer_slam) by extensions ['colcon_meta']
[1.819s] Level 1:colcon.colcon_core.package_identification:_identify(src/cartographer_slam) by extension 'colcon_meta'
[1.819s] Level 1:colcon.colcon_core.package_identification:_identify(src/cartographer_slam) by extensions ['ros']
[1.819s] Level 1:colcon.colcon_core.package_identification:_identify(src/cartographer_slam) by extension 'ros'
[1.822s] DEBUG:colcon.colcon_core.package_identification:Package 'src/cartographer_slam' with type 'ros.ament_python' and name 'cartographer_slam'
[1.822s] Level 1:colcon.colcon_core.package_identification:_identify(src/localization_server) by extensions ['ignore', 'ignore_ament_install']
[1.822s] Level 1:colcon.colcon_core.package_identification:_identify(src/localization_server) by extension 'ignore'
[1.822s] Level 1:colcon.colcon_core.package_identification:_identify(src/localization_server) by extension 'ignore_ament_install'
[1.822s] Level 1:colcon.colcon_core.package_identification:_identify(src/localization_server) by extensions ['colcon_pkg']
[1.822s] Level 1:colcon.colcon_core.package_identification:_identify(src/localization_server) by extension 'colcon_pkg'
[1.822s] Level 1:colcon.colcon_core.package_identification:_identify(src/localization_server) by extensions ['colcon_meta']
[1.823s] Level 1:colcon.colcon_core.package_identification:_identify(src/localization_server) by extension 'colcon_meta'
[1.823s] Level 1:colcon.colcon_core.package_identification:_identify(src/localization_server) by extensions ['ros']
[1.823s] Level 1:colcon.colcon_core.package_identification:_identify(src/localization_server) by extension 'ros'
[1.823s] DEBUG:colcon.colcon_core.package_identification:Package 'src/localization_server' with type 'ros.ament_python' and name 'localization_server'
[1.824s] Level 1:colcon.colcon_core.package_identification:_identify(src/map_server) by extensions ['ignore', 'ignore_ament_install']
[1.824s] Level 1:colcon.colcon_core.package_identification:_identify(src/map_server) by extension 'ignore'
[1.824s] Level 1:colcon.colcon_core.package_identification:_identify(src/map_server) by extension 'ignore_ament_install'
[1.824s] Level 1:colcon.colcon_core.package_identification:_identify(src/map_server) by extensions ['colcon_pkg']
[1.824s] Level 1:colcon.colcon_core.package_identification:_identify(src/map_server) by extension 'colcon_pkg'
[1.824s] Level 1:colcon.colcon_core.package_identification:_identify(src/map_server) by extensions ['colcon_meta']
[1.824s] Level 1:colcon.colcon_core.package_identification:_identify(src/map_server) by extension 'colcon_meta'
[1.824s] Level 1:colcon.colcon_core.package_identification:_identify(src/map_server) by extensions ['ros']
[1.824s] Level 1:colcon.colcon_core.package_identification:_identify(src/map_server) by extension 'ros'
[1.825s] DEBUG:colcon.colcon_core.package_identification:Package 'src/map_server' with type 'ros.ament_python' and name 'map_server'
[1.825s] Level 1:colcon.colcon_core.package_identification:_identify(src/path_planner_server) by extensions ['ignore', 'ignore_ament_install']
[1.825s] Level 1:colcon.colcon_core.package_identification:_identify(src/path_planner_server) by extension 'ignore'
[1.825s] Level 1:colcon.colcon_core.package_identification:_identify(src/path_planner_server) by extension 'ignore_ament_install'
[1.825s] Level 1:colcon.colcon_core.package_identification:_identify(src/path_planner_server) by extensions ['colcon_pkg']
[1.826s] Level 1:colcon.colcon_core.package_identification:_identify(src/path_planner_server) by extension 'colcon_pkg'
[1.826s] Level 1:colcon.colcon_core.package_identification:_identify(src/path_planner_server) by extensions ['colcon_meta']
[1.826s] Level 1:colcon.colcon_core.package_identification:_identify(src/path_planner_server) by extension 'colcon_meta'
[1.826s] Level 1:colcon.colcon_core.package_identification:_identify(src/path_planner_server) by extensions ['ros']
[1.826s] Level 1:colcon.colcon_core.package_identification:_identify(src/path_planner_server) by extension 'ros'
[1.826s] DEBUG:colcon.colcon_core.package_identification:Package 'src/path_planner_server' with type 'ros.ament_python' and name 'path_planner_server'
[1.827s] Level 1:colcon.colcon_core.package_identification:_identify(src/ros2_nav_files) by extensions ['ignore', 'ignore_ament_install']
[1.827s] Level 1:colcon.colcon_core.package_identification:_identify(src/ros2_nav_files) by extension 'ignore'
[1.827s] Level 1:colcon.colcon_core.package_identification:_identify(src/ros2_nav_files) by extension 'ignore_ament_install'
[1.827s] Level 1:colcon.colcon_core.package_identification:_identify(src/ros2_nav_files) by extensions ['colcon_pkg']
[1.827s] Level 1:colcon.colcon_core.package_identification:_identify(src/ros2_nav_files) by extension 'colcon_pkg'
[1.827s] Level 1:colcon.colcon_core.package_identification:_identify(src/ros2_nav_files) by extensions ['colcon_meta']
[1.827s] Level 1:colcon.colcon_core.package_identification:_identify(src/ros2_nav_files) by extension 'colcon_meta'
[1.827s] Level 1:colcon.colcon_core.package_identification:_identify(src/ros2_nav_files) by extensions ['ros']
[1.827s] Level 1:colcon.colcon_core.package_identification:_identify(src/ros2_nav_files) by extension 'ros'
[1.827s] Level 1:colcon.colcon_core.package_identification:_identify(src/ros2_nav_files) by extensions ['cmake', 'python']
[1.827s] Level 1:colcon.colcon_core.package_identification:_identify(src/ros2_nav_files) by extension 'cmake'
[1.827s] Level 1:colcon.colcon_core.package_identification:_identify(src/ros2_nav_files) by extension 'python'
[1.827s] Level 1:colcon.colcon_core.package_identification:_identify(src/ros2_nav_files) by extensions ['python_setup_py']
[1.827s] Level 1:colcon.colcon_core.package_identification:_identify(src/ros2_nav_files) by extension 'python_setup_py'
[1.828s] Level 1:colcon.colcon_core.package_identification:_identify(src/ros2_nav_files/nav2_course) by extensions ['ignore', 'ignore_ament_install']
[1.828s] Level 1:colcon.colcon_core.package_identification:_identify(src/ros2_nav_files/nav2_course) by extension 'ignore'
[1.828s] Level 1:colcon.colcon_core.package_identification:_identify(src/ros2_nav_files/nav2_course) by extension 'ignore_ament_install'
[1.828s] Level 1:colcon.colcon_core.package_identification:_identify(src/ros2_nav_files/nav2_course) by extensions ['colcon_pkg']
[1.828s] Level 1:colcon.colcon_core.package_identification:_identify(src/ros2_nav_files/nav2_course) by extension 'colcon_pkg'
[1.828s] Level 1:colcon.colcon_core.package_identification:_identify(src/ros2_nav_files/nav2_course) by extensions ['colcon_meta']
[1.828s] Level 1:colcon.colcon_core.package_identification:_identify(src/ros2_nav_files/nav2_course) by extension 'colcon_meta'
[1.828s] Level 1:colcon.colcon_core.package_identification:_identify(src/ros2_nav_files/nav2_course) by extensions ['ros']
[1.828s] Level 1:colcon.colcon_core.package_identification:_identify(src/ros2_nav_files/nav2_course) by extension 'ros'
[1.829s] DEBUG:colcon.colcon_core.package_identification:Package 'src/ros2_nav_files/nav2_course' with type 'ros.ament_cmake' and name 'nav2_course'
[1.829s] Level 1:colcon.colcon_core.package_identification:_identify(src/ros2_nav_files/nav2_project) by extensions ['ignore', 'ignore_ament_install']
[1.829s] Level 1:colcon.colcon_core.package_identification:_identify(src/ros2_nav_files/nav2_project) by extension 'ignore'
[1.829s] Level 1:colcon.colcon_core.package_identification:_identify(src/ros2_nav_files/nav2_project) by extension 'ignore_ament_install'
[1.829s] Level 1:colcon.colcon_core.package_identification:_identify(src/ros2_nav_files/nav2_project) by extensions ['colcon_pkg']
[1.829s] Level 1:colcon.colcon_core.package_identification:_identify(src/ros2_nav_files/nav2_project) by extension 'colcon_pkg'
[1.829s] Level 1:colcon.colcon_core.package_identification:_identify(src/ros2_nav_files/nav2_project) by extensions ['colcon_meta']
[1.829s] Level 1:colcon.colcon_core.package_identification:_identify(src/ros2_nav_files/nav2_project) by extension 'colcon_meta'
[1.829s] Level 1:colcon.colcon_core.package_identification:_identify(src/ros2_nav_files/nav2_project) by extensions ['ros']
[1.829s] Level 1:colcon.colcon_core.package_identification:_identify(src/ros2_nav_files/nav2_project) by extension 'ros'
[1.830s] DEBUG:colcon.colcon_core.package_identification:Package 'src/ros2_nav_files/nav2_project' with type 'ros.ament_python' and name 'nav2_project'
[1.830s] Level 1:colcon.colcon_core.package_identification:_identify(src/ros2_nav_files/rviz) by extensions ['ignore', 'ignore_ament_install']
[1.830s] Level 1:colcon.colcon_core.package_identification:_identify(src/ros2_nav_files/rviz) by extension 'ignore'
[1.830s] Level 1:colcon.colcon_core.package_identification:_identify(src/ros2_nav_files/rviz) by extension 'ignore_ament_install'
[1.830s] Level 1:colcon.colcon_core.package_identification:_identify(src/ros2_nav_files/rviz) by extensions ['colcon_pkg']
[1.830s] Level 1:colcon.colcon_core.package_identification:_identify(src/ros2_nav_files/rviz) by extension 'colcon_pkg'
[1.830s] Level 1:colcon.colcon_core.package_identification:_identify(src/ros2_nav_files/rviz) by extensions ['colcon_meta']
[1.830s] Level 1:colcon.colcon_core.package_identification:_identify(src/ros2_nav_files/rviz) by extension 'colcon_meta'
[1.830s] Level 1:colcon.colcon_core.package_identification:_identify(src/ros2_nav_files/rviz) by extensions ['ros']
[1.830s] Level 1:colcon.colcon_core.package_identification:_identify(src/ros2_nav_files/rviz) by extension 'ros'
[1.830s] Level 1:colcon.colcon_core.package_identification:_identify(src/ros2_nav_files/rviz) by extensions ['cmake', 'python']
[1.831s] Level 1:colcon.colcon_core.package_identification:_identify(src/ros2_nav_files/rviz) by extension 'cmake'
[1.831s] Level 1:colcon.colcon_core.package_identification:_identify(src/ros2_nav_files/rviz) by extension 'python'
[1.831s] Level 1:colcon.colcon_core.package_identification:_identify(src/ros2_nav_files/rviz) by extensions ['python_setup_py']
[1.831s] Level 1:colcon.colcon_core.package_identification:_identify(src/ros2_nav_files/rviz) by extension 'python_setup_py'
[1.831s] Level 1:colcon.colcon_core.package_discovery:discover_packages(recursive) using defaults
[1.831s] Level 1:colcon.colcon_core.package_discovery:discover_packages(ignore) discover
[1.831s] Level 1:colcon.colcon_core.package_discovery:discover_packages(ignore) using defaults
[1.831s] Level 1:colcon.colcon_core.package_discovery:discover_packages(path) discover
[1.831s] Level 1:colcon.colcon_core.package_discovery:discover_packages(path) using defaults
[1.907s] INFO:colcon.colcon_core.package_selection:Skipping not selected package 'localization_server' in 'src/localization_server'
[1.908s] INFO:colcon.colcon_core.package_selection:Skipping not selected package 'map_server' in 'src/map_server'
[1.908s] INFO:colcon.colcon_core.package_selection:Skipping not selected package 'nav2_course' in 'src/ros2_nav_files/nav2_course'
[1.908s] INFO:colcon.colcon_core.package_selection:Skipping not selected package 'nav2_project' in 'src/ros2_nav_files/nav2_project'
[1.908s] INFO:colcon.colcon_core.package_selection:Skipping not selected package 'path_planner_server' in 'src/path_planner_server'
[1.930s] Level 5:colcon.colcon_core.verb:set package 'cartographer_slam' build argument 'cmake_args' from command line to 'None'
[1.930s] Level 5:colcon.colcon_core.verb:set package 'cartographer_slam' build argument 'cmake_target' from command line to 'None'
[1.930s] Level 5:colcon.colcon_core.verb:set package 'cartographer_slam' build argument 'cmake_target_skip_unavailable' from command line to 'False'
[1.930s] Level 5:colcon.colcon_core.verb:set package 'cartographer_slam' build argument 'cmake_clean_cache' from command line to 'False'
[1.930s] Level 5:colcon.colcon_core.verb:set package 'cartographer_slam' build argument 'cmake_clean_first' from command line to 'False'
[1.930s] Level 5:colcon.colcon_core.verb:set package 'cartographer_slam' build argument 'cmake_force_configure' from command line to 'False'
[1.930s] Level 5:colcon.colcon_core.verb:set package 'cartographer_slam' build argument 'ament_cmake_args' from command line to 'None'
[1.930s] Level 5:colcon.colcon_core.verb:set package 'cartographer_slam' build argument 'catkin_cmake_args' from command line to 'None'
[1.930s] Level 5:colcon.colcon_core.verb:set package 'cartographer_slam' build argument 'catkin_skip_building_tests' from command line to 'False'
[1.930s] DEBUG:colcon.colcon_core.verb:Building package 'cartographer_slam' with the following arguments: {'ament_cmake_args': None, 'build_base': '/home/user/ros2_ws/build/cartographer_slam', 'catkin_cmake_args': None, 'catkin_skip_building_tests': False, 'cmake_args': None, 'cmake_clean_cache': False, 'cmake_clean_first': False, 'cmake_force_configure': False, 'cmake_target': None, 'cmake_target_skip_unavailable': False, 'install_base': '/home/user/ros2_ws/install/cartographer_slam', 'merge_install': False, 'path': '/home/user/ros2_ws/src/cartographer_slam', 'symlink_install': False, 'test_result_base': None}
[1.948s] INFO:colcon.colcon_core.executor:Executing jobs using 'parallel' executor
[1.967s] DEBUG:colcon.colcon_parallel_executor.executor.parallel:run_until_complete
[1.967s] INFO:colcon.colcon_ros.task.ament_python.build:Building ROS package in '/home/user/ros2_ws/src/cartographer_slam' with build type 'ament_python'
[1.967s] Level 1:colcon.colcon_core.shell:create_environment_hook('cartographer_slam', 'ament_prefix_path')
[1.990s] INFO:colcon.colcon_core.plugin_system:Skipping extension 'colcon_core.shell.bat': Not used on non-Windows systems
[1.991s] INFO:colcon.colcon_core.shell:Creating environment hook '/home/user/ros2_ws/install/cartographer_slam/share/cartographer_slam/hook/ament_prefix_path.ps1'
[1.994s] INFO:colcon.colcon_core.shell:Creating environment descriptor '/home/user/ros2_ws/install/cartographer_slam/share/cartographer_slam/hook/ament_prefix_path.dsv'
[1.995s] INFO:colcon.colcon_core.shell:Creating environment hook '/home/user/ros2_ws/install/cartographer_slam/share/cartographer_slam/hook/ament_prefix_path.sh'
[2.016s] INFO:colcon.colcon_core.shell:Skip shell extension 'powershell' for command environment: Not usable outside of PowerShell
[2.016s] DEBUG:colcon.colcon_core.shell:Skip shell extension 'dsv' for command environment
[2.426s] INFO:colcon.colcon_core.task.python.build:Building Python package in '/home/user/ros2_ws/src/cartographer_slam'
[2.442s] INFO:colcon.colcon_core.shell:Skip shell extension 'powershell' for command environment: Not usable outside of PowerShell
[2.442s] DEBUG:colcon.colcon_core.shell:Skip shell extension 'dsv' for command environment
[4.752s] DEBUG:colcon.colcon_core.event_handler.log_command:Invoking command in '/home/user/ros2_ws/src/cartographer_slam': PYTHONPATH=/home/user/ros2_ws/build/cartographer_slam/prefix_override:/home/user/ros2_ws/install/cartographer_slam/lib/python3.10/site-packages:${PYTHONPATH} _=/usr/bin/env /usr/bin/python3 setup.py egg_info --egg-base ../../build/cartographer_slam build --build-base /home/user/ros2_ws/build/cartographer_slam/build install --record /home/user/ros2_ws/build/cartographer_slam/install.log --single-version-externally-managed
[5.154s] DEBUG:colcon.colcon_core.event_handler.log_command:Invoked command in '/home/user/ros2_ws/src/cartographer_slam' returned '0': PYTHONPATH=/home/user/ros2_ws/build/cartographer_slam/prefix_override:/home/user/ros2_ws/install/cartographer_slam/lib/python3.10/site-packages:${PYTHONPATH} _=/usr/bin/env /usr/bin/python3 setup.py egg_info --egg-base ../../build/cartographer_slam build --build-base /home/user/ros2_ws/build/cartographer_slam/build install --record /home/user/ros2_ws/build/cartographer_slam/install.log --single-version-externally-managed
[5.186s] Level 1:colcon.colcon_core.environment:checking '/home/user/ros2_ws/install/cartographer_slam' for CMake module files
[5.187s] Level 1:colcon.colcon_core.environment:checking '/home/user/ros2_ws/install/cartographer_slam' for CMake config files
[5.188s] Level 1:colcon.colcon_core.environment:checking '/home/user/ros2_ws/install/cartographer_slam/lib'
[5.188s] Level 1:colcon.colcon_core.environment:checking '/home/user/ros2_ws/install/cartographer_slam/bin'
[5.188s] Level 1:colcon.colcon_core.environment:checking '/home/user/ros2_ws/install/cartographer_slam/lib/pkgconfig/cartographer_slam.pc'
[5.189s] Level 1:colcon.colcon_core.environment:checking '/home/user/ros2_ws/install/cartographer_slam/lib/python3.10/site-packages'
[5.189s] Level 1:colcon.colcon_core.shell:create_environment_hook('cartographer_slam', 'pythonpath')
[5.214s] INFO:colcon.colcon_core.shell:Creating environment hook '/home/user/ros2_ws/install/cartographer_slam/share/cartographer_slam/hook/pythonpath.ps1'
[5.215s] INFO:colcon.colcon_core.shell:Creating environment descriptor '/home/user/ros2_ws/install/cartographer_slam/share/cartographer_slam/hook/pythonpath.dsv'
[5.215s] INFO:colcon.colcon_core.shell:Creating environment hook '/home/user/ros2_ws/install/cartographer_slam/share/cartographer_slam/hook/pythonpath.sh'
[5.216s] Level 1:colcon.colcon_core.environment:checking '/home/user/ros2_ws/install/cartographer_slam/bin'
[5.216s] Level 1:colcon.colcon_core.environment:create_environment_scripts_only(cartographer_slam)
[5.239s] INFO:colcon.colcon_core.shell:Creating package script '/home/user/ros2_ws/install/cartographer_slam/share/cartographer_slam/package.ps1'
[5.241s] INFO:colcon.colcon_core.shell:Creating package descriptor '/home/user/ros2_ws/install/cartographer_slam/share/cartographer_slam/package.dsv'
[5.242s] INFO:colcon.colcon_core.shell:Creating package script '/home/user/ros2_ws/install/cartographer_slam/share/cartographer_slam/package.sh'
[5.244s] INFO:colcon.colcon_core.shell:Creating package script '/home/user/ros2_ws/install/cartographer_slam/share/cartographer_slam/package.bash'
[5.245s] INFO:colcon.colcon_core.shell:Creating package script '/home/user/ros2_ws/install/cartographer_slam/share/cartographer_slam/package.zsh'
[5.247s] Level 1:colcon.colcon_core.environment:create_file_with_runtime_dependencies(/home/user/ros2_ws/install/cartographer_slam/share/colcon-core/packages/cartographer_slam)
[5.247s] DEBUG:colcon.colcon_parallel_executor.executor.parallel:closing loop
[5.248s] DEBUG:colcon.colcon_parallel_executor.executor.parallel:loop closed
[5.249s] DEBUG:colcon.colcon_parallel_executor.executor.parallel:run_until_complete finished with '0'
[5.249s] DEBUG:colcon.colcon_core.event_reactor:joining thread
[5.274s] INFO:colcon.colcon_core.plugin_system:Skipping extension 'colcon_notification.desktop_notification.notify_send': Could not find 'notify-send'
[5.274s] INFO:colcon.colcon_core.plugin_system:Skipping extension 'colcon_notification.desktop_notification.terminal_notifier': Not used on non-Darwin systems
[5.275s] INFO:colcon.colcon_core.plugin_system:Skipping extension 'colcon_notification.desktop_notification.win32': Not used on non-Windows systems
[5.275s] INFO:colcon.colcon_notification.desktop_notification:Sending desktop notification using 'notify2'
[5.278s] DEBUG:colcon.colcon_notification.desktop_notification.notify2:Failed to initialize notify2: org.freedesktop.DBus.Error.Spawn.ExecFailed: /usr/bin/dbus-launch terminated abnormally without any error message
[5.282s] DEBUG:colcon.colcon_core.event_reactor:joined thread
[5.307s] INFO:colcon.colcon_core.shell:Creating prefix script '/home/user/ros2_ws/install/local_setup.ps1'
[5.309s] INFO:colcon.colcon_core.shell:Creating prefix util module '/home/user/ros2_ws/install/_local_setup_util_ps1.py'
[5.311s] INFO:colcon.colcon_core.shell:Creating prefix chain script '/home/user/ros2_ws/install/setup.ps1'
[5.335s] INFO:colcon.colcon_core.shell:Creating prefix script '/home/user/ros2_ws/install/local_setup.sh'
[5.335s] INFO:colcon.colcon_core.shell:Creating prefix util module '/home/user/ros2_ws/install/_local_setup_util_sh.py'
[5.336s] INFO:colcon.colcon_core.shell:Creating prefix chain script '/home/user/ros2_ws/install/setup.sh'
[5.354s] INFO:colcon.colcon_core.shell:Creating prefix script '/home/user/ros2_ws/install/local_setup.bash'
[5.355s] INFO:colcon.colcon_core.shell:Creating prefix chain script '/home/user/ros2_ws/install/setup.bash'
[5.371s] INFO:colcon.colcon_core.shell:Creating prefix script '/home/user/ros2_ws/install/local_setup.zsh'
[5.372s] INFO:colcon.colcon_core.shell:Creating prefix chain script '/home/user/ros2_ws/install/setup.zsh'
