[5.115s] Invoking command in '/home/user/ros2_ws/src/localization_server': PYTHONPATH=/home/user/ros2_ws/build/localization_server/prefix_override:/home/user/ros2_ws/install/localization_server/lib/python3.10/site-packages:${PYTHONPATH} _=/usr/bin/env /usr/bin/python3 setup.py egg_info --egg-base ../../build/localization_server build --build-base /home/user/ros2_ws/build/localization_server/build install --record /home/user/ros2_ws/build/localization_server/install.log --single-version-externally-managed
[5.414s] running egg_info
[5.415s] creating ../../build/localization_server/localization_server.egg-info
[5.415s] writing ../../build/localization_server/localization_server.egg-info/PKG-INFO
[5.416s] writing dependency_links to ../../build/localization_server/localization_server.egg-info/dependency_links.txt
[5.416s] writing entry points to ../../build/localization_server/localization_server.egg-info/entry_points.txt
[5.416s] writing requirements to ../../build/localization_server/localization_server.egg-info/requires.txt
[5.416s] writing top-level names to ../../build/localization_server/localization_server.egg-info/top_level.txt
[5.417s] writing manifest file '../../build/localization_server/localization_server.egg-info/SOURCES.txt'
[5.417s] reading manifest file '../../build/localization_server/localization_server.egg-info/SOURCES.txt'
[5.418s] writing manifest file '../../build/localization_server/localization_server.egg-info/SOURCES.txt'
[5.418s] running build
[5.418s] running build_py
[5.419s] creating /home/user/ros2_ws/build/localization_server/build
[5.419s] creating /home/user/ros2_ws/build/localization_server/build/lib
[5.419s] creating /home/user/ros2_ws/build/localization_server/build/lib/localization_server
[5.419s] copying localization_server/__init__.py -> /home/user/ros2_ws/build/localization_server/build/lib/localization_server
[5.419s] running install
[5.420s] /usr/lib/python3/dist-packages/setuptools/command/install.py:34: SetuptoolsDeprecationWarning: setup.py install is deprecated. Use build and pip and other standards-based tools.
[5.420s]   warnings.warn(
[5.420s] running install_lib
[5.420s] creating /home/user/ros2_ws/install/localization_server/lib/python3.10/site-packages/localization_server
[5.421s] copying /home/user/ros2_ws/build/localization_server/build/lib/localization_server/__init__.py -> /home/user/ros2_ws/install/localization_server/lib/python3.10/site-packages/localization_server
[5.421s] byte-compiling /home/user/ros2_ws/install/localization_server/lib/python3.10/site-packages/localization_server/__init__.py to __init__.cpython-310.pyc
[5.421s] running install_data
[5.422s] creating /home/user/ros2_ws/install/localization_server/share/ament_index
[5.422s] creating /home/user/ros2_ws/install/localization_server/share/ament_index/resource_index
[5.422s] creating /home/user/ros2_ws/install/localization_server/share/ament_index/resource_index/packages
[5.422s] copying resource/localization_server -> /home/user/ros2_ws/install/localization_server/share/ament_index/resource_index/packages
[5.422s] copying package.xml -> /home/user/ros2_ws/install/localization_server/share/localization_server
[5.422s] creating /home/user/ros2_ws/install/localization_server/share/localization_server/launch
[5.423s] copying launch/localization.launch.py -> /home/user/ros2_ws/install/localization_server/share/localization_server/launch
[5.423s] creating /home/user/ros2_ws/install/localization_server/share/localization_server/config
[5.423s] copying config/amcl_config.yaml -> /home/user/ros2_ws/install/localization_server/share/localization_server/config
[5.423s] running install_egg_info
[5.424s] Copying ../../build/localization_server/localization_server.egg-info to /home/user/ros2_ws/install/localization_server/lib/python3.10/site-packages/localization_server-0.0.0-py3.10.egg-info
[5.425s] running install_scripts
[5.451s] writing list of installed files to '/home/user/ros2_ws/build/localization_server/install.log'
[5.486s] Invoked command in '/home/user/ros2_ws/src/localization_server' returned '0': PYTHONPATH=/home/user/ros2_ws/build/localization_server/prefix_override:/home/user/ros2_ws/install/localization_server/lib/python3.10/site-packages:${PYTHONPATH} _=/usr/bin/env /usr/bin/python3 setup.py egg_info --egg-base ../../build/localization_server build --build-base /home/user/ros2_ws/build/localization_server/build install --record /home/user/ros2_ws/build/localization_server/install.log --single-version-externally-managed
