[0.934s] Invoking command in '/home/user/ros2_ws/src/map_server': PYTHONPATH=/home/user/ros2_ws/build/map_server/prefix_override:/home/user/ros2_ws/install/map_server/lib/python3.10/site-packages:${PYTHONPATH} _=/usr/bin/env /usr/bin/python3 setup.py egg_info --egg-base ../../build/map_server build --build-base /home/user/ros2_ws/build/map_server/build install --record /home/user/ros2_ws/build/map_server/install.log --single-version-externally-managed
[1.247s] running egg_info
[1.248s] writing ../../build/map_server/map_server.egg-info/PKG-INFO
[1.248s] writing dependency_links to ../../build/map_server/map_server.egg-info/dependency_links.txt
[1.248s] writing entry points to ../../build/map_server/map_server.egg-info/entry_points.txt
[1.249s] writing requirements to ../../build/map_server/map_server.egg-info/requires.txt
[1.249s] writing top-level names to ../../build/map_server/map_server.egg-info/top_level.txt
[1.251s] reading manifest file '../../build/map_server/map_server.egg-info/SOURCES.txt'
[1.252s] writing manifest file '../../build/map_server/map_server.egg-info/SOURCES.txt'
[1.252s] running build
[1.252s] running build_py
[1.252s] running install
[1.252s] /usr/lib/python3/dist-packages/setuptools/command/install.py:34: SetuptoolsDeprecationWarning: setup.py install is deprecated. Use build and pip and other standards-based tools.
[1.253s]   warnings.warn(
[1.253s] running install_lib
[1.254s] running install_data
[1.255s] copying launch/nav2_map_server.launch.py -> /home/user/ros2_ws/install/map_server/share/map_server/launch
[1.255s] running install_egg_info
[1.257s] removing '/home/user/ros2_ws/install/map_server/lib/python3.10/site-packages/map_server-0.0.0-py3.10.egg-info' (and everything under it)
[1.257s] Copying ../../build/map_server/map_server.egg-info to /home/user/ros2_ws/install/map_server/lib/python3.10/site-packages/map_server-0.0.0-py3.10.egg-info
[1.258s] running install_scripts
[1.286s] writing list of installed files to '/home/user/ros2_ws/build/map_server/install.log'
[1.314s] Invoked command in '/home/user/ros2_ws/src/map_server' returned '0': PYTHONPATH=/home/user/ros2_ws/build/map_server/prefix_override:/home/user/ros2_ws/install/map_server/lib/python3.10/site-packages:${PYTHONPATH} _=/usr/bin/env /usr/bin/python3 setup.py egg_info --egg-base ../../build/map_server build --build-base /home/user/ros2_ws/build/map_server/build install --record /home/user/ros2_ws/build/map_server/install.log --single-version-externally-managed
