[5.780s] Invoking command in '/home/user/ros2_ws/src/map_server': PYTHONPATH=/home/user/ros2_ws/build/map_server/prefix_override:/home/user/ros2_ws/install/map_server/lib/python3.10/site-packages:${PYTHONPATH} _=/usr/bin/env /usr/bin/python3 setup.py egg_info --egg-base ../../build/map_server build --build-base /home/user/ros2_ws/build/map_server/build install --record /home/user/ros2_ws/build/map_server/install.log --single-version-externally-managed
[7.142s] running egg_info
[7.146s] writing ../../build/map_server/map_server.egg-info/PKG-INFO
[7.146s] writing dependency_links to ../../build/map_server/map_server.egg-info/dependency_links.txt
[7.147s] writing entry points to ../../build/map_server/map_server.egg-info/entry_points.txt
[7.147s] writing requirements to ../../build/map_server/map_server.egg-info/requires.txt
[7.148s] writing top-level names to ../../build/map_server/map_server.egg-info/top_level.txt
[7.159s] reading manifest file '../../build/map_server/map_server.egg-info/SOURCES.txt'
[7.162s] /usr/lib/python3/dist-packages/setuptools/command/install.py:34: SetuptoolsDeprecationWarning: setup.py install is deprecated. Use build and pip and other standards-based tools.
[7.163s]   warnings.warn(
[7.169s] writing manifest file '../../build/map_server/map_server.egg-info/SOURCES.txt'
[7.169s] running build
[7.170s] running build_py
[7.170s] running install
[7.170s] running install_lib
[7.241s] running install_data
[7.249s] running install_egg_info
[7.249s] removing '/home/user/ros2_ws/install/map_server/lib/python3.10/site-packages/map_server-0.0.0-py3.10.egg-info' (and everything under it)
[7.256s] Copying ../../build/map_server/map_server.egg-info to /home/user/ros2_ws/install/map_server/lib/python3.10/site-packages/map_server-0.0.0-py3.10.egg-info
[7.256s] running install_scripts
[7.258s] writing list of installed files to '/home/user/ros2_ws/build/map_server/install.log'
[7.501s] Invoked command in '/home/user/ros2_ws/src/map_server' returned '0': PYTHONPATH=/home/user/ros2_ws/build/map_server/prefix_override:/home/user/ros2_ws/install/map_server/lib/python3.10/site-packages:${PYTHONPATH} _=/usr/bin/env /usr/bin/python3 setup.py egg_info --egg-base ../../build/map_server build --build-base /home/user/ros2_ws/build/map_server/build install --record /home/user/ros2_ws/build/map_server/install.log --single-version-externally-managed
