[5.233s] Invoking command in '/home/user/ros2_ws/src/ros2_nav_files/nav2_project': PYTHONPATH=/home/user/ros2_ws/build/nav2_project/prefix_override:/home/user/ros2_ws/install/nav2_project/lib/python3.10/site-packages:${PYTHONPATH} _=/usr/bin/env /usr/bin/python3 setup.py egg_info --egg-base ../../../build/nav2_project build --build-base /home/user/ros2_ws/build/nav2_project/build install --record /home/user/ros2_ws/build/nav2_project/install.log --install-scripts $base/lib/nav2_project --single-version-externally-managed
[6.407s] /usr/lib/python3/dist-packages/setuptools/dist.py:723: UserWarning: Usage of dash-separated 'script-dir' will not be supported in future versions. Please use the underscore name 'script_dir' instead
[6.407s]   warnings.warn(
[6.422s] running egg_info
[6.423s] writing ../../../build/nav2_project/nav2_project.egg-info/PKG-INFO
[6.424s] writing dependency_links to ../../../build/nav2_project/nav2_project.egg-info/dependency_links.txt
[6.424s] writing entry points to ../../../build/nav2_project/nav2_project.egg-info/entry_points.txt
[6.425s] writing requirements to ../../../build/nav2_project/nav2_project.egg-info/requires.txt
[6.426s] writing top-level names to ../../../build/nav2_project/nav2_project.egg-info/top_level.txt
[6.436s] reading manifest file '../../../build/nav2_project/nav2_project.egg-info/SOURCES.txt'
[6.436s] writing manifest file '../../../build/nav2_project/nav2_project.egg-info/SOURCES.txt'
[6.442s] running build
[6.442s] running build_py
[6.442s] /usr/lib/python3/dist-packages/setuptools/command/install.py:34: SetuptoolsDeprecationWarning: setup.py install is deprecated. Use build and pip and other standards-based tools.
[6.443s]   warnings.warn(
[6.443s] running install
[6.443s] running install_lib
[6.443s] running install_data
[6.451s] running install_egg_info
[6.474s] removing '/home/user/ros2_ws/install/nav2_project/lib/python3.10/site-packages/nav2_project-0.0.0-py3.10.egg-info' (and everything under it)
[6.474s] Copying ../../../build/nav2_project/nav2_project.egg-info to /home/user/ros2_ws/install/nav2_project/lib/python3.10/site-packages/nav2_project-0.0.0-py3.10.egg-info
[6.475s] running install_scripts
[6.517s] Installing go_to_pose script to /home/user/ros2_ws/install/nav2_project/lib/nav2_project
[6.517s] Installing spot_recorder script to /home/user/ros2_ws/install/nav2_project/lib/nav2_project
[6.517s] writing list of installed files to '/home/user/ros2_ws/build/nav2_project/install.log'
[6.611s] Invoked command in '/home/user/ros2_ws/src/ros2_nav_files/nav2_project' returned '0': PYTHONPATH=/home/user/ros2_ws/build/nav2_project/prefix_override:/home/user/ros2_ws/install/nav2_project/lib/python3.10/site-packages:${PYTHONPATH} _=/usr/bin/env /usr/bin/python3 setup.py egg_info --egg-base ../../../build/nav2_project build --build-base /home/user/ros2_ws/build/nav2_project/build install --record /home/user/ros2_ws/build/nav2_project/install.log --install-scripts $base/lib/nav2_project --single-version-externally-managed
