[5.296s] Invoking command in '/home/user/ros2_ws/src/path_planner_server': PYTHONPATH=/home/user/ros2_ws/build/path_planner_server/prefix_override:/home/user/ros2_ws/install/path_planner_server/lib/python3.10/site-packages:${PYTHONPATH} _=/usr/bin/env /usr/bin/python3 setup.py egg_info --egg-base ../../build/path_planner_server build --build-base /home/user/ros2_ws/build/path_planner_server/build install --record /home/user/ros2_ws/build/path_planner_server/install.log --single-version-externally-managed
[6.689s] running egg_info
[6.691s] writing ../../build/path_planner_server/path_planner_server.egg-info/PKG-INFO
[6.692s] writing dependency_links to ../../build/path_planner_server/path_planner_server.egg-info/dependency_links.txt
[6.693s] writing entry points to ../../build/path_planner_server/path_planner_server.egg-info/entry_points.txt
[6.694s] writing requirements to ../../build/path_planner_server/path_planner_server.egg-info/requires.txt
[6.695s] writing top-level names to ../../build/path_planner_server/path_planner_server.egg-info/top_level.txt
[6.700s] reading manifest file '../../build/path_planner_server/path_planner_server.egg-info/SOURCES.txt'
[6.702s] writing manifest file '../../build/path_planner_server/path_planner_server.egg-info/SOURCES.txt'
[6.702s] running build
[6.702s] running build_py
[6.767s] running install
[6.767s] /usr/lib/python3/dist-packages/setuptools/command/install.py:34: SetuptoolsDeprecationWarning: setup.py install is deprecated. Use build and pip and other standards-based tools.
[6.770s]   warnings.warn(
[6.770s] running install_lib
[6.771s] running install_data
[6.776s] copying launch/pathplanner.launch.py -> /home/user/ros2_ws/install/path_planner_server/share/path_planner_server/launch
[6.777s] running install_egg_info
[6.779s] removing '/home/user/ros2_ws/install/path_planner_server/lib/python3.10/site-packages/path_planner_server-0.0.0-py3.10.egg-info' (and everything under it)
[6.783s] Copying ../../build/path_planner_server/path_planner_server.egg-info to /home/user/ros2_ws/install/path_planner_server/lib/python3.10/site-packages/path_planner_server-0.0.0-py3.10.egg-info
[6.784s] running install_scripts
[6.882s] writing list of installed files to '/home/user/ros2_ws/build/path_planner_server/install.log'
[7.014s] Invoked command in '/home/user/ros2_ws/src/path_planner_server' returned '0': PYTHONPATH=/home/user/ros2_ws/build/path_planner_server/prefix_override:/home/user/ros2_ws/install/path_planner_server/lib/python3.10/site-packages:${PYTHONPATH} _=/usr/bin/env /usr/bin/python3 setup.py egg_info --egg-base ../../build/path_planner_server build --build-base /home/user/ros2_ws/build/path_planner_server/build install --record /home/user/ros2_ws/build/path_planner_server/install.log --single-version-externally-managed
