[3.391s] Invoking command in '/home/user/ros2_ws/src/path_planner_server': PYTHONPATH=/home/user/ros2_ws/build/path_planner_server/prefix_override:/home/user/ros2_ws/install/path_planner_server/lib/python3.10/site-packages:${PYTHONPATH} _=/usr/bin/env /usr/bin/python3 setup.py egg_info --egg-base ../../build/path_planner_server build --build-base /home/user/ros2_ws/build/path_planner_server/build install --record /home/user/ros2_ws/build/path_planner_server/install.log --single-version-externally-managed
[4.371s] running egg_info
[4.373s] writing ../../build/path_planner_server/path_planner_server.egg-info/PKG-INFO
[4.374s] writing dependency_links to ../../build/path_planner_server/path_planner_server.egg-info/dependency_links.txt
[4.375s] writing entry points to ../../build/path_planner_server/path_planner_server.egg-info/entry_points.txt
[4.375s] writing requirements to ../../build/path_planner_server/path_planner_server.egg-info/requires.txt
[4.375s] writing top-level names to ../../build/path_planner_server/path_planner_server.egg-info/top_level.txt
[4.378s] reading manifest file '../../build/path_planner_server/path_planner_server.egg-info/SOURCES.txt'
[4.380s] writing manifest file '../../build/path_planner_server/path_planner_server.egg-info/SOURCES.txt'
[4.380s] running build
[4.380s] running build_py
[4.381s] running install
[4.381s] /usr/lib/python3/dist-packages/setuptools/command/install.py:34: SetuptoolsDeprecationWarning: setup.py install is deprecated. Use build and pip and other standards-based tools.
[4.381s]   warnings.warn(
[4.381s] running install_lib
[4.383s] running install_data
[4.384s] copying launch/start_rviz.launch.py -> /home/user/ros2_ws/install/path_planner_server/share/path_planner_server/launch
[4.384s] running install_egg_info
[4.388s] removing '/home/user/ros2_ws/install/path_planner_server/lib/python3.10/site-packages/path_planner_server-0.0.0-py3.10.egg-info' (and everything under it)
[4.388s] Copying ../../build/path_planner_server/path_planner_server.egg-info to /home/user/ros2_ws/install/path_planner_server/lib/python3.10/site-packages/path_planner_server-0.0.0-py3.10.egg-info
[4.389s] running install_scripts
[4.477s] Installing nav_to_pose script to /home/user/ros2_ws/install/path_planner_server/lib/path_planner_server
[4.477s] writing list of installed files to '/home/user/ros2_ws/build/path_planner_server/install.log'
[4.620s] Invoked command in '/home/user/ros2_ws/src/path_planner_server' returned '0': PYTHONPATH=/home/user/ros2_ws/build/path_planner_server/prefix_override:/home/user/ros2_ws/install/path_planner_server/lib/python3.10/site-packages:${PYTHONPATH} _=/usr/bin/env /usr/bin/python3 setup.py egg_info --egg-base ../../build/path_planner_server build --build-base /home/user/ros2_ws/build/path_planner_server/build install --record /home/user/ros2_ws/build/path_planner_server/install.log --single-version-externally-managed
