running develop
Removing /home/user/ros2_ws/install/path_planner_server/lib/python3.10/site-packages/path-planner-server.egg-link (link to .)
running egg_info
writing ../../build/path_planner_server/path_planner_server.egg-info/PKG-INFO
writing dependency_links to ../../build/path_planner_server/path_planner_server.egg-info/dependency_links.txt
writing entry points to ../../build/path_planner_server/path_planner_server.egg-info/entry_points.txt
writing requirements to ../../build/path_planner_server/path_planner_server.egg-info/requires.txt
writing top-level names to ../../build/path_planner_server/path_planner_server.egg-info/top_level.txt
reading manifest file '../../build/path_planner_server/path_planner_server.egg-info/SOURCES.txt'
writing manifest file '../../build/path_planner_server/path_planner_server.egg-info/SOURCES.txt'
running build
running build_py
creating /home/user/ros2_ws/build/path_planner_server/build
creating /home/user/ros2_ws/build/path_planner_server/build/lib
creating /home/user/ros2_ws/build/path_planner_server/build/lib/path_planner_server
copying path_planner_server/__init__.py -> /home/user/ros2_ws/build/path_planner_server/build/lib/path_planner_server
running install
running install_lib
creating /home/user/ros2_ws/install/path_planner_server/lib/python3.10/site-packages/path_planner_server
copying /home/user/ros2_ws/build/path_planner_server/build/lib/path_planner_server/__init__.py -> /home/user/ros2_ws/install/path_planner_server/lib/python3.10/site-packages/path_planner_server
byte-compiling /home/user/ros2_ws/install/path_planner_server/lib/python3.10/site-packages/path_planner_server/__init__.py to __init__.cpython-310.pyc
running install_data
copying launch/pathplanner.launch.py -> /home/user/ros2_ws/install/path_planner_server/share/path_planner_server/launch
running install_egg_info
Copying ../../build/path_planner_server/path_planner_server.egg-info to /home/user/ros2_ws/install/path_planner_server/lib/python3.10/site-packages/path_planner_server-0.0.0-py3.10.egg-info
running install_scripts
writing list of installed files to '/home/user/ros2_ws/build/path_planner_server/install.log'
