[5.931s] Invoking command in '/home/user/ros2_ws/build/path_planner_server': PYTHONPATH=/home/user/ros2_ws/build/path_planner_server/prefix_override:/home/user/ros2_ws/install/path_planner_server/lib/python3.10/site-packages:${PYTHONPATH} _=/usr/bin/env /usr/bin/python3 setup.py develop --uninstall --editable --build-directory /home/user/ros2_ws/build/path_planner_server/build
[6.938s] running develop
[6.939s] /usr/lib/python3/dist-packages/setuptools/command/easy_install.py:158: EasyInstallDeprecationWarning: easy_install command is deprecated. Use build and pip and other standards-based tools.
[6.939s]   warnings.warn(
[6.940s] /usr/lib/python3/dist-packages/setuptools/command/install.py:34: SetuptoolsDeprecationWarning: setup.py install is deprecated. Use build and pip and other standards-based tools.
[6.940s]   warnings.warn(
[7.259s] Removing /home/user/ros2_ws/install/path_planner_server/lib/python3.10/site-packages/path-planner-server.egg-link (link to .)
[7.305s] Invoked command in '/home/user/ros2_ws/build/path_planner_server' returned '0': PYTHONPATH=/home/user/ros2_ws/build/path_planner_server/prefix_override:/home/user/ros2_ws/install/path_planner_server/lib/python3.10/site-packages:${PYTHONPATH} _=/usr/bin/env /usr/bin/python3 setup.py develop --uninstall --editable --build-directory /home/user/ros2_ws/build/path_planner_server/build
[7.311s] Invoking command in '/home/user/ros2_ws/src/path_planner_server': PYTHONPATH=/home/user/ros2_ws/build/path_planner_server/prefix_override:/home/user/ros2_ws/install/path_planner_server/lib/python3.10/site-packages:${PYTHONPATH} _=/usr/bin/env /usr/bin/python3 setup.py egg_info --egg-base ../../build/path_planner_server build --build-base /home/user/ros2_ws/build/path_planner_server/build install --record /home/user/ros2_ws/build/path_planner_server/install.log --single-version-externally-managed
[7.703s] running egg_info
[7.704s] writing ../../build/path_planner_server/path_planner_server.egg-info/PKG-INFO
[7.705s] writing dependency_links to ../../build/path_planner_server/path_planner_server.egg-info/dependency_links.txt
[7.705s] writing entry points to ../../build/path_planner_server/path_planner_server.egg-info/entry_points.txt
[7.705s] writing requirements to ../../build/path_planner_server/path_planner_server.egg-info/requires.txt
[7.705s] writing top-level names to ../../build/path_planner_server/path_planner_server.egg-info/top_level.txt
[7.707s] reading manifest file '../../build/path_planner_server/path_planner_server.egg-info/SOURCES.txt'
[7.721s] writing manifest file '../../build/path_planner_server/path_planner_server.egg-info/SOURCES.txt'
[7.722s] running build
[7.722s] running build_py
[7.722s] creating /home/user/ros2_ws/build/path_planner_server/build
[7.722s] creating /home/user/ros2_ws/build/path_planner_server/build/lib
[7.722s] creating /home/user/ros2_ws/build/path_planner_server/build/lib/path_planner_server
[7.722s] copying path_planner_server/__init__.py -> /home/user/ros2_ws/build/path_planner_server/build/lib/path_planner_server
[7.722s] /usr/lib/python3/dist-packages/setuptools/command/install.py:34: SetuptoolsDeprecationWarning: setup.py install is deprecated. Use build and pip and other standards-based tools.
[7.723s]   warnings.warn(
[7.723s] running install
[7.723s] running install_lib
[7.723s] creating /home/user/ros2_ws/install/path_planner_server/lib/python3.10/site-packages/path_planner_server
[7.723s] copying /home/user/ros2_ws/build/path_planner_server/build/lib/path_planner_server/__init__.py -> /home/user/ros2_ws/install/path_planner_server/lib/python3.10/site-packages/path_planner_server
[7.724s] byte-compiling /home/user/ros2_ws/install/path_planner_server/lib/python3.10/site-packages/path_planner_server/__init__.py to __init__.cpython-310.pyc
[7.724s] running install_data
[7.726s] copying launch/pathplanner.launch.py -> /home/user/ros2_ws/install/path_planner_server/share/path_planner_server/launch
[7.726s] running install_egg_info
[7.728s] Copying ../../build/path_planner_server/path_planner_server.egg-info to /home/user/ros2_ws/install/path_planner_server/lib/python3.10/site-packages/path_planner_server-0.0.0-py3.10.egg-info
[7.731s] running install_scripts
[7.759s] writing list of installed files to '/home/user/ros2_ws/build/path_planner_server/install.log'
[7.801s] Invoked command in '/home/user/ros2_ws/src/path_planner_server' returned '0': PYTHONPATH=/home/user/ros2_ws/build/path_planner_server/prefix_override:/home/user/ros2_ws/install/path_planner_server/lib/python3.10/site-packages:${PYTHONPATH} _=/usr/bin/env /usr/bin/python3 setup.py egg_info --egg-base ../../build/path_planner_server build --build-base /home/user/ros2_ws/build/path_planner_server/build install --record /home/user/ros2_ws/build/path_planner_server/install.log --single-version-externally-managed
