[5.052s] Invoking command in '/home/user/ros2_ws/src/map_server': PYTHONPATH=/home/user/ros2_ws/build/map_server/prefix_override:/home/user/ros2_ws/install/map_server/lib/python3.10/site-packages:${PYTHONPATH} _=/usr/bin/env /usr/bin/python3 setup.py egg_info --egg-base ../../build/map_server build --build-base /home/user/ros2_ws/build/map_server/build install --record /home/user/ros2_ws/build/map_server/install.log --single-version-externally-managed
[6.362s] running egg_info
[6.363s] writing ../../build/map_server/map_server.egg-info/PKG-INFO
[6.364s] writing dependency_links to ../../build/map_server/map_server.egg-info/dependency_links.txt
[6.364s] writing entry points to ../../build/map_server/map_server.egg-info/entry_points.txt
[6.367s] writing requirements to ../../build/map_server/map_server.egg-info/requires.txt
[6.368s] writing top-level names to ../../build/map_server/map_server.egg-info/top_level.txt
[6.369s] reading manifest file '../../build/map_server/map_server.egg-info/SOURCES.txt'
[6.370s] writing manifest file '../../build/map_server/map_server.egg-info/SOURCES.txt'
[6.370s] running build
[6.370s] running build_py
[6.371s] running install
[6.432s] /usr/lib/python3/dist-packages/setuptools/command/install.py:34: SetuptoolsDeprecationWarning: setup.py install is deprecated. Use build and pip and other standards-based tools.
[6.432s]   warnings.warn(
[6.432s] running install_lib
[6.432s] running install_data
[6.432s] running install_egg_info
[6.433s] removing '/home/user/ros2_ws/install/map_server/lib/python3.10/site-packages/map_server-0.0.0-py3.10.egg-info' (and everything under it)
[6.433s] Copying ../../build/map_server/map_server.egg-info to /home/user/ros2_ws/install/map_server/lib/python3.10/site-packages/map_server-0.0.0-py3.10.egg-info
[6.435s] running install_scripts
[6.537s] writing list of installed files to '/home/user/ros2_ws/build/map_server/install.log'
[6.670s] Invoked command in '/home/user/ros2_ws/src/map_server' returned '0': PYTHONPATH=/home/user/ros2_ws/build/map_server/prefix_override:/home/user/ros2_ws/install/map_server/lib/python3.10/site-packages:${PYTHONPATH} _=/usr/bin/env /usr/bin/python3 setup.py egg_info --egg-base ../../build/map_server build --build-base /home/user/ros2_ws/build/map_server/build install --record /home/user/ros2_ws/build/map_server/install.log --single-version-externally-managed
