[7.517s] Invoking command in '/home/user/ros2_ws/src/localization_server': PYTHONPATH=/home/user/ros2_ws/build/localization_server/prefix_override:/home/user/ros2_ws/install/localization_server/lib/python3.10/site-packages:${PYTHONPATH} _=/usr/bin/env /usr/bin/python3 setup.py egg_info --egg-base ../../build/localization_server build --build-base /home/user/ros2_ws/build/localization_server/build install --record /home/user/ros2_ws/build/localization_server/install.log --single-version-externally-managed
[9.002s] running egg_info
[9.002s] writing ../../build/localization_server/localization_server.egg-info/PKG-INFO
[9.002s] writing dependency_links to ../../build/localization_server/localization_server.egg-info/dependency_links.txt
[9.003s] writing entry points to ../../build/localization_server/localization_server.egg-info/entry_points.txt
[9.003s] writing requirements to ../../build/localization_server/localization_server.egg-info/requires.txt
[9.003s] writing top-level names to ../../build/localization_server/localization_server.egg-info/top_level.txt
[9.007s] reading manifest file '../../build/localization_server/localization_server.egg-info/SOURCES.txt'
[9.008s] writing manifest file '../../build/localization_server/localization_server.egg-info/SOURCES.txt'
[9.008s] running build
[9.008s] running build_py
[9.008s] running install
[9.009s] running install_lib
[9.009s] /usr/lib/python3/dist-packages/setuptools/command/install.py:34: SetuptoolsDeprecationWarning: setup.py install is deprecated. Use build and pip and other standards-based tools.
[9.009s]   warnings.warn(
[9.009s] running install_data
[9.075s] running install_egg_info
[9.075s] removing '/home/user/ros2_ws/install/localization_server/lib/python3.10/site-packages/localization_server-0.0.0-py3.10.egg-info' (and everything under it)
[9.076s] Copying ../../build/localization_server/localization_server.egg-info to /home/user/ros2_ws/install/localization_server/lib/python3.10/site-packages/localization_server-0.0.0-py3.10.egg-info
[9.079s] running install_scripts
[9.178s] Installing initial_pose_pub script to /home/user/ros2_ws/install/localization_server/lib/localization_server
[9.179s] writing list of installed files to '/home/user/ros2_ws/build/localization_server/install.log'
[9.293s] Invoked command in '/home/user/ros2_ws/src/localization_server' returned '0': PYTHONPATH=/home/user/ros2_ws/build/localization_server/prefix_override:/home/user/ros2_ws/install/localization_server/lib/python3.10/site-packages:${PYTHONPATH} _=/usr/bin/env /usr/bin/python3 setup.py egg_info --egg-base ../../build/localization_server build --build-base /home/user/ros2_ws/build/localization_server/build install --record /home/user/ros2_ws/build/localization_server/install.log --single-version-externally-managed
