[2.611s] Invoking command in '/home/user/ros2_ws/src/localization_server': PYTHONPATH=/home/user/ros2_ws/build/localization_server/prefix_override:/home/user/ros2_ws/install/localization_server/lib/python3.10/site-packages:${PYTHONPATH} _=/usr/bin/env /usr/bin/python3 setup.py egg_info --egg-base ../../build/localization_server build --build-base /home/user/ros2_ws/build/localization_server/build install --record /home/user/ros2_ws/build/localization_server/install.log --single-version-externally-managed
[3.320s] running egg_info
[3.320s] writing ../../build/localization_server/localization_server.egg-info/PKG-INFO
[3.320s] writing dependency_links to ../../build/localization_server/localization_server.egg-info/dependency_links.txt
[3.321s] writing entry points to ../../build/localization_server/localization_server.egg-info/entry_points.txt
[3.321s] writing requirements to ../../build/localization_server/localization_server.egg-info/requires.txt
[3.321s] writing top-level names to ../../build/localization_server/localization_server.egg-info/top_level.txt
[3.321s] reading manifest file '../../build/localization_server/localization_server.egg-info/SOURCES.txt'
[3.323s] writing manifest file '../../build/localization_server/localization_server.egg-info/SOURCES.txt'
[3.323s] running build
[3.323s] running build_py
[3.324s] running install
[3.324s] running install_lib
[3.324s] /usr/lib/python3/dist-packages/setuptools/command/install.py:34: SetuptoolsDeprecationWarning: setup.py install is deprecated. Use build and pip and other standards-based tools.
[3.324s]   warnings.warn(
[3.325s] running install_data
[3.326s] copying launch/init_robot.launch.py -> /home/user/ros2_ws/install/localization_server/share/localization_server/launch
[3.326s] running install_egg_info
[3.328s] removing '/home/user/ros2_ws/install/localization_server/lib/python3.10/site-packages/localization_server-0.0.0-py3.10.egg-info' (and everything under it)
[3.329s] Copying ../../build/localization_server/localization_server.egg-info to /home/user/ros2_ws/install/localization_server/lib/python3.10/site-packages/localization_server-0.0.0-py3.10.egg-info
[3.330s] running install_scripts
[3.410s] Installing initial_pose_pub script to /home/user/ros2_ws/install/localization_server/lib/localization_server
[3.411s] writing list of installed files to '/home/user/ros2_ws/build/localization_server/install.log'
[3.438s] Invoked command in '/home/user/ros2_ws/src/localization_server' returned '0': PYTHONPATH=/home/user/ros2_ws/build/localization_server/prefix_override:/home/user/ros2_ws/install/localization_server/lib/python3.10/site-packages:${PYTHONPATH} _=/usr/bin/env /usr/bin/python3 setup.py egg_info --egg-base ../../build/localization_server build --build-base /home/user/ros2_ws/build/localization_server/build install --record /home/user/ros2_ws/build/localization_server/install.log --single-version-externally-managed
